#
# There is insufficient memory for the Java Runtime Environment to continue.
# Native memory allocation (malloc) failed to allocate 136976 bytes for Chunk::new
# Possible reasons:
#   The system is out of physical RAM or swap space
#   The process is running with CompressedOops enabled, and the Java Heap may be blocking the growth of the native heap
# Possible solutions:
#   Reduce memory load on the system
#   Increase physical memory or swap space
#   Check if swap backing store is full
#   Decrease Java heap size (-Xmx/-Xms)
#   Decrease number of Java threads
#   Decrease Java thread stack sizes (-Xss)
#   Set larger code cache with -XX:ReservedCodeCacheSize=
#   JVM is running with Unscaled Compressed Oops mode in which the Java heap is
#     placed in the first 4GB address space. The Java Heap base address is the
#     maximum limit for the native heap growth. Please use -XX:HeapBaseMinAddress
#     to set the Java Heap base and to place the Java Heap above 4GB virtual address.
# This output file may be truncated or incomplete.
#
#  Out of Memory Error (arena.cpp:189), pid=2468, tid=7956
#
# JRE version: Java(TM) SE Runtime Environment (17.0.12+8) (build 17.0.12+8-LTS-286)
# Java VM: Java HotSpot(TM) 64-Bit Server VM (17.0.12+8-LTS-286, mixed mode, sharing, tiered, compressed oops, compressed class ptrs, g1 gc, windows-amd64)
# No core dump will be written. Minidumps are not enabled by default on client versions of Windows
#

---------------  S U M M A R Y ------------

Command Line: -javaagent:C:\Program Files\JetBrains\IntelliJ IDEA 2024.3.1\lib\idea_rt.jar=52852:C:\Program Files\JetBrains\IntelliJ IDEA 2024.3.1\bin -Dfile.encoding=UTF-8 org.emma.unit5.apimarketemma.ApiMarketEmmaApplication

Host: AMD Ryzen 5 3500U with Radeon Vega Mobile Gfx  , 8 cores, 5G,  Windows 10 , 64 bit Build 19041 (10.0.19041.5198)
Time: Sat Feb  8 18:15:44 2025 Hora estándar romance elapsed time: 22.948027 seconds (0d 0h 0m 22s)

---------------  T H R E A D  ---------------

Current thread (0x00000234d4247190):  JavaThread "C2 CompilerThread0" daemon [_thread_in_native, id=7956, stack(0x0000004756500000,0x0000004756600000)]


Current CompileTask:
C2:  22948 7304 %     4       java.math.MutableBigInteger::add @ 67 (346 bytes)

Stack: [0x0000004756500000,0x0000004756600000]
Native frames: (J=compiled Java code, j=interpreted, Vv=VM code, C=native code)
V  [jvm.dll+0x67a04a]
V  [jvm.dll+0x7da4ed]
V  [jvm.dll+0x7dbe33]
V  [jvm.dll+0x7dc4a3]
V  [jvm.dll+0x24508f]
V  [jvm.dll+0xab773]
V  [jvm.dll+0xabd3c]
V  [jvm.dll+0x2aa52f]
V  [jvm.dll+0x581eb9]
V  [jvm.dll+0x21f422]
V  [jvm.dll+0x21f81f]
V  [jvm.dll+0x218aa0]
V  [jvm.dll+0x215b65]
V  [jvm.dll+0x1a2960]
V  [jvm.dll+0x22610b]
V  [jvm.dll+0x2242ab]
V  [jvm.dll+0x79075c]
V  [jvm.dll+0x78abea]
V  [jvm.dll+0x678f35]
C  [ucrtbase.dll+0x21bb2]
C  [KERNEL32.DLL+0x17374]
C  [ntdll.dll+0x4cc91]


---------------  P R O C E S S  ---------------

Threads class SMR info:
_java_thread_list=0x000002351a759090, length=37, elements={
0x00000234d4223660, 0x00000234d42241f0, 0x00000234d42371f0, 0x00000234d4237ac0,
0x00000234d423a7b0, 0x00000234d423b080, 0x00000234d4247190, 0x00000234d424a020,
0x00000234d4256680, 0x00000234d4467f10, 0x00000234d4a0d790, 0x00000234d4a0dc70,
0x000002351a85af30, 0x000002351a7f9950, 0x00000234d4fcfa30, 0x000002351a88de40,
0x000002351acf64c0, 0x000002351acf6ee0, 0x000002351c651d90, 0x000002351c651370,
0x000002351c655f60, 0x000002351c6531d0, 0x000002351c6527b0, 0x000002351c653bf0,
0x000002351c6536e0, 0x000002351c656470, 0x000002351c655540, 0x000002351c6522a0,
0x000002351c655030, 0x000002351c656e90, 0x000002351c654100, 0x000002351c654610,
0x000002351c654b20, 0x000002351c655a50, 0x000002351c656980, 0x000002351c6573a0,
0x000002351f6fd100
}

Java Threads: ( => current thread )
  0x00000234d4223660 JavaThread "Reference Handler" daemon [_thread_blocked, id=5984, stack(0x0000004755f00000,0x0000004756000000)]
  0x00000234d42241f0 JavaThread "Finalizer" daemon [_thread_blocked, id=5552, stack(0x0000004756000000,0x0000004756100000)]
  0x00000234d42371f0 JavaThread "Signal Dispatcher" daemon [_thread_blocked, id=6936, stack(0x0000004756100000,0x0000004756200000)]
  0x00000234d4237ac0 JavaThread "Attach Listener" daemon [_thread_blocked, id=16236, stack(0x0000004756200000,0x0000004756300000)]
  0x00000234d423a7b0 JavaThread "Service Thread" daemon [_thread_blocked, id=14696, stack(0x0000004756300000,0x0000004756400000)]
  0x00000234d423b080 JavaThread "Monitor Deflation Thread" daemon [_thread_blocked, id=7232, stack(0x0000004756400000,0x0000004756500000)]
=>0x00000234d4247190 JavaThread "C2 CompilerThread0" daemon [_thread_in_native, id=7956, stack(0x0000004756500000,0x0000004756600000)]
  0x00000234d424a020 JavaThread "C1 CompilerThread0" daemon [_thread_blocked, id=3800, stack(0x0000004756600000,0x0000004756700000)]
  0x00000234d4256680 JavaThread "Sweeper thread" daemon [_thread_blocked, id=3096, stack(0x0000004756700000,0x0000004756800000)]
  0x00000234d4467f10 JavaThread "Common-Cleaner" daemon [_thread_blocked, id=12216, stack(0x0000004756800000,0x0000004756900000)]
  0x00000234d4a0d790 JavaThread "Monitor Ctrl-Break" daemon [_thread_in_native, id=1156, stack(0x0000004756b00000,0x0000004756c00000)]
  0x00000234d4a0dc70 JavaThread "Notification Thread" daemon [_thread_blocked, id=1360, stack(0x0000004756c00000,0x0000004756d00000)]
  0x000002351a85af30 JavaThread "RMI TCP Accept-0" daemon [_thread_in_native, id=10436, stack(0x0000004756e00000,0x0000004756f00000)]
  0x000002351a7f9950 JavaThread "RMI TCP Connection(1)-192.168.56.1" daemon [_thread_in_native, id=3852, stack(0x0000004756f00000,0x0000004757000000)]
  0x00000234d4fcfa30 JavaThread "RMI Scheduler(0)" daemon [_thread_blocked, id=15484, stack(0x0000004757000000,0x0000004757100000)]
  0x000002351a88de40 JavaThread "JMX server connection timeout 20" daemon [_thread_blocked, id=13016, stack(0x0000004757100000,0x0000004757200000)]
  0x000002351acf64c0 JavaThread "Catalina-utility-1" [_thread_blocked, id=12700, stack(0x0000004757b00000,0x0000004757c00000)]
  0x000002351acf6ee0 JavaThread "Catalina-utility-2" [_thread_blocked, id=13968, stack(0x0000004757c00000,0x0000004757d00000)]
  0x000002351c651d90 JavaThread "container-0" [_thread_blocked, id=8368, stack(0x0000004757e00000,0x0000004757f00000)]
  0x000002351c651370 JavaThread "PostgreSQL-JDBC-Cleaner" daemon [_thread_blocked, id=15796, stack(0x0000004758000000,0x0000004758100000)]
  0x000002351c655f60 JavaThread "HikariPool-1 housekeeper" daemon [_thread_blocked, id=14368, stack(0x0000004758100000,0x0000004758200000)]
  0x000002351c6531d0 JavaThread "File Watcher" daemon [_thread_blocked, id=14364, stack(0x0000004758600000,0x0000004758700000)]
  0x000002351c6527b0 JavaThread "Live Reload Server" daemon [_thread_in_native, id=15992, stack(0x0000004758800000,0x0000004758900000)]
  0x000002351c653bf0 JavaThread "https-jsse-nio-8081-exec-1" daemon [_thread_blocked, id=6692, stack(0x0000004758700000,0x0000004758800000)]
  0x000002351c6536e0 JavaThread "https-jsse-nio-8081-exec-2" daemon [_thread_in_Java, id=9728, stack(0x0000004758900000,0x0000004758a00000)]
  0x000002351c656470 JavaThread "https-jsse-nio-8081-exec-3" daemon [_thread_blocked, id=14516, stack(0x0000004758a00000,0x0000004758b00000)]
  0x000002351c655540 JavaThread "https-jsse-nio-8081-exec-4" daemon [_thread_blocked, id=15968, stack(0x0000004758b00000,0x0000004758c00000)]
  0x000002351c6522a0 JavaThread "https-jsse-nio-8081-exec-5" daemon [_thread_blocked, id=3796, stack(0x0000004758c00000,0x0000004758d00000)]
  0x000002351c655030 JavaThread "https-jsse-nio-8081-exec-6" daemon [_thread_blocked, id=10656, stack(0x0000004758d00000,0x0000004758e00000)]
  0x000002351c656e90 JavaThread "https-jsse-nio-8081-exec-7" daemon [_thread_blocked, id=1120, stack(0x0000004758e00000,0x0000004758f00000)]
  0x000002351c654100 JavaThread "https-jsse-nio-8081-exec-8" daemon [_thread_blocked, id=2232, stack(0x0000004758f00000,0x0000004759000000)]
  0x000002351c654610 JavaThread "https-jsse-nio-8081-exec-9" daemon [_thread_blocked, id=14744, stack(0x0000004759000000,0x0000004759100000)]
  0x000002351c654b20 JavaThread "https-jsse-nio-8081-exec-10" daemon [_thread_blocked, id=10716, stack(0x0000004759100000,0x0000004759200000)]
  0x000002351c655a50 JavaThread "https-jsse-nio-8081-Poller" daemon [_thread_in_native, id=4276, stack(0x0000004759200000,0x0000004759300000)]
  0x000002351c656980 JavaThread "https-jsse-nio-8081-Acceptor" daemon [_thread_in_native, id=5344, stack(0x0000004759300000,0x0000004759400000)]
  0x000002351c6573a0 JavaThread "DestroyJavaVM" [_thread_blocked, id=6944, stack(0x0000004755800000,0x0000004755900000)]
  0x000002351f6fd100 JavaThread "C2 CompilerThread1" daemon [_thread_in_native, id=14940, stack(0x0000004756900000,0x0000004756a00000)]

Other Threads:
  0x00000234d421d840 VMThread "VM Thread" [stack: 0x0000004755e00000,0x0000004755f00000] [id=1968]
  0x00000234b7470e90 WatcherThread [stack: 0x0000004756d00000,0x0000004756e00000] [id=2484]
  0x00000234b745abe0 GCTaskThread "GC Thread#0" [stack: 0x0000004755900000,0x0000004755a00000] [id=12536]
  0x000002351a7a7910 GCTaskThread "GC Thread#1" [stack: 0x0000004757200000,0x0000004757300000] [id=1524]
  0x000002351a7a6890 GCTaskThread "GC Thread#2" [stack: 0x0000004757300000,0x0000004757400000] [id=10360]
  0x000002351a7a7bd0 GCTaskThread "GC Thread#3" [stack: 0x0000004757400000,0x0000004757500000] [id=11196]
  0x000002351a7a6b50 GCTaskThread "GC Thread#4" [stack: 0x0000004757500000,0x0000004757600000] [id=3100]
  0x000002351a7a7390 GCTaskThread "GC Thread#5" [stack: 0x0000004757600000,0x0000004757700000] [id=6160]
  0x000002351a7a6050 GCTaskThread "GC Thread#6" [stack: 0x0000004757700000,0x0000004757800000] [id=5696]
  0x000002351a7a7650 GCTaskThread "GC Thread#7" [stack: 0x0000004757800000,0x0000004757900000] [id=3064]
  0x00000234b7465760 ConcurrentGCThread "G1 Main Marker" [stack: 0x0000004755a00000,0x0000004755b00000] [id=6016]
  0x00000234b7466720 ConcurrentGCThread "G1 Conc#0" [stack: 0x0000004755b00000,0x0000004755c00000] [id=6360]
  0x000002351a7a6e10 ConcurrentGCThread "G1 Conc#1" [stack: 0x0000004757d00000,0x0000004757e00000] [id=11168]
  0x00000234d40e0090 ConcurrentGCThread "G1 Refine#0" [stack: 0x0000004755c00000,0x0000004755d00000] [id=3648]
  0x000002351ac87290 ConcurrentGCThread "G1 Refine#1" [stack: 0x0000004757900000,0x0000004757a00000] [id=15200]
  0x000002351e4d08d0 ConcurrentGCThread "G1 Refine#2" [stack: 0x0000004758400000,0x0000004758500000] [id=10796]
  0x000002351e4d2630 ConcurrentGCThread "G1 Refine#3" [stack: 0x0000004758500000,0x0000004758600000] [id=9100]
  0x000002351e4d2340 ConcurrentGCThread "G1 Refine#4" [stack: 0x0000004758200000,0x0000004758300000] [id=3668]
  0x00000234d40e18e0 ConcurrentGCThread "G1 Service" [stack: 0x0000004755d00000,0x0000004755e00000] [id=2984]

Threads with active compile tasks:
C2 CompilerThread0    22980 7304 %     4       java.math.MutableBigInteger::add @ 67 (346 bytes)
C2 CompilerThread1    22980 7301 %     4       java.math.MutableBigInteger::subtract @ 77 (226 bytes)

VM state: not at safepoint (normal execution)

VM Mutex/Monitor currently owned by a thread: None

Heap address: 0x00000000a1400000, size: 1516 MB, Compressed Oops mode: 32-bit

CDS archive(s) mapped at: [0x00000234d5000000-0x00000234d5bd0000-0x00000234d5bd0000), size 12386304, SharedBaseAddress: 0x00000234d5000000, ArchiveRelocationMode: 1.
Compressed class space mapped at: 0x00000234d6000000-0x0000023516000000, reserved size: 1073741824
Narrow klass base: 0x00000234d5000000, Narrow klass shift: 0, Narrow klass range: 0x100000000

GC Precious Log:
 CPUs: 8 total, 8 available
 Memory: 6060M
 Large Page Support: Disabled
 NUMA Support: Disabled
 Compressed Oops: Enabled (32-bit)
 Heap Region Size: 1M
 Heap Min Capacity: 8M
 Heap Initial Capacity: 96M
 Heap Max Capacity: 1516M
 Pre-touch: Disabled
 Parallel Workers: 8
 Concurrent Workers: 2
 Concurrent Refinement Workers: 8
 Periodic GC: Disabled

Heap:
 garbage-first heap   total 363520K, used 191069K [0x00000000a1400000, 0x0000000100000000)
  region size 1024K, 75 young (76800K), 2 survivors (2048K)
 Metaspace       used 80539K, committed 81152K, reserved 1179648K
  class space    used 11342K, committed 11648K, reserved 1048576K

Heap Regions: E=young(eden), S=young(survivor), O=old, HS=humongous(starts), HC=humongous(continues), CS=collection set, F=free, OA=open archive, CA=closed archive, TAMS=top-at-mark-start (previous, next)
|   0|0x00000000a1400000, 0x00000000a1500000, 0x00000000a1500000|100%|HS|  |TAMS 0x00000000a1500000, 0x00000000a1400000| Complete 
|   1|0x00000000a1500000, 0x00000000a1600000, 0x00000000a1600000|100%|HS|  |TAMS 0x00000000a1600000, 0x00000000a1500000| Complete 
|   2|0x00000000a1600000, 0x00000000a1700000, 0x00000000a1700000|100%|HS|  |TAMS 0x00000000a1700000, 0x00000000a1600000| Complete 
|   3|0x00000000a1700000, 0x00000000a1800000, 0x00000000a1800000|100%| O|  |TAMS 0x00000000a1800000, 0x00000000a1700000| Untracked 
|   4|0x00000000a1800000, 0x00000000a1900000, 0x00000000a1900000|100%| O|  |TAMS 0x00000000a1900000, 0x00000000a1800000| Untracked 
|   5|0x00000000a1900000, 0x00000000a1a00000, 0x00000000a1a00000|100%| O|  |TAMS 0x00000000a1a00000, 0x00000000a1900000| Untracked 
|   6|0x00000000a1a00000, 0x00000000a1b00000, 0x00000000a1b00000|100%| O|  |TAMS 0x00000000a1b00000, 0x00000000a1a00000| Untracked 
|   7|0x00000000a1b00000, 0x00000000a1c00000, 0x00000000a1c00000|100%| O|  |TAMS 0x00000000a1c00000, 0x00000000a1b00000| Untracked 
|   8|0x00000000a1c00000, 0x00000000a1d00000, 0x00000000a1d00000|100%| O|  |TAMS 0x00000000a1d00000, 0x00000000a1c00000| Untracked 
|   9|0x00000000a1d00000, 0x00000000a1e00000, 0x00000000a1e00000|100%| O|  |TAMS 0x00000000a1e00000, 0x00000000a1d00000| Untracked 
|  10|0x00000000a1e00000, 0x00000000a1e21a00, 0x00000000a1f00000| 13%| O|  |TAMS 0x00000000a1e21a00, 0x00000000a1e00000| Untracked 
|  11|0x00000000a1f00000, 0x00000000a2000000, 0x00000000a2000000|100%| O|  |TAMS 0x00000000a2000000, 0x00000000a1f00000| Untracked 
|  12|0x00000000a2000000, 0x00000000a2100000, 0x00000000a2100000|100%| O|  |TAMS 0x00000000a2100000, 0x00000000a2000000| Untracked 
|  13|0x00000000a2100000, 0x00000000a2200000, 0x00000000a2200000|100%| O|  |TAMS 0x00000000a2200000, 0x00000000a2100000| Untracked 
|  14|0x00000000a2200000, 0x00000000a2300000, 0x00000000a2300000|100%| O|  |TAMS 0x00000000a2300000, 0x00000000a2200000| Untracked 
|  15|0x00000000a2300000, 0x00000000a2400000, 0x00000000a2400000|100%| O|  |TAMS 0x00000000a2400000, 0x00000000a2300000| Untracked 
|  16|0x00000000a2400000, 0x00000000a2500000, 0x00000000a2500000|100%| O|  |TAMS 0x00000000a2500000, 0x00000000a2400000| Untracked 
|  17|0x00000000a2500000, 0x00000000a2600000, 0x00000000a2600000|100%| O|  |TAMS 0x00000000a2600000, 0x00000000a2500000| Untracked 
|  18|0x00000000a2600000, 0x00000000a2700000, 0x00000000a2700000|100%| O|  |TAMS 0x00000000a2700000, 0x00000000a2600000| Untracked 
|  19|0x00000000a2700000, 0x00000000a2800000, 0x00000000a2800000|100%| O|  |TAMS 0x00000000a2800000, 0x00000000a2700000| Untracked 
|  20|0x00000000a2800000, 0x00000000a2900000, 0x00000000a2900000|100%| O|  |TAMS 0x00000000a2900000, 0x00000000a2800000| Untracked 
|  21|0x00000000a2900000, 0x00000000a2a00000, 0x00000000a2a00000|100%| O|  |TAMS 0x00000000a2a00000, 0x00000000a2900000| Untracked 
|  22|0x00000000a2a00000, 0x00000000a2b00000, 0x00000000a2b00000|100%| O|  |TAMS 0x00000000a2b00000, 0x00000000a2a00000| Untracked 
|  23|0x00000000a2b00000, 0x00000000a2c00000, 0x00000000a2c00000|100%| O|  |TAMS 0x00000000a2c00000, 0x00000000a2b00000| Untracked 
|  24|0x00000000a2c00000, 0x00000000a2d00000, 0x00000000a2d00000|100%| O|  |TAMS 0x00000000a2d00000, 0x00000000a2c00000| Untracked 
|  25|0x00000000a2d00000, 0x00000000a2e00000, 0x00000000a2e00000|100%| O|  |TAMS 0x00000000a2e00000, 0x00000000a2d00000| Untracked 
|  26|0x00000000a2e00000, 0x00000000a2f00000, 0x00000000a2f00000|100%| O|  |TAMS 0x00000000a2f00000, 0x00000000a2e00000| Untracked 
|  27|0x00000000a2f00000, 0x00000000a3000000, 0x00000000a3000000|100%| O|  |TAMS 0x00000000a3000000, 0x00000000a2f00000| Untracked 
|  28|0x00000000a3000000, 0x00000000a3100000, 0x00000000a3100000|100%| O|  |TAMS 0x00000000a3100000, 0x00000000a3000000| Untracked 
|  29|0x00000000a3100000, 0x00000000a3200000, 0x00000000a3200000|100%| O|  |TAMS 0x00000000a3200000, 0x00000000a3100000| Untracked 
|  30|0x00000000a3200000, 0x00000000a3300000, 0x00000000a3300000|100%| O|  |TAMS 0x00000000a3300000, 0x00000000a3200000| Untracked 
|  31|0x00000000a3300000, 0x00000000a3400000, 0x00000000a3400000|100%| O|  |TAMS 0x00000000a3400000, 0x00000000a3300000| Untracked 
|  32|0x00000000a3400000, 0x00000000a3500000, 0x00000000a3500000|100%| O|  |TAMS 0x00000000a3500000, 0x00000000a3400000| Untracked 
|  33|0x00000000a3500000, 0x00000000a3600000, 0x00000000a3600000|100%| O|  |TAMS 0x00000000a3600000, 0x00000000a3500000| Untracked 
|  34|0x00000000a3600000, 0x00000000a3700000, 0x00000000a3700000|100%| O|  |TAMS 0x00000000a3700000, 0x00000000a3600000| Untracked 
|  35|0x00000000a3700000, 0x00000000a3800000, 0x00000000a3800000|100%| O|  |TAMS 0x00000000a3800000, 0x00000000a3700000| Untracked 
|  36|0x00000000a3800000, 0x00000000a3900000, 0x00000000a3900000|100%| O|  |TAMS 0x00000000a3900000, 0x00000000a3800000| Untracked 
|  37|0x00000000a3900000, 0x00000000a3a00000, 0x00000000a3a00000|100%| O|  |TAMS 0x00000000a3a00000, 0x00000000a3900000| Untracked 
|  38|0x00000000a3a00000, 0x00000000a3b00000, 0x00000000a3b00000|100%| O|  |TAMS 0x00000000a3b00000, 0x00000000a3a00000| Untracked 
|  39|0x00000000a3b00000, 0x00000000a3c00000, 0x00000000a3c00000|100%| O|  |TAMS 0x00000000a3c00000, 0x00000000a3b00000| Untracked 
|  40|0x00000000a3c00000, 0x00000000a3c00000, 0x00000000a3d00000|  0%| F|  |TAMS 0x00000000a3c00000, 0x00000000a3c00000| Untracked 
|  41|0x00000000a3d00000, 0x00000000a3d00000, 0x00000000a3e00000|  0%| F|  |TAMS 0x00000000a3d00000, 0x00000000a3d00000| Untracked 
|  42|0x00000000a3e00000, 0x00000000a3e00000, 0x00000000a3f00000|  0%| F|  |TAMS 0x00000000a3e00000, 0x00000000a3e00000| Untracked 
|  43|0x00000000a3f00000, 0x00000000a3f00000, 0x00000000a4000000|  0%| F|  |TAMS 0x00000000a3f00000, 0x00000000a3f00000| Untracked 
|  44|0x00000000a4000000, 0x00000000a4100000, 0x00000000a4100000|100%| O|  |TAMS 0x00000000a4000000, 0x00000000a4000000| Untracked 
|  45|0x00000000a4100000, 0x00000000a4100000, 0x00000000a4200000|  0%| F|  |TAMS 0x00000000a4100000, 0x00000000a4100000| Untracked 
|  46|0x00000000a4200000, 0x00000000a4200000, 0x00000000a4300000|  0%| F|  |TAMS 0x00000000a4200000, 0x00000000a4200000| Untracked 
|  47|0x00000000a4300000, 0x00000000a4300000, 0x00000000a4400000|  0%| F|  |TAMS 0x00000000a4300000, 0x00000000a4300000| Untracked 
|  48|0x00000000a4400000, 0x00000000a4500000, 0x00000000a4500000|100%| O|  |TAMS 0x00000000a4500000, 0x00000000a4400000| Untracked 
|  49|0x00000000a4500000, 0x00000000a4600000, 0x00000000a4600000|100%| O|  |TAMS 0x00000000a4600000, 0x00000000a4500000| Untracked 
|  50|0x00000000a4600000, 0x00000000a4700000, 0x00000000a4700000|100%| O|  |TAMS 0x00000000a4700000, 0x00000000a4600000| Untracked 
|  51|0x00000000a4700000, 0x00000000a4800000, 0x00000000a4800000|100%| O|  |TAMS 0x00000000a4800000, 0x00000000a4700000| Untracked 
|  52|0x00000000a4800000, 0x00000000a4900000, 0x00000000a4900000|100%| O|  |TAMS 0x00000000a4900000, 0x00000000a4800000| Untracked 
|  53|0x00000000a4900000, 0x00000000a4a00000, 0x00000000a4a00000|100%| O|  |TAMS 0x00000000a4a00000, 0x00000000a4900000| Untracked 
|  54|0x00000000a4a00000, 0x00000000a4b00000, 0x00000000a4b00000|100%| O|  |TAMS 0x00000000a4b00000, 0x00000000a4a00000| Untracked 
|  55|0x00000000a4b00000, 0x00000000a4c00000, 0x00000000a4c00000|100%| O|  |TAMS 0x00000000a4c00000, 0x00000000a4b00000| Untracked 
|  56|0x00000000a4c00000, 0x00000000a4d00000, 0x00000000a4d00000|100%| O|  |TAMS 0x00000000a4d00000, 0x00000000a4c00000| Untracked 
|  57|0x00000000a4d00000, 0x00000000a4e00000, 0x00000000a4e00000|100%| O|  |TAMS 0x00000000a4e00000, 0x00000000a4d00000| Untracked 
|  58|0x00000000a4e00000, 0x00000000a4f00000, 0x00000000a4f00000|100%| O|  |TAMS 0x00000000a4f00000, 0x00000000a4e00000| Untracked 
|  59|0x00000000a4f00000, 0x00000000a5000000, 0x00000000a5000000|100%| O|  |TAMS 0x00000000a5000000, 0x00000000a4f00000| Untracked 
|  60|0x00000000a5000000, 0x00000000a5100000, 0x00000000a5100000|100%| O|  |TAMS 0x00000000a5100000, 0x00000000a5000000| Untracked 
|  61|0x00000000a5100000, 0x00000000a5200000, 0x00000000a5200000|100%| O|  |TAMS 0x00000000a5200000, 0x00000000a5100000| Untracked 
|  62|0x00000000a5200000, 0x00000000a5300000, 0x00000000a5300000|100%| O|  |TAMS 0x00000000a5300000, 0x00000000a5200000| Untracked 
|  63|0x00000000a5300000, 0x00000000a5400000, 0x00000000a5400000|100%| O|  |TAMS 0x00000000a5400000, 0x00000000a5300000| Untracked 
|  64|0x00000000a5400000, 0x00000000a5500000, 0x00000000a5500000|100%| O|  |TAMS 0x00000000a5500000, 0x00000000a5400000| Untracked 
|  65|0x00000000a5500000, 0x00000000a5600000, 0x00000000a5600000|100%| O|  |TAMS 0x00000000a5600000, 0x00000000a5500000| Untracked 
|  66|0x00000000a5600000, 0x00000000a5700000, 0x00000000a5700000|100%| O|  |TAMS 0x00000000a56db000, 0x00000000a5600000| Untracked 
|  67|0x00000000a5700000, 0x00000000a5800000, 0x00000000a5800000|100%| O|  |TAMS 0x00000000a5700000, 0x00000000a5700000| Untracked 
|  68|0x00000000a5800000, 0x00000000a5900000, 0x00000000a5900000|100%| O|  |TAMS 0x00000000a5800000, 0x00000000a5800000| Untracked 
|  69|0x00000000a5900000, 0x00000000a5a00000, 0x00000000a5a00000|100%| O|  |TAMS 0x00000000a5900000, 0x00000000a5900000| Untracked 
|  70|0x00000000a5a00000, 0x00000000a5b00000, 0x00000000a5b00000|100%| O|  |TAMS 0x00000000a5a00000, 0x00000000a5a00000| Untracked 
|  71|0x00000000a5b00000, 0x00000000a5c00000, 0x00000000a5c00000|100%| O|  |TAMS 0x00000000a5b00000, 0x00000000a5b00000| Untracked 
|  72|0x00000000a5c00000, 0x00000000a5d00000, 0x00000000a5d00000|100%| O|  |TAMS 0x00000000a5c00000, 0x00000000a5c00000| Untracked 
|  73|0x00000000a5d00000, 0x00000000a5e00000, 0x00000000a5e00000|100%|HS|  |TAMS 0x00000000a5d00000, 0x00000000a5d00000| Complete 
|  74|0x00000000a5e00000, 0x00000000a5f00000, 0x00000000a5f00000|100%|HS|  |TAMS 0x00000000a5e00000, 0x00000000a5e00000| Complete 
|  75|0x00000000a5f00000, 0x00000000a6000000, 0x00000000a6000000|100%|HC|  |TAMS 0x00000000a5f00000, 0x00000000a5f00000| Complete 
|  76|0x00000000a6000000, 0x00000000a6100000, 0x00000000a6100000|100%| O|  |TAMS 0x00000000a6000000, 0x00000000a6000000| Untracked 
|  77|0x00000000a6100000, 0x00000000a6200000, 0x00000000a6200000|100%| O|  |TAMS 0x00000000a6100000, 0x00000000a6100000| Untracked 
|  78|0x00000000a6200000, 0x00000000a6300000, 0x00000000a6300000|100%| O|  |TAMS 0x00000000a6200000, 0x00000000a6200000| Untracked 
|  79|0x00000000a6300000, 0x00000000a6400000, 0x00000000a6400000|100%| O|  |TAMS 0x00000000a6300000, 0x00000000a6300000| Untracked 
|  80|0x00000000a6400000, 0x00000000a6500000, 0x00000000a6500000|100%| O|  |TAMS 0x00000000a6400000, 0x00000000a6400000| Untracked 
|  81|0x00000000a6500000, 0x00000000a6600000, 0x00000000a6600000|100%| O|  |TAMS 0x00000000a6500000, 0x00000000a6500000| Untracked 
|  82|0x00000000a6600000, 0x00000000a6700000, 0x00000000a6700000|100%| O|  |TAMS 0x00000000a6600000, 0x00000000a6600000| Untracked 
|  83|0x00000000a6700000, 0x00000000a6800000, 0x00000000a6800000|100%| O|  |TAMS 0x00000000a6700000, 0x00000000a6700000| Untracked 
|  84|0x00000000a6800000, 0x00000000a6900000, 0x00000000a6900000|100%| O|  |TAMS 0x00000000a6800000, 0x00000000a6800000| Untracked 
|  85|0x00000000a6900000, 0x00000000a6a00000, 0x00000000a6a00000|100%| O|  |TAMS 0x00000000a6900000, 0x00000000a6900000| Untracked 
|  86|0x00000000a6a00000, 0x00000000a6b00000, 0x00000000a6b00000|100%| O|  |TAMS 0x00000000a6a00000, 0x00000000a6a00000| Untracked 
|  87|0x00000000a6b00000, 0x00000000a6c00000, 0x00000000a6c00000|100%| O|  |TAMS 0x00000000a6b00000, 0x00000000a6b00000| Untracked 
|  88|0x00000000a6c00000, 0x00000000a6d00000, 0x00000000a6d00000|100%| O|  |TAMS 0x00000000a6c00000, 0x00000000a6c00000| Untracked 
|  89|0x00000000a6d00000, 0x00000000a6e00000, 0x00000000a6e00000|100%| O|  |TAMS 0x00000000a6d00000, 0x00000000a6d00000| Untracked 
|  90|0x00000000a6e00000, 0x00000000a6f00000, 0x00000000a6f00000|100%| O|  |TAMS 0x00000000a6e00000, 0x00000000a6e00000| Untracked 
|  91|0x00000000a6f00000, 0x00000000a7000000, 0x00000000a7000000|100%| O|  |TAMS 0x00000000a6f00000, 0x00000000a6f00000| Untracked 
|  92|0x00000000a7000000, 0x00000000a7100000, 0x00000000a7100000|100%| O|  |TAMS 0x00000000a7000000, 0x00000000a7000000| Untracked 
|  93|0x00000000a7100000, 0x00000000a7200000, 0x00000000a7200000|100%| O|  |TAMS 0x00000000a7100000, 0x00000000a7100000| Untracked 
|  94|0x00000000a7200000, 0x00000000a7300000, 0x00000000a7300000|100%| O|  |TAMS 0x00000000a7200000, 0x00000000a7200000| Untracked 
|  95|0x00000000a7300000, 0x00000000a7400000, 0x00000000a7400000|100%| O|  |TAMS 0x00000000a7300000, 0x00000000a7300000| Untracked 
|  96|0x00000000a7400000, 0x00000000a7500000, 0x00000000a7500000|100%| O|  |TAMS 0x00000000a7400000, 0x00000000a7400000| Untracked 
|  97|0x00000000a7500000, 0x00000000a7600000, 0x00000000a7600000|100%| O|  |TAMS 0x00000000a7500000, 0x00000000a7500000| Untracked 
|  98|0x00000000a7600000, 0x00000000a7700000, 0x00000000a7700000|100%| O|  |TAMS 0x00000000a7600000, 0x00000000a7600000| Untracked 
|  99|0x00000000a7700000, 0x00000000a7800000, 0x00000000a7800000|100%| O|  |TAMS 0x00000000a7700000, 0x00000000a7700000| Untracked 
| 100|0x00000000a7800000, 0x00000000a7900000, 0x00000000a7900000|100%| O|  |TAMS 0x00000000a7800000, 0x00000000a7800000| Untracked 
| 101|0x00000000a7900000, 0x00000000a7a00000, 0x00000000a7a00000|100%| O|  |TAMS 0x00000000a7900000, 0x00000000a7900000| Untracked 
| 102|0x00000000a7a00000, 0x00000000a7b00000, 0x00000000a7b00000|100%| O|  |TAMS 0x00000000a7a00000, 0x00000000a7a00000| Untracked 
| 103|0x00000000a7b00000, 0x00000000a7c00000, 0x00000000a7c00000|100%| O|  |TAMS 0x00000000a7b00000, 0x00000000a7b00000| Untracked 
| 104|0x00000000a7c00000, 0x00000000a7d00000, 0x00000000a7d00000|100%| O|  |TAMS 0x00000000a7c00000, 0x00000000a7c00000| Untracked 
| 105|0x00000000a7d00000, 0x00000000a7e00000, 0x00000000a7e00000|100%| O|  |TAMS 0x00000000a7d00000, 0x00000000a7d00000| Untracked 
| 106|0x00000000a7e00000, 0x00000000a7f00000, 0x00000000a7f00000|100%| O|  |TAMS 0x00000000a7e00000, 0x00000000a7e00000| Untracked 
| 107|0x00000000a7f00000, 0x00000000a8000000, 0x00000000a8000000|100%| O|  |TAMS 0x00000000a7f00000, 0x00000000a7f00000| Untracked 
| 108|0x00000000a8000000, 0x00000000a8100000, 0x00000000a8100000|100%| O|  |TAMS 0x00000000a8000000, 0x00000000a8000000| Untracked 
| 109|0x00000000a8100000, 0x00000000a8200000, 0x00000000a8200000|100%| O|  |TAMS 0x00000000a8100000, 0x00000000a8100000| Untracked 
| 110|0x00000000a8200000, 0x00000000a8300000, 0x00000000a8300000|100%| O|  |TAMS 0x00000000a8200000, 0x00000000a8200000| Untracked 
| 111|0x00000000a8300000, 0x00000000a8400000, 0x00000000a8400000|100%| O|  |TAMS 0x00000000a8300000, 0x00000000a8300000| Untracked 
| 112|0x00000000a8400000, 0x00000000a8500000, 0x00000000a8500000|100%| O|  |TAMS 0x00000000a8400000, 0x00000000a8400000| Untracked 
| 113|0x00000000a8500000, 0x00000000a8600000, 0x00000000a8600000|100%| O|  |TAMS 0x00000000a8500000, 0x00000000a8500000| Untracked 
| 114|0x00000000a8600000, 0x00000000a8700000, 0x00000000a8700000|100%| O|  |TAMS 0x00000000a8600000, 0x00000000a8600000| Untracked 
| 115|0x00000000a8700000, 0x00000000a8800000, 0x00000000a8800000|100%| O|  |TAMS 0x00000000a8700000, 0x00000000a8700000| Untracked 
| 116|0x00000000a8800000, 0x00000000a8900000, 0x00000000a8900000|100%| O|  |TAMS 0x00000000a8800000, 0x00000000a8800000| Untracked 
| 117|0x00000000a8900000, 0x00000000a8a00000, 0x00000000a8a00000|100%| O|  |TAMS 0x00000000a8900000, 0x00000000a8900000| Untracked 
| 118|0x00000000a8a00000, 0x00000000a8b00000, 0x00000000a8b00000|100%| O|  |TAMS 0x00000000a8a00000, 0x00000000a8a00000| Untracked 
| 119|0x00000000a8b00000, 0x00000000a8c00000, 0x00000000a8c00000|100%| O|  |TAMS 0x00000000a8b00000, 0x00000000a8b00000| Untracked 
| 120|0x00000000a8c00000, 0x00000000a8c7e800, 0x00000000a8d00000| 49%| O|  |TAMS 0x00000000a8c00000, 0x00000000a8c00000| Untracked 
| 121|0x00000000a8d00000, 0x00000000a8d00000, 0x00000000a8e00000|  0%| F|  |TAMS 0x00000000a8d00000, 0x00000000a8d00000| Untracked 
| 122|0x00000000a8e00000, 0x00000000a8e00000, 0x00000000a8f00000|  0%| F|  |TAMS 0x00000000a8e00000, 0x00000000a8e00000| Untracked 
| 123|0x00000000a8f00000, 0x00000000a8f00000, 0x00000000a9000000|  0%| F|  |TAMS 0x00000000a8f00000, 0x00000000a8f00000| Untracked 
| 124|0x00000000a9000000, 0x00000000a9000000, 0x00000000a9100000|  0%| F|  |TAMS 0x00000000a9000000, 0x00000000a9000000| Untracked 
| 125|0x00000000a9100000, 0x00000000a9100000, 0x00000000a9200000|  0%| F|  |TAMS 0x00000000a9100000, 0x00000000a9100000| Untracked 
| 126|0x00000000a9200000, 0x00000000a9200000, 0x00000000a9300000|  0%| F|  |TAMS 0x00000000a9200000, 0x00000000a9200000| Untracked 
| 127|0x00000000a9300000, 0x00000000a9300000, 0x00000000a9400000|  0%| F|  |TAMS 0x00000000a9300000, 0x00000000a9300000| Untracked 
| 128|0x00000000a9400000, 0x00000000a9400000, 0x00000000a9500000|  0%| F|  |TAMS 0x00000000a9400000, 0x00000000a9400000| Untracked 
| 129|0x00000000a9500000, 0x00000000a9500000, 0x00000000a9600000|  0%| F|  |TAMS 0x00000000a9500000, 0x00000000a9500000| Untracked 
| 130|0x00000000a9600000, 0x00000000a9600000, 0x00000000a9700000|  0%| F|  |TAMS 0x00000000a9600000, 0x00000000a9600000| Untracked 
| 131|0x00000000a9700000, 0x00000000a9700000, 0x00000000a9800000|  0%| F|  |TAMS 0x00000000a9700000, 0x00000000a9700000| Untracked 
| 132|0x00000000a9800000, 0x00000000a9800000, 0x00000000a9900000|  0%| F|  |TAMS 0x00000000a9800000, 0x00000000a9800000| Untracked 
| 133|0x00000000a9900000, 0x00000000a9900000, 0x00000000a9a00000|  0%| F|  |TAMS 0x00000000a9900000, 0x00000000a9900000| Untracked 
| 134|0x00000000a9a00000, 0x00000000a9a00000, 0x00000000a9b00000|  0%| F|  |TAMS 0x00000000a9a00000, 0x00000000a9a00000| Untracked 
| 135|0x00000000a9b00000, 0x00000000a9b00000, 0x00000000a9c00000|  0%| F|  |TAMS 0x00000000a9b00000, 0x00000000a9b00000| Untracked 
| 136|0x00000000a9c00000, 0x00000000a9c00000, 0x00000000a9d00000|  0%| F|  |TAMS 0x00000000a9c00000, 0x00000000a9c00000| Untracked 
| 137|0x00000000a9d00000, 0x00000000a9d00000, 0x00000000a9e00000|  0%| F|  |TAMS 0x00000000a9d00000, 0x00000000a9d00000| Untracked 
| 138|0x00000000a9e00000, 0x00000000a9e00000, 0x00000000a9f00000|  0%| F|  |TAMS 0x00000000a9e00000, 0x00000000a9e00000| Untracked 
| 139|0x00000000a9f00000, 0x00000000a9f00000, 0x00000000aa000000|  0%| F|  |TAMS 0x00000000a9f00000, 0x00000000a9f00000| Untracked 
| 140|0x00000000aa000000, 0x00000000aa000000, 0x00000000aa100000|  0%| F|  |TAMS 0x00000000aa000000, 0x00000000aa000000| Untracked 
| 141|0x00000000aa100000, 0x00000000aa100000, 0x00000000aa200000|  0%| F|  |TAMS 0x00000000aa100000, 0x00000000aa100000| Untracked 
| 142|0x00000000aa200000, 0x00000000aa200000, 0x00000000aa300000|  0%| F|  |TAMS 0x00000000aa200000, 0x00000000aa200000| Untracked 
| 143|0x00000000aa300000, 0x00000000aa300000, 0x00000000aa400000|  0%| F|  |TAMS 0x00000000aa300000, 0x00000000aa300000| Untracked 
| 144|0x00000000aa400000, 0x00000000aa400000, 0x00000000aa500000|  0%| F|  |TAMS 0x00000000aa400000, 0x00000000aa400000| Untracked 
| 145|0x00000000aa500000, 0x00000000aa500000, 0x00000000aa600000|  0%| F|  |TAMS 0x00000000aa500000, 0x00000000aa500000| Untracked 
| 146|0x00000000aa600000, 0x00000000aa600000, 0x00000000aa700000|  0%| F|  |TAMS 0x00000000aa600000, 0x00000000aa600000| Untracked 
| 147|0x00000000aa700000, 0x00000000aa700000, 0x00000000aa800000|  0%| F|  |TAMS 0x00000000aa700000, 0x00000000aa700000| Untracked 
| 148|0x00000000aa800000, 0x00000000aa800000, 0x00000000aa900000|  0%| F|  |TAMS 0x00000000aa800000, 0x00000000aa800000| Untracked 
| 149|0x00000000aa900000, 0x00000000aa900000, 0x00000000aaa00000|  0%| F|  |TAMS 0x00000000aa900000, 0x00000000aa900000| Untracked 
| 150|0x00000000aaa00000, 0x00000000aaa00000, 0x00000000aab00000|  0%| F|  |TAMS 0x00000000aaa00000, 0x00000000aaa00000| Untracked 
| 151|0x00000000aab00000, 0x00000000aab00000, 0x00000000aac00000|  0%| F|  |TAMS 0x00000000aab00000, 0x00000000aab00000| Untracked 
| 152|0x00000000aac00000, 0x00000000aac00000, 0x00000000aad00000|  0%| F|  |TAMS 0x00000000aac00000, 0x00000000aac00000| Untracked 
| 153|0x00000000aad00000, 0x00000000aad00000, 0x00000000aae00000|  0%| F|  |TAMS 0x00000000aad00000, 0x00000000aad00000| Untracked 
| 154|0x00000000aae00000, 0x00000000aae00000, 0x00000000aaf00000|  0%| F|  |TAMS 0x00000000aae00000, 0x00000000aae00000| Untracked 
| 155|0x00000000aaf00000, 0x00000000aaf00000, 0x00000000ab000000|  0%| F|  |TAMS 0x00000000aaf00000, 0x00000000aaf00000| Untracked 
| 156|0x00000000ab000000, 0x00000000ab000000, 0x00000000ab100000|  0%| F|  |TAMS 0x00000000ab000000, 0x00000000ab000000| Untracked 
| 157|0x00000000ab100000, 0x00000000ab100000, 0x00000000ab200000|  0%| F|  |TAMS 0x00000000ab100000, 0x00000000ab100000| Untracked 
| 158|0x00000000ab200000, 0x00000000ab200000, 0x00000000ab300000|  0%| F|  |TAMS 0x00000000ab200000, 0x00000000ab200000| Untracked 
| 159|0x00000000ab300000, 0x00000000ab300000, 0x00000000ab400000|  0%| F|  |TAMS 0x00000000ab300000, 0x00000000ab300000| Untracked 
| 160|0x00000000ab400000, 0x00000000ab400000, 0x00000000ab500000|  0%| F|  |TAMS 0x00000000ab400000, 0x00000000ab400000| Untracked 
| 161|0x00000000ab500000, 0x00000000ab500000, 0x00000000ab600000|  0%| F|  |TAMS 0x00000000ab500000, 0x00000000ab500000| Untracked 
| 162|0x00000000ab600000, 0x00000000ab600000, 0x00000000ab700000|  0%| F|  |TAMS 0x00000000ab600000, 0x00000000ab600000| Untracked 
| 163|0x00000000ab700000, 0x00000000ab700000, 0x00000000ab800000|  0%| F|  |TAMS 0x00000000ab700000, 0x00000000ab700000| Untracked 
| 164|0x00000000ab800000, 0x00000000ab800000, 0x00000000ab900000|  0%| F|  |TAMS 0x00000000ab800000, 0x00000000ab800000| Untracked 
| 165|0x00000000ab900000, 0x00000000ab900000, 0x00000000aba00000|  0%| F|  |TAMS 0x00000000ab900000, 0x00000000ab900000| Untracked 
| 166|0x00000000aba00000, 0x00000000aba00000, 0x00000000abb00000|  0%| F|  |TAMS 0x00000000aba00000, 0x00000000aba00000| Untracked 
| 167|0x00000000abb00000, 0x00000000abb00000, 0x00000000abc00000|  0%| F|  |TAMS 0x00000000abb00000, 0x00000000abb00000| Untracked 
| 168|0x00000000abc00000, 0x00000000abc00000, 0x00000000abd00000|  0%| F|  |TAMS 0x00000000abc00000, 0x00000000abc00000| Untracked 
| 169|0x00000000abd00000, 0x00000000abd00000, 0x00000000abe00000|  0%| F|  |TAMS 0x00000000abd00000, 0x00000000abd00000| Untracked 
| 170|0x00000000abe00000, 0x00000000abe00000, 0x00000000abf00000|  0%| F|  |TAMS 0x00000000abe00000, 0x00000000abe00000| Untracked 
| 171|0x00000000abf00000, 0x00000000abf00000, 0x00000000ac000000|  0%| F|  |TAMS 0x00000000abf00000, 0x00000000abf00000| Untracked 
| 172|0x00000000ac000000, 0x00000000ac000000, 0x00000000ac100000|  0%| F|  |TAMS 0x00000000ac000000, 0x00000000ac000000| Untracked 
| 173|0x00000000ac100000, 0x00000000ac100000, 0x00000000ac200000|  0%| F|  |TAMS 0x00000000ac100000, 0x00000000ac100000| Untracked 
| 174|0x00000000ac200000, 0x00000000ac200000, 0x00000000ac300000|  0%| F|  |TAMS 0x00000000ac200000, 0x00000000ac200000| Untracked 
| 175|0x00000000ac300000, 0x00000000ac300000, 0x00000000ac400000|  0%| F|  |TAMS 0x00000000ac300000, 0x00000000ac300000| Untracked 
| 176|0x00000000ac400000, 0x00000000ac400000, 0x00000000ac500000|  0%| F|  |TAMS 0x00000000ac400000, 0x00000000ac400000| Untracked 
| 177|0x00000000ac500000, 0x00000000ac500000, 0x00000000ac600000|  0%| F|  |TAMS 0x00000000ac500000, 0x00000000ac500000| Untracked 
| 178|0x00000000ac600000, 0x00000000ac600000, 0x00000000ac700000|  0%| F|  |TAMS 0x00000000ac600000, 0x00000000ac600000| Untracked 
| 179|0x00000000ac700000, 0x00000000ac700000, 0x00000000ac800000|  0%| F|  |TAMS 0x00000000ac700000, 0x00000000ac700000| Untracked 
| 180|0x00000000ac800000, 0x00000000ac800000, 0x00000000ac900000|  0%| F|  |TAMS 0x00000000ac800000, 0x00000000ac800000| Untracked 
| 181|0x00000000ac900000, 0x00000000ac900000, 0x00000000aca00000|  0%| F|  |TAMS 0x00000000ac900000, 0x00000000ac900000| Untracked 
| 182|0x00000000aca00000, 0x00000000aca00000, 0x00000000acb00000|  0%| F|  |TAMS 0x00000000aca00000, 0x00000000aca00000| Untracked 
| 183|0x00000000acb00000, 0x00000000acb00000, 0x00000000acc00000|  0%| F|  |TAMS 0x00000000acb00000, 0x00000000acb00000| Untracked 
| 184|0x00000000acc00000, 0x00000000acc00000, 0x00000000acd00000|  0%| F|  |TAMS 0x00000000acc00000, 0x00000000acc00000| Untracked 
| 185|0x00000000acd00000, 0x00000000acd00000, 0x00000000ace00000|  0%| F|  |TAMS 0x00000000acd00000, 0x00000000acd00000| Untracked 
| 186|0x00000000ace00000, 0x00000000ace00000, 0x00000000acf00000|  0%| F|  |TAMS 0x00000000ace00000, 0x00000000ace00000| Untracked 
| 187|0x00000000acf00000, 0x00000000acf00000, 0x00000000ad000000|  0%| F|  |TAMS 0x00000000acf00000, 0x00000000acf00000| Untracked 
| 188|0x00000000ad000000, 0x00000000ad000000, 0x00000000ad100000|  0%| F|  |TAMS 0x00000000ad000000, 0x00000000ad000000| Untracked 
| 189|0x00000000ad100000, 0x00000000ad100000, 0x00000000ad200000|  0%| F|  |TAMS 0x00000000ad100000, 0x00000000ad100000| Untracked 
| 190|0x00000000ad200000, 0x00000000ad200000, 0x00000000ad300000|  0%| F|  |TAMS 0x00000000ad200000, 0x00000000ad200000| Untracked 
| 191|0x00000000ad300000, 0x00000000ad300000, 0x00000000ad400000|  0%| F|  |TAMS 0x00000000ad300000, 0x00000000ad300000| Untracked 
| 192|0x00000000ad400000, 0x00000000ad400000, 0x00000000ad500000|  0%| F|  |TAMS 0x00000000ad400000, 0x00000000ad400000| Untracked 
| 193|0x00000000ad500000, 0x00000000ad500000, 0x00000000ad600000|  0%| F|  |TAMS 0x00000000ad500000, 0x00000000ad500000| Untracked 
| 194|0x00000000ad600000, 0x00000000ad600000, 0x00000000ad700000|  0%| F|  |TAMS 0x00000000ad600000, 0x00000000ad600000| Untracked 
| 195|0x00000000ad700000, 0x00000000ad700000, 0x00000000ad800000|  0%| F|  |TAMS 0x00000000ad700000, 0x00000000ad700000| Untracked 
| 196|0x00000000ad800000, 0x00000000ad800000, 0x00000000ad900000|  0%| F|  |TAMS 0x00000000ad800000, 0x00000000ad800000| Untracked 
| 197|0x00000000ad900000, 0x00000000ad900000, 0x00000000ada00000|  0%| F|  |TAMS 0x00000000ad900000, 0x00000000ad900000| Untracked 
| 198|0x00000000ada00000, 0x00000000ada00000, 0x00000000adb00000|  0%| F|  |TAMS 0x00000000ada00000, 0x00000000ada00000| Untracked 
| 199|0x00000000adb00000, 0x00000000adb00000, 0x00000000adc00000|  0%| F|  |TAMS 0x00000000adb00000, 0x00000000adb00000| Untracked 
| 200|0x00000000adc00000, 0x00000000adc00000, 0x00000000add00000|  0%| F|  |TAMS 0x00000000adc00000, 0x00000000adc00000| Untracked 
| 201|0x00000000add00000, 0x00000000add00000, 0x00000000ade00000|  0%| F|  |TAMS 0x00000000add00000, 0x00000000add00000| Untracked 
| 202|0x00000000ade00000, 0x00000000ade00000, 0x00000000adf00000|  0%| F|  |TAMS 0x00000000ade00000, 0x00000000ade00000| Untracked 
| 203|0x00000000adf00000, 0x00000000adf00000, 0x00000000ae000000|  0%| F|  |TAMS 0x00000000adf00000, 0x00000000adf00000| Untracked 
| 204|0x00000000ae000000, 0x00000000ae000000, 0x00000000ae100000|  0%| F|  |TAMS 0x00000000ae000000, 0x00000000ae000000| Untracked 
| 205|0x00000000ae100000, 0x00000000ae100000, 0x00000000ae200000|  0%| F|  |TAMS 0x00000000ae100000, 0x00000000ae100000| Untracked 
| 206|0x00000000ae200000, 0x00000000ae200000, 0x00000000ae300000|  0%| F|  |TAMS 0x00000000ae200000, 0x00000000ae200000| Untracked 
| 207|0x00000000ae300000, 0x00000000ae300000, 0x00000000ae400000|  0%| F|  |TAMS 0x00000000ae300000, 0x00000000ae300000| Untracked 
| 208|0x00000000ae400000, 0x00000000ae400000, 0x00000000ae500000|  0%| F|  |TAMS 0x00000000ae400000, 0x00000000ae400000| Untracked 
| 209|0x00000000ae500000, 0x00000000ae500000, 0x00000000ae600000|  0%| F|  |TAMS 0x00000000ae500000, 0x00000000ae500000| Untracked 
| 210|0x00000000ae600000, 0x00000000ae600000, 0x00000000ae700000|  0%| F|  |TAMS 0x00000000ae600000, 0x00000000ae600000| Untracked 
| 211|0x00000000ae700000, 0x00000000ae700000, 0x00000000ae800000|  0%| F|  |TAMS 0x00000000ae700000, 0x00000000ae700000| Untracked 
| 212|0x00000000ae800000, 0x00000000ae800000, 0x00000000ae900000|  0%| F|  |TAMS 0x00000000ae800000, 0x00000000ae800000| Untracked 
| 213|0x00000000ae900000, 0x00000000ae900000, 0x00000000aea00000|  0%| F|  |TAMS 0x00000000ae900000, 0x00000000ae900000| Untracked 
| 214|0x00000000aea00000, 0x00000000aea00000, 0x00000000aeb00000|  0%| F|  |TAMS 0x00000000aea00000, 0x00000000aea00000| Untracked 
| 215|0x00000000aeb00000, 0x00000000aeb00000, 0x00000000aec00000|  0%| F|  |TAMS 0x00000000aeb00000, 0x00000000aeb00000| Untracked 
| 216|0x00000000aec00000, 0x00000000aec00000, 0x00000000aed00000|  0%| F|  |TAMS 0x00000000aec00000, 0x00000000aec00000| Untracked 
| 217|0x00000000aed00000, 0x00000000aed00000, 0x00000000aee00000|  0%| F|  |TAMS 0x00000000aed00000, 0x00000000aed00000| Untracked 
| 218|0x00000000aee00000, 0x00000000aee00000, 0x00000000aef00000|  0%| F|  |TAMS 0x00000000aee00000, 0x00000000aee00000| Untracked 
| 219|0x00000000aef00000, 0x00000000aef00000, 0x00000000af000000|  0%| F|  |TAMS 0x00000000aef00000, 0x00000000aef00000| Untracked 
| 220|0x00000000af000000, 0x00000000af000000, 0x00000000af100000|  0%| F|  |TAMS 0x00000000af000000, 0x00000000af000000| Untracked 
| 221|0x00000000af100000, 0x00000000af100000, 0x00000000af200000|  0%| F|  |TAMS 0x00000000af100000, 0x00000000af100000| Untracked 
| 222|0x00000000af200000, 0x00000000af200000, 0x00000000af300000|  0%| F|  |TAMS 0x00000000af200000, 0x00000000af200000| Untracked 
| 223|0x00000000af300000, 0x00000000af300000, 0x00000000af400000|  0%| F|  |TAMS 0x00000000af300000, 0x00000000af300000| Untracked 
| 224|0x00000000af400000, 0x00000000af400000, 0x00000000af500000|  0%| F|  |TAMS 0x00000000af400000, 0x00000000af400000| Untracked 
| 225|0x00000000af500000, 0x00000000af500000, 0x00000000af600000|  0%| F|  |TAMS 0x00000000af500000, 0x00000000af500000| Untracked 
| 226|0x00000000af600000, 0x00000000af600000, 0x00000000af700000|  0%| F|  |TAMS 0x00000000af600000, 0x00000000af600000| Untracked 
| 227|0x00000000af700000, 0x00000000af700000, 0x00000000af800000|  0%| F|  |TAMS 0x00000000af700000, 0x00000000af700000| Untracked 
| 228|0x00000000af800000, 0x00000000af800000, 0x00000000af900000|  0%| F|  |TAMS 0x00000000af800000, 0x00000000af800000| Untracked 
| 229|0x00000000af900000, 0x00000000af900000, 0x00000000afa00000|  0%| F|  |TAMS 0x00000000af900000, 0x00000000af900000| Untracked 
| 230|0x00000000afa00000, 0x00000000afa00000, 0x00000000afb00000|  0%| F|  |TAMS 0x00000000afa00000, 0x00000000afa00000| Untracked 
| 231|0x00000000afb00000, 0x00000000afb00000, 0x00000000afc00000|  0%| F|  |TAMS 0x00000000afb00000, 0x00000000afb00000| Untracked 
| 232|0x00000000afc00000, 0x00000000afc00000, 0x00000000afd00000|  0%| F|  |TAMS 0x00000000afc00000, 0x00000000afc00000| Untracked 
| 233|0x00000000afd00000, 0x00000000afd00000, 0x00000000afe00000|  0%| F|  |TAMS 0x00000000afd00000, 0x00000000afd00000| Untracked 
| 234|0x00000000afe00000, 0x00000000afe00000, 0x00000000aff00000|  0%| F|  |TAMS 0x00000000afe00000, 0x00000000afe00000| Untracked 
| 235|0x00000000aff00000, 0x00000000aff00000, 0x00000000b0000000|  0%| F|  |TAMS 0x00000000aff00000, 0x00000000aff00000| Untracked 
| 236|0x00000000b0000000, 0x00000000b0000000, 0x00000000b0100000|  0%| F|  |TAMS 0x00000000b0000000, 0x00000000b0000000| Untracked 
| 237|0x00000000b0100000, 0x00000000b0100000, 0x00000000b0200000|  0%| F|  |TAMS 0x00000000b0100000, 0x00000000b0100000| Untracked 
| 238|0x00000000b0200000, 0x00000000b0200000, 0x00000000b0300000|  0%| F|  |TAMS 0x00000000b0200000, 0x00000000b0200000| Untracked 
| 239|0x00000000b0300000, 0x00000000b0300000, 0x00000000b0400000|  0%| F|  |TAMS 0x00000000b0300000, 0x00000000b0300000| Untracked 
| 240|0x00000000b0400000, 0x00000000b0400000, 0x00000000b0500000|  0%| F|  |TAMS 0x00000000b0400000, 0x00000000b0400000| Untracked 
| 241|0x00000000b0500000, 0x00000000b0500000, 0x00000000b0600000|  0%| F|  |TAMS 0x00000000b0500000, 0x00000000b0500000| Untracked 
| 242|0x00000000b0600000, 0x00000000b0600000, 0x00000000b0700000|  0%| F|  |TAMS 0x00000000b0600000, 0x00000000b0600000| Untracked 
| 243|0x00000000b0700000, 0x00000000b0700000, 0x00000000b0800000|  0%| F|  |TAMS 0x00000000b0700000, 0x00000000b0700000| Untracked 
| 244|0x00000000b0800000, 0x00000000b0800000, 0x00000000b0900000|  0%| F|  |TAMS 0x00000000b0800000, 0x00000000b0800000| Untracked 
| 245|0x00000000b0900000, 0x00000000b0900000, 0x00000000b0a00000|  0%| F|  |TAMS 0x00000000b0900000, 0x00000000b0900000| Untracked 
| 246|0x00000000b0a00000, 0x00000000b0a00000, 0x00000000b0b00000|  0%| F|  |TAMS 0x00000000b0a00000, 0x00000000b0a00000| Untracked 
| 247|0x00000000b0b00000, 0x00000000b0b00000, 0x00000000b0c00000|  0%| F|  |TAMS 0x00000000b0b00000, 0x00000000b0b00000| Untracked 
| 248|0x00000000b0c00000, 0x00000000b0c00000, 0x00000000b0d00000|  0%| F|  |TAMS 0x00000000b0c00000, 0x00000000b0c00000| Untracked 
| 249|0x00000000b0d00000, 0x00000000b0d00000, 0x00000000b0e00000|  0%| F|  |TAMS 0x00000000b0d00000, 0x00000000b0d00000| Untracked 
| 250|0x00000000b0e00000, 0x00000000b0e00000, 0x00000000b0f00000|  0%| F|  |TAMS 0x00000000b0e00000, 0x00000000b0e00000| Untracked 
| 251|0x00000000b0f00000, 0x00000000b0f00000, 0x00000000b1000000|  0%| F|  |TAMS 0x00000000b0f00000, 0x00000000b0f00000| Untracked 
| 252|0x00000000b1000000, 0x00000000b1000000, 0x00000000b1100000|  0%| F|  |TAMS 0x00000000b1000000, 0x00000000b1000000| Untracked 
| 253|0x00000000b1100000, 0x00000000b1100000, 0x00000000b1200000|  0%| F|  |TAMS 0x00000000b1100000, 0x00000000b1100000| Untracked 
| 254|0x00000000b1200000, 0x00000000b1200000, 0x00000000b1300000|  0%| F|  |TAMS 0x00000000b1200000, 0x00000000b1200000| Untracked 
| 255|0x00000000b1300000, 0x00000000b1300000, 0x00000000b1400000|  0%| F|  |TAMS 0x00000000b1300000, 0x00000000b1300000| Untracked 
| 256|0x00000000b1400000, 0x00000000b1400000, 0x00000000b1500000|  0%| F|  |TAMS 0x00000000b1400000, 0x00000000b1400000| Untracked 
| 257|0x00000000b1500000, 0x00000000b1500000, 0x00000000b1600000|  0%| F|  |TAMS 0x00000000b1500000, 0x00000000b1500000| Untracked 
| 258|0x00000000b1600000, 0x00000000b1600000, 0x00000000b1700000|  0%| F|  |TAMS 0x00000000b1600000, 0x00000000b1600000| Untracked 
| 259|0x00000000b1700000, 0x00000000b1700000, 0x00000000b1800000|  0%| F|  |TAMS 0x00000000b1700000, 0x00000000b1700000| Untracked 
| 260|0x00000000b1800000, 0x00000000b1800000, 0x00000000b1900000|  0%| F|  |TAMS 0x00000000b1800000, 0x00000000b1800000| Untracked 
| 261|0x00000000b1900000, 0x00000000b1900000, 0x00000000b1a00000|  0%| F|  |TAMS 0x00000000b1900000, 0x00000000b1900000| Untracked 
| 262|0x00000000b1a00000, 0x00000000b1a00000, 0x00000000b1b00000|  0%| F|  |TAMS 0x00000000b1a00000, 0x00000000b1a00000| Untracked 
| 263|0x00000000b1b00000, 0x00000000b1b00000, 0x00000000b1c00000|  0%| F|  |TAMS 0x00000000b1b00000, 0x00000000b1b00000| Untracked 
| 264|0x00000000b1c00000, 0x00000000b1c00000, 0x00000000b1d00000|  0%| F|  |TAMS 0x00000000b1c00000, 0x00000000b1c00000| Untracked 
| 265|0x00000000b1d00000, 0x00000000b1d00000, 0x00000000b1e00000|  0%| F|  |TAMS 0x00000000b1d00000, 0x00000000b1d00000| Untracked 
| 266|0x00000000b1e00000, 0x00000000b1e00000, 0x00000000b1f00000|  0%| F|  |TAMS 0x00000000b1e00000, 0x00000000b1e00000| Untracked 
| 267|0x00000000b1f00000, 0x00000000b1f00000, 0x00000000b2000000|  0%| F|  |TAMS 0x00000000b1f00000, 0x00000000b1f00000| Untracked 
| 268|0x00000000b2000000, 0x00000000b2000000, 0x00000000b2100000|  0%| F|  |TAMS 0x00000000b2000000, 0x00000000b2000000| Untracked 
| 269|0x00000000b2100000, 0x00000000b2100000, 0x00000000b2200000|  0%| F|  |TAMS 0x00000000b2100000, 0x00000000b2100000| Untracked 
| 270|0x00000000b2200000, 0x00000000b2200000, 0x00000000b2300000|  0%| F|  |TAMS 0x00000000b2200000, 0x00000000b2200000| Untracked 
| 271|0x00000000b2300000, 0x00000000b2300000, 0x00000000b2400000|  0%| F|  |TAMS 0x00000000b2300000, 0x00000000b2300000| Untracked 
| 272|0x00000000b2400000, 0x00000000b2400000, 0x00000000b2500000|  0%| F|  |TAMS 0x00000000b2400000, 0x00000000b2400000| Untracked 
| 273|0x00000000b2500000, 0x00000000b2500000, 0x00000000b2600000|  0%| F|  |TAMS 0x00000000b2500000, 0x00000000b2500000| Untracked 
| 274|0x00000000b2600000, 0x00000000b2600000, 0x00000000b2700000|  0%| F|  |TAMS 0x00000000b2600000, 0x00000000b2600000| Untracked 
| 275|0x00000000b2700000, 0x00000000b2700000, 0x00000000b2800000|  0%| F|  |TAMS 0x00000000b2700000, 0x00000000b2700000| Untracked 
| 276|0x00000000b2800000, 0x00000000b2800000, 0x00000000b2900000|  0%| F|  |TAMS 0x00000000b2800000, 0x00000000b2800000| Untracked 
| 277|0x00000000b2900000, 0x00000000b2900000, 0x00000000b2a00000|  0%| F|  |TAMS 0x00000000b2900000, 0x00000000b2900000| Untracked 
| 278|0x00000000b2a00000, 0x00000000b2a00000, 0x00000000b2b00000|  0%| F|  |TAMS 0x00000000b2a00000, 0x00000000b2a00000| Untracked 
| 279|0x00000000b2b00000, 0x00000000b2b00000, 0x00000000b2c00000|  0%| F|  |TAMS 0x00000000b2b00000, 0x00000000b2b00000| Untracked 
| 280|0x00000000b2c00000, 0x00000000b2cc9028, 0x00000000b2d00000| 78%| E|  |TAMS 0x00000000b2c00000, 0x00000000b2c00000| Complete 
| 281|0x00000000b2d00000, 0x00000000b2e00000, 0x00000000b2e00000|100%| E|CS|TAMS 0x00000000b2d00000, 0x00000000b2d00000| Complete 
| 282|0x00000000b2e00000, 0x00000000b2f00000, 0x00000000b2f00000|100%| E|CS|TAMS 0x00000000b2e00000, 0x00000000b2e00000| Complete 
| 283|0x00000000b2f00000, 0x00000000b3000000, 0x00000000b3000000|100%| E|CS|TAMS 0x00000000b2f00000, 0x00000000b2f00000| Complete 
| 284|0x00000000b3000000, 0x00000000b3100000, 0x00000000b3100000|100%| E|CS|TAMS 0x00000000b3000000, 0x00000000b3000000| Complete 
| 285|0x00000000b3100000, 0x00000000b3200000, 0x00000000b3200000|100%| E|CS|TAMS 0x00000000b3100000, 0x00000000b3100000| Complete 
| 286|0x00000000b3200000, 0x00000000b3300000, 0x00000000b3300000|100%| E|CS|TAMS 0x00000000b3200000, 0x00000000b3200000| Complete 
| 287|0x00000000b3300000, 0x00000000b3400000, 0x00000000b3400000|100%| E|CS|TAMS 0x00000000b3300000, 0x00000000b3300000| Complete 
| 288|0x00000000b3400000, 0x00000000b3500000, 0x00000000b3500000|100%| E|CS|TAMS 0x00000000b3400000, 0x00000000b3400000| Complete 
| 289|0x00000000b3500000, 0x00000000b3600000, 0x00000000b3600000|100%| E|CS|TAMS 0x00000000b3500000, 0x00000000b3500000| Complete 
| 290|0x00000000b3600000, 0x00000000b3700000, 0x00000000b3700000|100%| E|CS|TAMS 0x00000000b3600000, 0x00000000b3600000| Complete 
| 291|0x00000000b3700000, 0x00000000b3800000, 0x00000000b3800000|100%| E|CS|TAMS 0x00000000b3700000, 0x00000000b3700000| Complete 
| 292|0x00000000b3800000, 0x00000000b3900000, 0x00000000b3900000|100%| E|CS|TAMS 0x00000000b3800000, 0x00000000b3800000| Complete 
| 293|0x00000000b3900000, 0x00000000b3a00000, 0x00000000b3a00000|100%| E|CS|TAMS 0x00000000b3900000, 0x00000000b3900000| Complete 
| 294|0x00000000b3a00000, 0x00000000b3b00000, 0x00000000b3b00000|100%| E|CS|TAMS 0x00000000b3a00000, 0x00000000b3a00000| Complete 
| 295|0x00000000b3b00000, 0x00000000b3c00000, 0x00000000b3c00000|100%| E|CS|TAMS 0x00000000b3b00000, 0x00000000b3b00000| Complete 
| 296|0x00000000b3c00000, 0x00000000b3d00000, 0x00000000b3d00000|100%| E|CS|TAMS 0x00000000b3c00000, 0x00000000b3c00000| Complete 
| 297|0x00000000b3d00000, 0x00000000b3e00000, 0x00000000b3e00000|100%| E|CS|TAMS 0x00000000b3d00000, 0x00000000b3d00000| Complete 
| 298|0x00000000b3e00000, 0x00000000b3f00000, 0x00000000b3f00000|100%| E|CS|TAMS 0x00000000b3e00000, 0x00000000b3e00000| Complete 
| 299|0x00000000b3f00000, 0x00000000b4000000, 0x00000000b4000000|100%| E|CS|TAMS 0x00000000b3f00000, 0x00000000b3f00000| Complete 
| 300|0x00000000b4000000, 0x00000000b4100000, 0x00000000b4100000|100%| E|CS|TAMS 0x00000000b4000000, 0x00000000b4000000| Complete 
| 301|0x00000000b4100000, 0x00000000b4200000, 0x00000000b4200000|100%| E|CS|TAMS 0x00000000b4100000, 0x00000000b4100000| Complete 
| 302|0x00000000b4200000, 0x00000000b4300000, 0x00000000b4300000|100%| E|CS|TAMS 0x00000000b4200000, 0x00000000b4200000| Complete 
| 303|0x00000000b4300000, 0x00000000b4400000, 0x00000000b4400000|100%| E|CS|TAMS 0x00000000b4300000, 0x00000000b4300000| Complete 
| 304|0x00000000b4400000, 0x00000000b4500000, 0x00000000b4500000|100%| E|CS|TAMS 0x00000000b4400000, 0x00000000b4400000| Complete 
| 305|0x00000000b4500000, 0x00000000b4600000, 0x00000000b4600000|100%| E|CS|TAMS 0x00000000b4500000, 0x00000000b4500000| Complete 
| 306|0x00000000b4600000, 0x00000000b4700000, 0x00000000b4700000|100%| E|CS|TAMS 0x00000000b4600000, 0x00000000b4600000| Complete 
| 307|0x00000000b4700000, 0x00000000b4800000, 0x00000000b4800000|100%| E|CS|TAMS 0x00000000b4700000, 0x00000000b4700000| Complete 
| 308|0x00000000b4800000, 0x00000000b4900000, 0x00000000b4900000|100%| E|CS|TAMS 0x00000000b4800000, 0x00000000b4800000| Complete 
| 309|0x00000000b4900000, 0x00000000b4a00000, 0x00000000b4a00000|100%| E|CS|TAMS 0x00000000b4900000, 0x00000000b4900000| Complete 
| 310|0x00000000b4a00000, 0x00000000b4b00000, 0x00000000b4b00000|100%| E|CS|TAMS 0x00000000b4a00000, 0x00000000b4a00000| Complete 
| 311|0x00000000b4b00000, 0x00000000b4c00000, 0x00000000b4c00000|100%| E|CS|TAMS 0x00000000b4b00000, 0x00000000b4b00000| Complete 
| 312|0x00000000b4c00000, 0x00000000b4d00000, 0x00000000b4d00000|100%| E|CS|TAMS 0x00000000b4c00000, 0x00000000b4c00000| Complete 
| 313|0x00000000b4d00000, 0x00000000b4e00000, 0x00000000b4e00000|100%| E|CS|TAMS 0x00000000b4d00000, 0x00000000b4d00000| Complete 
| 314|0x00000000b4e00000, 0x00000000b4f00000, 0x00000000b4f00000|100%| E|CS|TAMS 0x00000000b4e00000, 0x00000000b4e00000| Complete 
| 315|0x00000000b4f00000, 0x00000000b5000000, 0x00000000b5000000|100%| E|CS|TAMS 0x00000000b4f00000, 0x00000000b4f00000| Complete 
| 316|0x00000000b5000000, 0x00000000b5100000, 0x00000000b5100000|100%| E|CS|TAMS 0x00000000b5000000, 0x00000000b5000000| Complete 
| 317|0x00000000b5100000, 0x00000000b5200000, 0x00000000b5200000|100%| E|CS|TAMS 0x00000000b5100000, 0x00000000b5100000| Complete 
| 318|0x00000000b5200000, 0x00000000b5300000, 0x00000000b5300000|100%| E|CS|TAMS 0x00000000b5200000, 0x00000000b5200000| Complete 
| 319|0x00000000b5300000, 0x00000000b5400000, 0x00000000b5400000|100%| E|CS|TAMS 0x00000000b5300000, 0x00000000b5300000| Complete 
| 320|0x00000000b5400000, 0x00000000b5500000, 0x00000000b5500000|100%| E|CS|TAMS 0x00000000b5400000, 0x00000000b5400000| Complete 
| 321|0x00000000b5500000, 0x00000000b5600000, 0x00000000b5600000|100%| E|CS|TAMS 0x00000000b5500000, 0x00000000b5500000| Complete 
| 322|0x00000000b5600000, 0x00000000b5700000, 0x00000000b5700000|100%| E|CS|TAMS 0x00000000b5600000, 0x00000000b5600000| Complete 
| 323|0x00000000b5700000, 0x00000000b5800000, 0x00000000b5800000|100%| E|CS|TAMS 0x00000000b5700000, 0x00000000b5700000| Complete 
| 324|0x00000000b5800000, 0x00000000b5900000, 0x00000000b5900000|100%| E|CS|TAMS 0x00000000b5800000, 0x00000000b5800000| Complete 
| 325|0x00000000b5900000, 0x00000000b5a00000, 0x00000000b5a00000|100%| E|CS|TAMS 0x00000000b5900000, 0x00000000b5900000| Complete 
| 326|0x00000000b5a00000, 0x00000000b5b00000, 0x00000000b5b00000|100%| E|CS|TAMS 0x00000000b5a00000, 0x00000000b5a00000| Complete 
| 327|0x00000000b5b00000, 0x00000000b5c00000, 0x00000000b5c00000|100%| E|CS|TAMS 0x00000000b5b00000, 0x00000000b5b00000| Complete 
| 328|0x00000000b5c00000, 0x00000000b5d00000, 0x00000000b5d00000|100%| E|CS|TAMS 0x00000000b5c00000, 0x00000000b5c00000| Complete 
| 329|0x00000000b5d00000, 0x00000000b5e00000, 0x00000000b5e00000|100%| E|CS|TAMS 0x00000000b5d00000, 0x00000000b5d00000| Complete 
| 330|0x00000000b5e00000, 0x00000000b5f00000, 0x00000000b5f00000|100%| E|CS|TAMS 0x00000000b5e00000, 0x00000000b5e00000| Complete 
| 331|0x00000000b5f00000, 0x00000000b6000000, 0x00000000b6000000|100%| E|CS|TAMS 0x00000000b5f00000, 0x00000000b5f00000| Complete 
| 332|0x00000000b6000000, 0x00000000b6100000, 0x00000000b6100000|100%| E|CS|TAMS 0x00000000b6000000, 0x00000000b6000000| Complete 
| 333|0x00000000b6100000, 0x00000000b6200000, 0x00000000b6200000|100%| E|CS|TAMS 0x00000000b6100000, 0x00000000b6100000| Complete 
| 334|0x00000000b6200000, 0x00000000b6300000, 0x00000000b6300000|100%| E|CS|TAMS 0x00000000b6200000, 0x00000000b6200000| Complete 
| 335|0x00000000b6300000, 0x00000000b6400000, 0x00000000b6400000|100%| E|CS|TAMS 0x00000000b6300000, 0x00000000b6300000| Complete 
| 336|0x00000000b6400000, 0x00000000b6500000, 0x00000000b6500000|100%| E|CS|TAMS 0x00000000b6400000, 0x00000000b6400000| Complete 
| 337|0x00000000b6500000, 0x00000000b6600000, 0x00000000b6600000|100%| E|CS|TAMS 0x00000000b6500000, 0x00000000b6500000| Complete 
| 338|0x00000000b6600000, 0x00000000b6700000, 0x00000000b6700000|100%| E|CS|TAMS 0x00000000b6600000, 0x00000000b6600000| Complete 
| 339|0x00000000b6700000, 0x00000000b6800000, 0x00000000b6800000|100%| E|CS|TAMS 0x00000000b6700000, 0x00000000b6700000| Complete 
| 340|0x00000000b6800000, 0x00000000b6900000, 0x00000000b6900000|100%| E|CS|TAMS 0x00000000b6800000, 0x00000000b6800000| Complete 
| 341|0x00000000b6900000, 0x00000000b6a00000, 0x00000000b6a00000|100%| E|CS|TAMS 0x00000000b6900000, 0x00000000b6900000| Complete 
| 342|0x00000000b6a00000, 0x00000000b6b00000, 0x00000000b6b00000|100%| E|CS|TAMS 0x00000000b6a00000, 0x00000000b6a00000| Complete 
| 343|0x00000000b6b00000, 0x00000000b6c00000, 0x00000000b6c00000|100%| E|CS|TAMS 0x00000000b6b00000, 0x00000000b6b00000| Complete 
| 344|0x00000000b6c00000, 0x00000000b6d00000, 0x00000000b6d00000|100%| E|CS|TAMS 0x00000000b6c00000, 0x00000000b6c00000| Complete 
| 345|0x00000000b6d00000, 0x00000000b6e00000, 0x00000000b6e00000|100%| E|CS|TAMS 0x00000000b6d00000, 0x00000000b6d00000| Complete 
| 346|0x00000000b6e00000, 0x00000000b6f00000, 0x00000000b6f00000|100%| E|CS|TAMS 0x00000000b6e00000, 0x00000000b6e00000| Complete 
| 347|0x00000000b6f00000, 0x00000000b7000000, 0x00000000b7000000|100%| E|CS|TAMS 0x00000000b6f00000, 0x00000000b6f00000| Complete 
| 348|0x00000000b7000000, 0x00000000b7100000, 0x00000000b7100000|100%| E|CS|TAMS 0x00000000b7000000, 0x00000000b7000000| Complete 
| 349|0x00000000b7100000, 0x00000000b7200000, 0x00000000b7200000|100%| E|CS|TAMS 0x00000000b7100000, 0x00000000b7100000| Complete 
| 350|0x00000000b7200000, 0x00000000b7300000, 0x00000000b7300000|100%| E|CS|TAMS 0x00000000b7200000, 0x00000000b7200000| Complete 
| 351|0x00000000b7300000, 0x00000000b7400000, 0x00000000b7400000|100%| E|CS|TAMS 0x00000000b7300000, 0x00000000b7300000| Complete 
| 352|0x00000000b7400000, 0x00000000b74f7218, 0x00000000b7500000| 96%| S|CS|TAMS 0x00000000b7400000, 0x00000000b7400000| Complete 
| 353|0x00000000b7500000, 0x00000000b7600000, 0x00000000b7600000|100%| S|CS|TAMS 0x00000000b7500000, 0x00000000b7500000| Complete 
| 354|0x00000000b7600000, 0x00000000b7700000, 0x00000000b7700000|100%| E|CS|TAMS 0x00000000b7600000, 0x00000000b7600000| Complete 

Card table byte_map: [0x00000234ce2f0000,0x00000234ce5f0000] _byte_map_base: 0x00000234cdde6000

Marking Bits (Prev, Next): (CMBitMap*) 0x00000234b745c060, (CMBitMap*) 0x00000234b745c020
 Prev Bits: [0x00000234d00a0000, 0x00000234d1850000)
 Next Bits: [0x00000234ce8f0000, 0x00000234d00a0000)

Polling page: 0x00000234b55a0000

Metaspace:

Usage:
  Non-class:     67.58 MB used.
      Class:     11.08 MB used.
       Both:     78.65 MB used.

Virtual space:
  Non-class space:      128.00 MB reserved,      67.88 MB ( 53%) committed,  2 nodes.
      Class space:        1.00 GB reserved,      11.38 MB (  1%) committed,  1 nodes.
             Both:        1.12 GB reserved,      79.25 MB (  7%) committed. 

Chunk freelists:
   Non-Class:  12.14 MB
       Class:  4.66 MB
        Both:  16.80 MB

MaxMetaspaceSize: unlimited
CompressedClassSpaceSize: 1.00 GB
Initial GC threshold: 21.00 MB
Current GC threshold: 114.62 MB
CDS: on
MetaspaceReclaimPolicy: balanced
 - commit_granule_bytes: 65536.
 - commit_granule_words: 8192.
 - virtual_space_node_default_size: 8388608.
 - enlarge_chunks_in_place: 1.
 - new_chunks_are_fully_committed: 0.
 - uncommit_free_chunks: 1.
 - use_allocation_guard: 0.
 - handle_deallocations: 1.


Internal statistics:

num_allocs_failed_limit: 6.
num_arena_births: 938.
num_arena_deaths: 0.
num_vsnodes_births: 3.
num_vsnodes_deaths: 0.
num_space_committed: 1268.
num_space_uncommitted: 0.
num_chunks_returned_to_freelist: 6.
num_chunks_taken_from_freelist: 3840.
num_chunk_merges: 6.
num_chunk_splits: 2685.
num_chunks_enlarged: 2031.
num_inconsistent_stats: 0.

CodeHeap 'non-profiled nmethods': size=120000Kb used=5432Kb max_used=5432Kb free=114567Kb
 bounds [0x00000234c6790000, 0x00000234c6ce0000, 0x00000234cdcc0000]
CodeHeap 'profiled nmethods': size=120000Kb used=13120Kb max_used=13120Kb free=106879Kb
 bounds [0x00000234becc0000, 0x00000234bf9a0000, 0x00000234c61f0000]
CodeHeap 'non-nmethods': size=5760Kb used=1365Kb max_used=1440Kb free=4394Kb
 bounds [0x00000234c61f0000, 0x00000234c6460000, 0x00000234c6790000]
 total_blobs=7259 nmethods=6557 adapters=614
 compilation: enabled
              stopped_count=0, restarted_count=0
 full_count=0

Compilation events (20 events):
Event: 22.937 Thread 0x00000234d424a020 7297       3       java.math.MutableBigInteger::isZero (13 bytes)
Event: 22.937 Thread 0x00000234d424a020 nmethod 7297 0x00000234bf989610 code [0x00000234bf9897a0, 0x00000234bf989918]
Event: 22.937 Thread 0x00000234d424a020 7298       3       java.math.MutableBigInteger::getLowestSetBit (74 bytes)
Event: 22.937 Thread 0x00000234d424a020 nmethod 7298 0x00000234bf989990 code [0x00000234bf989b60, 0x00000234bf989ec8]
Event: 22.937 Thread 0x00000234d424a020 7302       3       java.math.SignedMutableBigInteger::signedSubtract (34 bytes)
Event: 22.937 Thread 0x00000234d424a020 nmethod 7302 0x00000234bf98a010 code [0x00000234bf98a1c0, 0x00000234bf98a4d8]
Event: 22.937 Thread 0x00000234d424a020 7303       3       java.math.SignedMutableBigInteger::signedAdd (34 bytes)
Event: 22.937 Thread 0x00000234d424a020 nmethod 7303 0x00000234bf98a610 code [0x00000234bf98a7c0, 0x00000234bf98aad8]
Event: 22.940 Thread 0x00000234d4247190 nmethod 7282 0x00000234c6cdbd10 code [0x00000234c6cdbf20, 0x00000234c6cdcd50]
Event: 22.940 Thread 0x00000234d4247190 7304 %     4       java.math.MutableBigInteger::add @ 67 (346 bytes)
Event: 22.941 Thread 0x00000234d424a020 7306       3       java.math.MutableBigInteger::mul (173 bytes)
Event: 22.941 Thread 0x00000234d424a020 nmethod 7306 0x00000234bf98ac10 code [0x00000234bf98ae00, 0x00000234bf98b4b8]
Event: 22.942 Thread 0x00000234d424a020 7307       3       java.math.MutableBigInteger::toBigInteger (28 bytes)
Event: 22.942 Thread 0x00000234d424a020 nmethod 7307 0x00000234bf98b790 code [0x00000234bf98b940, 0x00000234bf98bbd8]
Event: 22.942 Thread 0x00000234d424a020 7308       3       java.math.MutableBigInteger::unsignedLongCompare (20 bytes)
Event: 22.942 Thread 0x00000234d424a020 nmethod 7308 0x00000234bf98bd10 code [0x00000234bf98bea0, 0x00000234bf98c018]
Event: 22.943 Thread 0x00000234d424a020 7310       3       java.math.BigInteger::shiftLeftImplWorker (43 bytes)
Event: 22.944 Thread 0x00000234d424a020 nmethod 7310 0x00000234bf98c090 code [0x00000234bf98c240, 0x00000234bf98c478]
Event: 22.945 Thread 0x000002351f6fd100 nmethod 7300% 0x00000234c6cdd510 code [0x00000234c6cdd6a0, 0x00000234c6cddaf8]
Event: 22.945 Thread 0x000002351f6fd100 7309       4       java.math.BigInteger::implMulAdd (81 bytes)

GC Heap History (20 events):
Event: 14.857 GC heap before
{Heap before GC invocations=25 (full 0):
 garbage-first heap   total 65536K, used 46710K [0x00000000a1400000, 0x0000000100000000)
  region size 1024K, 14 young (14336K), 2 survivors (2048K)
 Metaspace       used 69767K, committed 70400K, reserved 1114112K
  class space    used 9846K, committed 10176K, reserved 1048576K
}
Event: 14.862 GC heap after
{Heap after GC invocations=26 (full 0):
 garbage-first heap   total 65536K, used 35270K [0x00000000a1400000, 0x0000000100000000)
  region size 1024K, 2 young (2048K), 2 survivors (2048K)
 Metaspace       used 69767K, committed 70400K, reserved 1114112K
  class space    used 9846K, committed 10176K, reserved 1048576K
}
Event: 14.936 GC heap before
{Heap before GC invocations=26 (full 0):
 garbage-first heap   total 65536K, used 50630K [0x00000000a1400000, 0x0000000100000000)
  region size 1024K, 18 young (18432K), 2 survivors (2048K)
 Metaspace       used 69780K, committed 70400K, reserved 1114112K
  class space    used 9846K, committed 10176K, reserved 1048576K
}
Event: 14.940 GC heap after
{Heap after GC invocations=27 (full 0):
 garbage-first heap   total 65536K, used 37267K [0x00000000a1400000, 0x0000000100000000)
  region size 1024K, 3 young (3072K), 3 survivors (3072K)
 Metaspace       used 69780K, committed 70400K, reserved 1114112K
  class space    used 9846K, committed 10176K, reserved 1048576K
}
Event: 15.024 GC heap before
{Heap before GC invocations=28 (full 0):
 garbage-first heap   total 83968K, used 50579K [0x00000000a1400000, 0x0000000100000000)
  region size 1024K, 16 young (16384K), 3 survivors (3072K)
 Metaspace       used 69794K, committed 70400K, reserved 1114112K
  class space    used 9846K, committed 10176K, reserved 1048576K
}
Event: 15.028 GC heap after
{Heap after GC invocations=29 (full 0):
 garbage-first heap   total 113664K, used 37850K [0x00000000a1400000, 0x0000000100000000)
  region size 1024K, 1 young (1024K), 1 survivors (1024K)
 Metaspace       used 69794K, committed 70400K, reserved 1114112K
  class space    used 9846K, committed 10176K, reserved 1048576K
}
Event: 15.305 GC heap before
{Heap before GC invocations=29 (full 0):
 garbage-first heap   total 113664K, used 88026K [0x00000000a1400000, 0x0000000100000000)
  region size 1024K, 49 young (50176K), 1 survivors (1024K)
 Metaspace       used 69799K, committed 70400K, reserved 1114112K
  class space    used 9848K, committed 10176K, reserved 1048576K
}
Event: 15.323 GC heap after
{Heap after GC invocations=30 (full 0):
 garbage-first heap   total 113664K, used 56513K [0x00000000a1400000, 0x0000000100000000)
  region size 1024K, 7 young (7168K), 7 survivors (7168K)
 Metaspace       used 69799K, committed 70400K, reserved 1114112K
  class space    used 9848K, committed 10176K, reserved 1048576K
}
Event: 15.465 GC heap before
{Heap before GC invocations=30 (full 0):
 garbage-first heap   total 113664K, used 84161K [0x00000000a1400000, 0x0000000100000000)
  region size 1024K, 34 young (34816K), 7 survivors (7168K)
 Metaspace       used 69824K, committed 70464K, reserved 1114112K
  class space    used 9850K, committed 10176K, reserved 1048576K
}
Event: 15.479 GC heap after
{Heap after GC invocations=31 (full 0):
 garbage-first heap   total 113664K, used 64061K [0x00000000a1400000, 0x0000000100000000)
  region size 1024K, 5 young (5120K), 5 survivors (5120K)
 Metaspace       used 69824K, committed 70464K, reserved 1114112K
  class space    used 9850K, committed 10176K, reserved 1048576K
}
Event: 15.623 GC heap before
{Heap before GC invocations=32 (full 0):
 garbage-first heap   total 124928K, used 84541K [0x00000000a1400000, 0x0000000100000000)
  region size 1024K, 26 young (26624K), 5 survivors (5120K)
 Metaspace       used 69828K, committed 70464K, reserved 1114112K
  class space    used 9850K, committed 10176K, reserved 1048576K
}
Event: 15.636 GC heap after
{Heap after GC invocations=33 (full 0):
 garbage-first heap   total 124928K, used 71666K [0x00000000a1400000, 0x0000000100000000)
  region size 1024K, 4 young (4096K), 4 survivors (4096K)
 Metaspace       used 69828K, committed 70464K, reserved 1114112K
  class space    used 9850K, committed 10176K, reserved 1048576K
}
Event: 15.705 GC heap before
{Heap before GC invocations=33 (full 0):
 garbage-first heap   total 124928K, used 93170K [0x00000000a1400000, 0x0000000100000000)
  region size 1024K, 25 young (25600K), 4 survivors (4096K)
 Metaspace       used 69840K, committed 70464K, reserved 1114112K
  class space    used 9850K, committed 10176K, reserved 1048576K
}
Event: 15.713 GC heap after
{Heap after GC invocations=34 (full 0):
 garbage-first heap   total 124928K, used 75304K [0x00000000a1400000, 0x0000000100000000)
  region size 1024K, 3 young (3072K), 3 survivors (3072K)
 Metaspace       used 69840K, committed 70464K, reserved 1114112K
  class space    used 9850K, committed 10176K, reserved 1048576K
}
Event: 15.785 GC heap before
{Heap before GC invocations=34 (full 0):
 garbage-first heap   total 157696K, used 94760K [0x00000000a1400000, 0x0000000100000000)
  region size 1024K, 23 young (23552K), 3 survivors (3072K)
 Metaspace       used 69844K, committed 70464K, reserved 1114112K
  class space    used 9850K, committed 10176K, reserved 1048576K
}
Event: 15.789 GC heap after
{Heap after GC invocations=35 (full 0):
 garbage-first heap   total 363520K, used 73866K [0x00000000a1400000, 0x0000000100000000)
  region size 1024K, 1 young (1024K), 1 survivors (1024K)
 Metaspace       used 69844K, committed 70464K, reserved 1114112K
  class space    used 9850K, committed 10176K, reserved 1048576K
}
Event: 16.332 GC heap before
{Heap before GC invocations=36 (full 0):
 garbage-first heap   total 363520K, used 214154K [0x00000000a1400000, 0x0000000100000000)
  region size 1024K, 135 young (138240K), 1 survivors (1024K)
 Metaspace       used 70000K, committed 70592K, reserved 1114112K
  class space    used 9877K, committed 10176K, reserved 1048576K
}
Event: 16.380 GC heap after
{Heap after GC invocations=37 (full 0):
 garbage-first heap   total 363520K, used 120358K [0x00000000a1400000, 0x0000000100000000)
  region size 1024K, 17 young (17408K), 17 survivors (17408K)
 Metaspace       used 70000K, committed 70592K, reserved 1114112K
  class space    used 9877K, committed 10176K, reserved 1048576K
}
Event: 16.388 GC heap before
{Heap before GC invocations=37 (full 0):
 garbage-first heap   total 363520K, used 121382K [0x00000000a1400000, 0x0000000100000000)
  region size 1024K, 18 young (18432K), 17 survivors (17408K)
 Metaspace       used 70001K, committed 70592K, reserved 1114112K
  class space    used 9877K, committed 10176K, reserved 1048576K
}
Event: 16.404 GC heap after
{Heap after GC invocations=38 (full 0):
 garbage-first heap   total 363520K, used 117341K [0x00000000a1400000, 0x0000000100000000)
  region size 1024K, 2 young (2048K), 2 survivors (2048K)
 Metaspace       used 70001K, committed 70592K, reserved 1114112K
  class space    used 9877K, committed 10176K, reserved 1048576K
}

Deoptimization events (20 events):
Event: 22.945 Thread 0x000002351c6536e0 DEOPT PACKING pc=0x00000234bf5ea680 sp=0x00000047589fe490
Event: 22.945 Thread 0x000002351c6536e0 DEOPT UNPACKING pc=0x00000234c6242b43 sp=0x00000047589fd8e8 mode 0
Event: 22.945 Thread 0x000002351c6536e0 DEOPT PACKING pc=0x00000234bf5ea680 sp=0x00000047589fe490
Event: 22.945 Thread 0x000002351c6536e0 DEOPT UNPACKING pc=0x00000234c6242b43 sp=0x00000047589fd8e8 mode 0
Event: 22.945 Thread 0x000002351c6536e0 DEOPT PACKING pc=0x00000234bf5ea680 sp=0x00000047589fe400
Event: 22.945 Thread 0x000002351c6536e0 DEOPT UNPACKING pc=0x00000234c6242b43 sp=0x00000047589fd858 mode 0
Event: 22.945 Thread 0x000002351c6536e0 DEOPT PACKING pc=0x00000234bf5ea680 sp=0x00000047589fe490
Event: 22.945 Thread 0x000002351c6536e0 DEOPT UNPACKING pc=0x00000234c6242b43 sp=0x00000047589fd8e8 mode 0
Event: 22.945 Thread 0x000002351c6536e0 DEOPT PACKING pc=0x00000234bf5ea680 sp=0x00000047589fe490
Event: 22.945 Thread 0x000002351c6536e0 DEOPT UNPACKING pc=0x00000234c6242b43 sp=0x00000047589fd8e8 mode 0
Event: 22.945 Thread 0x000002351c6536e0 DEOPT PACKING pc=0x00000234bf5ea680 sp=0x00000047589fe400
Event: 22.945 Thread 0x000002351c6536e0 DEOPT UNPACKING pc=0x00000234c6242b43 sp=0x00000047589fd858 mode 0
Event: 22.945 Thread 0x000002351c6536e0 DEOPT PACKING pc=0x00000234bf5ea680 sp=0x00000047589fe490
Event: 22.945 Thread 0x000002351c6536e0 DEOPT UNPACKING pc=0x00000234c6242b43 sp=0x00000047589fd8e8 mode 0
Event: 22.945 Thread 0x000002351c6536e0 DEOPT PACKING pc=0x00000234bf5ea680 sp=0x00000047589fe490
Event: 22.946 Thread 0x000002351c6536e0 DEOPT UNPACKING pc=0x00000234c6242b43 sp=0x00000047589fd8e8 mode 0
Event: 22.946 Thread 0x000002351c6536e0 DEOPT PACKING pc=0x00000234bf5ea680 sp=0x00000047589fe400
Event: 22.946 Thread 0x000002351c6536e0 DEOPT UNPACKING pc=0x00000234c6242b43 sp=0x00000047589fd858 mode 0
Event: 22.946 Thread 0x000002351c6536e0 DEOPT PACKING pc=0x00000234bf5ea680 sp=0x00000047589fe490
Event: 22.946 Thread 0x000002351c6536e0 DEOPT UNPACKING pc=0x00000234c6242b43 sp=0x00000047589fd8e8 mode 0

Classes unloaded (0 events):
No events

Classes redefined (0 events):
No events

Internal exceptions (20 events):
Event: 14.778 Thread 0x000002351a51ff80 Exception <a 'java/lang/reflect/InvocationTargetException'{0x00000000a51ada98}> (0x00000000a51ada98) 
thrown [s\open\src\hotspot\share\runtime\reflection.cpp, line 1121]
Event: 14.807 Thread 0x000002351a51ff80 Exception <a 'java/lang/reflect/InvocationTargetException'{0x00000000a50c69d8}> (0x00000000a50c69d8) 
thrown [s\open\src\hotspot\share\runtime\reflection.cpp, line 1121]
Event: 16.293 Thread 0x000002351a51ff80 Exception <a 'java/lang/reflect/InvocationTargetException'{0x00000000afa9d8f8}> (0x00000000afa9d8f8) 
thrown [s\open\src\hotspot\share\runtime\reflection.cpp, line 1121]
Event: 16.412 Thread 0x000002351a51ff80 Exception <a 'java/lang/reflect/InvocationTargetException'{0x00000000b736d818}> (0x00000000b736d818) 
thrown [s\open\src\hotspot\share\runtime\reflection.cpp, line 1121]
Event: 16.416 Thread 0x000002351a51ff80 Exception <a 'java/lang/reflect/InvocationTargetException'{0x00000000b7377e60}> (0x00000000b7377e60) 
thrown [s\open\src\hotspot\share\runtime\reflection.cpp, line 1121]
Event: 16.616 Thread 0x000002351a51ff80 Exception <a 'java/lang/IncompatibleClassChangeError'{0x00000000b6e64610}: Found class java.lang.Object, but interface was expected> (0x00000000b6e64610) 
thrown [s\open\src\hotspot\share\interpreter\linkResolver.cpp, line 826]
Event: 16.669 Thread 0x000002351a51ff80 Exception <a 'sun/nio/fs/WindowsException'{0x00000000b6d5a220}> (0x00000000b6d5a220) 
thrown [s\open\src\hotspot\share\prims\jni.cpp, line 516]
Event: 17.078 Thread 0x000002351a51ff80 Exception <a 'sun/nio/fs/WindowsException'{0x00000000b647f060}> (0x00000000b647f060) 
thrown [s\open\src\hotspot\share\prims\jni.cpp, line 516]
Event: 17.244 Thread 0x000002351a51ff80 Implicit null exception at 0x00000234c69801bb to 0x00000234c6980610
Event: 17.245 Thread 0x000002351a51ff80 Exception <a 'java/lang/reflect/InvocationTargetException'{0x00000000b618ce98}> (0x00000000b618ce98) 
thrown [s\open\src\hotspot\share\runtime\reflection.cpp, line 1121]
Event: 17.247 Thread 0x000002351a51ff80 Exception <a 'java/lang/reflect/InvocationTargetException'{0x00000000b6194a58}> (0x00000000b6194a58) 
thrown [s\open\src\hotspot\share\runtime\reflection.cpp, line 1121]
Event: 17.762 Thread 0x000002351a51ff80 Exception <a 'java/lang/IncompatibleClassChangeError'{0x00000000b577f958}: Found class java.lang.Object, but interface was expected> (0x00000000b577f958) 
thrown [s\open\src\hotspot\share\interpreter\linkResolver.cpp, line 826]
Event: 18.142 Thread 0x000002351a51ff80 Exception <a 'java/lang/NoSuchMethodError'{0x00000000b4ecce08}: 'java.lang.Object java.lang.invoke.DirectMethodHandle$Holder.invokeInterface(java.lang.Object, java.lang.Object, java.lang.Object, java.lang.Object)'> (0x00000000b4ecce08) 
thrown [s\open\src\hotspot\share\interpreter\linkResolver.cpp, line 759]
Event: 18.251 Thread 0x000002351a51ff80 Exception <a 'java/lang/NoSuchMethodError'{0x00000000b4b01de8}: 'void java.lang.invoke.DirectMethodHandle$Holder.invokeVirtual(java.lang.Object, java.lang.Object, long)'> (0x00000000b4b01de8) 
thrown [s\open\src\hotspot\share\interpreter\linkResolver.cpp, line 759]
Event: 18.483 Thread 0x000002351a51ff80 Exception <a 'java/lang/NoSuchMethodError'{0x00000000b4695288}: 'java.lang.Object java.lang.invoke.Invokers$Holder.invoke_MT(java.lang.Object, java.lang.Object, java.lang.Object, java.lang.Object, java.lang.Object, java.lang.Object, java.lang.Object, java.lang.Object, java.lang.Object)'> (0x00000000b4695288) 
thrown [s\open\src\hotspot\share\interpreter\linkResolver.cpp, line 759]
Event: 18.560 Thread 0x000002351a51ff80 Exception <a 'java/lang/IncompatibleClassChangeError'{0x00000000b4470178}: Found class java.lang.Object, but interface was expected> (0x00000000b4470178) 
thrown [s\open\src\hotspot\share\interpreter\linkResolver.cpp, line 826]
Event: 18.576 Thread 0x000002351a51ff80 Implicit null exception at 0x00000234c6c37a19 to 0x00000234c6c37c4c
Event: 18.719 Thread 0x000002351a51ff80 Exception <a 'java/lang/NoSuchMethodError'{0x00000000b3f87e50}: 'java.lang.Object java.lang.invoke.DirectMethodHandle$Holder.invokeSpecial(java.lang.Object, java.lang.Object, java.lang.Object, java.lang.Object, java.lang.Object, java.lang.Object, java.lang.Object, java.lang.Object, java.lang.Object, java.lang.Object, java.lang.Object)'> (0x00000000b3f87e50) 
thrown [s\open\src\hotspot\share\interpreter\linkResolver.cpp, line 759]
Event: 18.720 Thread 0x000002351a51ff80 Exception <a 'java/lang/NoSuchMethodError'{0x00000000b3f8c238}: 'java.lang.Object java.lang.invoke.Invokers$Holder.invoke_MT(java.lang.Object, java.lang.Object, java.lang.Object, java.lang.Object, java.lang.Object, java.lang.Object, java.lang.Object, java.lang.Object, java.lang.Object, java.lang.Object, java.lang.Object)'> (0x00000000b3f8c238) 
thrown [s\open\src\hotspot\share\interpreter\linkResolver.cpp, line 759]
Event: 18.872 Thread 0x000002351a51ff80 Exception <a 'java/lang/NoSuchMethodError'{0x00000000b3b747e8}: 'java.lang.Object java.lang.invoke.DirectMethodHandle$Holder.newInvokeSpecial(java.lang.Object, java.lang.Object, int, java.lang.Object, java.lang.Object)'> (0x00000000b3b747e8) 
thrown [s\open\src\hotspot\share\interpreter\linkResolver.cpp, line 759]

VM Operations (20 events):
Event: 17.806 Executing VM operation: HandshakeAllThreads
Event: 17.806 Executing VM operation: HandshakeAllThreads done
Event: 17.806 Executing VM operation: Cleanup
Event: 17.806 Executing VM operation: Cleanup done
Event: 18.300 Executing VM operation: HandshakeAllThreads
Event: 18.300 Executing VM operation: HandshakeAllThreads done
Event: 18.867 Executing VM operation: HandshakeAllThreads
Event: 18.867 Executing VM operation: HandshakeAllThreads done
Event: 18.867 Executing VM operation: Cleanup
Event: 18.868 Executing VM operation: Cleanup done
Event: 18.935 Executing VM operation: HandshakeAllThreads
Event: 18.935 Executing VM operation: HandshakeAllThreads done
Event: 19.949 Executing VM operation: Cleanup
Event: 19.949 Executing VM operation: Cleanup done
Event: 21.965 Executing VM operation: Cleanup
Event: 21.965 Executing VM operation: Cleanup done
Event: 22.813 Executing VM operation: HandshakeAllThreads
Event: 22.813 Executing VM operation: HandshakeAllThreads done
Event: 22.931 Executing VM operation: HandshakeAllThreads
Event: 22.931 Executing VM operation: HandshakeAllThreads done

Events (20 events):
Event: 22.925 loading class sun/security/ssl/SSLAuthentication done
Event: 22.925 loading class sun/security/ssl/X509Authentication done
Event: 22.926 loading class sun/security/ssl/X509Authentication$X509Possession
Event: 22.926 loading class sun/security/ssl/X509Authentication$X509Possession done
Event: 22.926 loading class sun/security/ssl/CertificateMessage$T13CertificateMessage
Event: 22.926 loading class sun/security/ssl/CertificateMessage$T13CertificateMessage done
Event: 22.926 loading class sun/security/ssl/CertificateMessage$CertificateEntry
Event: 22.926 loading class sun/security/ssl/CertificateMessage$CertificateEntry done
Event: 22.926 loading class sun/security/ssl/StatusResponseManager
Event: 22.927 loading class sun/security/ssl/StatusResponseManager done
Event: 22.927 loading class sun/security/ssl/CertificateVerify$T13CertificateVerifyMessage
Event: 22.928 loading class sun/security/ssl/CertificateVerify$T13CertificateVerifyMessage done
Event: 22.928 loading class sun/security/util/Length
Event: 22.928 loading class sun/security/util/Length done
Event: 22.928 loading class sun/security/rsa/MGF1
Event: 22.929 loading class sun/security/rsa/MGF1 done
Event: 22.929 loading class sun/security/rsa/RSACore$BlindingParameters
Event: 22.929 loading class sun/security/rsa/RSACore$BlindingParameters done
Event: 22.930 loading class java/math/SignedMutableBigInteger
Event: 22.930 loading class java/math/SignedMutableBigInteger done


Dynamic libraries:
0x00007ff760ae0000 - 0x00007ff760af0000 	C:\Users\Ezemati14\Desktop\Java\jdk-17.0.12\bin\java.exe
0x00007ffab1290000 - 0x00007ffab1488000 	C:\windows\SYSTEM32\ntdll.dll
0x00007ffaafd70000 - 0x00007ffaafe32000 	C:\windows\System32\KERNEL32.DLL
0x00007ffaaeb60000 - 0x00007ffaaee5f000 	C:\windows\System32\KERNELBASE.dll
0x00007ffaaea60000 - 0x00007ffaaeb60000 	C:\windows\System32\ucrtbase.dll
0x00007ffaa6cc0000 - 0x00007ffaa6cd9000 	C:\Users\Ezemati14\Desktop\Java\jdk-17.0.12\bin\jli.dll
0x00007ffaa6b40000 - 0x00007ffaa6b5b000 	C:\Users\Ezemati14\Desktop\Java\jdk-17.0.12\bin\VCRUNTIME140.dll
0x00007ffaaff80000 - 0x00007ffab0031000 	C:\windows\System32\ADVAPI32.dll
0x00007ffab0dc0000 - 0x00007ffab0e5e000 	C:\windows\System32\msvcrt.dll
0x00007ffab0460000 - 0x00007ffab04ff000 	C:\windows\System32\sechost.dll
0x00007ffab10f0000 - 0x00007ffab1213000 	C:\windows\System32\RPCRT4.dll
0x00007ffaae920000 - 0x00007ffaae947000 	C:\windows\System32\bcrypt.dll
0x00007ffab0780000 - 0x00007ffab091d000 	C:\windows\System32\USER32.dll
0x00007ffaaf270000 - 0x00007ffaaf292000 	C:\windows\System32\win32u.dll
0x00007ffa933c0000 - 0x00007ffa9365a000 	C:\windows\WinSxS\amd64_microsoft.windows.common-controls_6595b64144ccf1df_6.0.19041.4355_none_60b8b9eb71f62e16\COMCTL32.dll
0x00007ffab0040000 - 0x00007ffab006b000 	C:\windows\System32\GDI32.dll
0x00007ffaaf050000 - 0x00007ffaaf167000 	C:\windows\System32\gdi32full.dll
0x00007ffaae9c0000 - 0x00007ffaaea5d000 	C:\windows\System32\msvcp_win.dll
0x00007ffaa4b10000 - 0x00007ffaa4b1a000 	C:\windows\SYSTEM32\VERSION.dll
0x00007ffab1220000 - 0x00007ffab124f000 	C:\windows\System32\IMM32.DLL
0x00007ffaabf70000 - 0x00007ffaabf7c000 	C:\Users\Ezemati14\Desktop\Java\jdk-17.0.12\bin\vcruntime140_1.dll
0x00007ffaa6920000 - 0x00007ffaa69ae000 	C:\Users\Ezemati14\Desktop\Java\jdk-17.0.12\bin\msvcp140.dll
0x00007ffa50980000 - 0x00007ffa51560000 	C:\Users\Ezemati14\Desktop\Java\jdk-17.0.12\bin\server\jvm.dll
0x00007ffab06a0000 - 0x00007ffab06a8000 	C:\windows\System32\PSAPI.DLL
0x00007ffaa23d0000 - 0x00007ffaa23f7000 	C:\windows\SYSTEM32\WINMM.dll
0x00007ffa954c0000 - 0x00007ffa954c9000 	C:\windows\SYSTEM32\WSOCK32.dll
0x00007ffaafd00000 - 0x00007ffaafd6b000 	C:\windows\System32\WS2_32.dll
0x00007ffaac760000 - 0x00007ffaac772000 	C:\windows\SYSTEM32\kernel.appcore.dll
0x00007ffaabf50000 - 0x00007ffaabf5a000 	C:\Users\Ezemati14\Desktop\Java\jdk-17.0.12\bin\jimage.dll
0x00007ffaa6df0000 - 0x00007ffaa6fd4000 	C:\windows\SYSTEM32\DBGHELP.DLL
0x00007ffa96dd0000 - 0x00007ffa96e04000 	C:\windows\SYSTEM32\dbgcore.DLL
0x00007ffaaee60000 - 0x00007ffaaeee2000 	C:\windows\System32\bcryptPrimitives.dll
0x00007ffaabf30000 - 0x00007ffaabf3e000 	C:\Users\Ezemati14\Desktop\Java\jdk-17.0.12\bin\instrument.dll
0x00007ffa9aa10000 - 0x00007ffa9aa35000 	C:\Users\Ezemati14\Desktop\Java\jdk-17.0.12\bin\java.dll
0x00007ffa813a0000 - 0x00007ffa81477000 	C:\Users\Ezemati14\Desktop\Java\jdk-17.0.12\bin\jsvml.dll
0x00007ffaaf2a0000 - 0x00007ffaafa0e000 	C:\windows\System32\SHELL32.dll
0x00007ffaac960000 - 0x00007ffaad104000 	C:\windows\SYSTEM32\windows.storage.dll
0x00007ffab0070000 - 0x00007ffab03c5000 	C:\windows\System32\combase.dll
0x00007ffaae280000 - 0x00007ffaae2af000 	C:\windows\SYSTEM32\Wldp.dll
0x00007ffab06b0000 - 0x00007ffab077d000 	C:\windows\System32\OLEAUT32.dll
0x00007ffaafc50000 - 0x00007ffaafcfd000 	C:\windows\System32\SHCORE.dll
0x00007ffaafad0000 - 0x00007ffaafb25000 	C:\windows\System32\shlwapi.dll
0x00007ffaae850000 - 0x00007ffaae874000 	C:\windows\SYSTEM32\profapi.dll
0x00007ffaa4a30000 - 0x00007ffaa4a48000 	C:\Users\Ezemati14\Desktop\Java\jdk-17.0.12\bin\zip.dll
0x00007ffaa69e0000 - 0x00007ffaa69f9000 	C:\Users\Ezemati14\Desktop\Java\jdk-17.0.12\bin\net.dll
0x00007ffaa5d20000 - 0x00007ffaa5e2d000 	C:\windows\SYSTEM32\WINHTTP.dll
0x00007ffaadfc0000 - 0x00007ffaae02a000 	C:\windows\system32\mswsock.dll
0x00007ffaa67b0000 - 0x00007ffaa67c6000 	C:\Users\Ezemati14\Desktop\Java\jdk-17.0.12\bin\nio.dll
0x00007ffaa2390000 - 0x00007ffaa23aa000 	C:\Program Files\JetBrains\IntelliJ IDEA 2024.3.1\bin\breakgen64.dll
0x00007ffaadce0000 - 0x00007ffaaddaa000 	C:\windows\SYSTEM32\DNSAPI.dll
0x00007ffaadca0000 - 0x00007ffaadcdb000 	C:\windows\SYSTEM32\IPHLPAPI.DLL
0x00007ffaafac0000 - 0x00007ffaafac8000 	C:\windows\System32\NSI.dll
0x00007ffaa7070000 - 0x00007ffaa707a000 	C:\Windows\System32\rasadhlp.dll
0x00007ffaa1210000 - 0x00007ffaa1290000 	C:\windows\System32\fwpuclnt.dll
0x00007ffaa6cf0000 - 0x00007ffaa6cfa000 	C:\Users\Ezemati14\Desktop\Java\jdk-17.0.12\bin\management.dll
0x00007ffa967d0000 - 0x00007ffa967db000 	C:\Users\Ezemati14\Desktop\Java\jdk-17.0.12\bin\management_ext.dll
0x00007ffaae1e0000 - 0x00007ffaae1f8000 	C:\windows\SYSTEM32\CRYPTSP.dll
0x00007ffaad8c0000 - 0x00007ffaad8f4000 	C:\windows\system32\rsaenh.dll
0x00007ffaae810000 - 0x00007ffaae83e000 	C:\windows\SYSTEM32\USERENV.dll
0x00007ffaae1d0000 - 0x00007ffaae1dc000 	C:\windows\SYSTEM32\CRYPTBASE.dll
0x00007ffaa7fb0000 - 0x00007ffaa7fc7000 	C:\windows\SYSTEM32\dhcpcsvc6.DLL
0x00007ffaa7f90000 - 0x00007ffaa7fad000 	C:\windows\SYSTEM32\dhcpcsvc.DLL
0x00007ffa93240000 - 0x00007ffa93257000 	C:\windows\system32\napinsp.dll
0x00007ffa92fc0000 - 0x00007ffa92fdb000 	C:\windows\system32\pnrpnsp.dll
0x00007ffaab0f0000 - 0x00007ffaab105000 	C:\windows\system32\wshbth.dll
0x00007ffaa9dd0000 - 0x00007ffaa9ded000 	C:\windows\system32\NLAapi.dll
0x00007ffa92fa0000 - 0x00007ffa92fb2000 	C:\windows\System32\winrnr.dll
0x00007ffa978f0000 - 0x00007ffa97941000 	C:\windows\SYSTEM32\pdh.dll
0x00007ffaabf40000 - 0x00007ffaabf4f000 	C:\windows\System32\perfproc.dll
0x00007ffa90160000 - 0x00007ffa9016f000 	C:\windows\System32\perfos.dll
0x00007ffa967a0000 - 0x00007ffa967ae000 	C:\Users\Ezemati14\Desktop\Java\jdk-17.0.12\bin\sunmscapi.dll
0x00007ffaaeef0000 - 0x00007ffaaf04c000 	C:\windows\System32\CRYPT32.dll
0x00007ffaae2f0000 - 0x00007ffaae317000 	C:\windows\SYSTEM32\ncrypt.dll
0x00007ffaae2b0000 - 0x00007ffaae2eb000 	C:\windows\SYSTEM32\NTASN1.dll
0x00007ffa96790000 - 0x00007ffa967a0000 	C:\Users\Ezemati14\Desktop\Java\jdk-17.0.12\bin\verify.dll
0x00007ffa81df0000 - 0x00007ffa81df7000 	C:\windows\system32\wshunix.dll

dbghelp: loaded successfully - version: 4.0.5 - missing functions: none
symbol engine: initialized successfully - sym options: 0x614 - pdb path: .;C:\Users\Ezemati14\Desktop\Java\jdk-17.0.12\bin;C:\windows\SYSTEM32;C:\windows\WinSxS\amd64_microsoft.windows.common-controls_6595b64144ccf1df_6.0.19041.4355_none_60b8b9eb71f62e16;C:\Users\Ezemati14\Desktop\Java\jdk-17.0.12\bin\server;C:\Program Files\JetBrains\IntelliJ IDEA 2024.3.1\bin

VM Arguments:
jvm_args: -javaagent:C:\Program Files\JetBrains\IntelliJ IDEA 2024.3.1\lib\idea_rt.jar=52852:C:\Program Files\JetBrains\IntelliJ IDEA 2024.3.1\bin -Dfile.encoding=UTF-8 
java_command: org.emma.unit5.apimarketemma.ApiMarketEmmaApplication
java_class_path (initial): C:\Users\Ezemati14\Desktop\Acceso a Datos\Api-Market-emma\target\classes;C:\Users\Ezemati14\.m2\repository\org\springframework\boot\spring-boot-starter-data-jpa\3.4.1\spring-boot-starter-data-jpa-3.4.1.jar;C:\Users\Ezemati14\.m2\repository\org\springframework\boot\spring-boot-starter\3.4.1\spring-boot-starter-3.4.1.jar;C:\Users\Ezemati14\.m2\repository\org\springframework\boot\spring-boot-starter-logging\3.4.1\spring-boot-starter-logging-3.4.1.jar;C:\Users\Ezemati14\.m2\repository\ch\qos\logback\logback-classic\1.5.12\logback-classic-1.5.12.jar;C:\Users\Ezemati14\.m2\repository\ch\qos\logback\logback-core\1.5.12\logback-core-1.5.12.jar;C:\Users\Ezemati14\.m2\repository\org\apache\logging\log4j\log4j-to-slf4j\2.24.3\log4j-to-slf4j-2.24.3.jar;C:\Users\Ezemati14\.m2\repository\org\apache\logging\log4j\log4j-api\2.24.3\log4j-api-2.24.3.jar;C:\Users\Ezemati14\.m2\repository\org\slf4j\jul-to-slf4j\2.0.16\jul-to-slf4j-2.0.16.jar;C:\Users\Ezemati14\.m2\repository\jakarta\annotation\jakarta.annotation-api\2.1.1\jakarta.annotation-api-2.1.1.jar;C:\Users\Ezemati14\.m2\repository\org\yaml\snakeyaml\2.3\snakeyaml-2.3.jar;C:\Users\Ezemati14\.m2\repository\org\springframework\boot\spring-boot-starter-jdbc\3.4.1\spring-boot-starter-jdbc-3.4.1.jar;C:\Users\Ezemati14\.m2\repository\com\zaxxer\HikariCP\5.1.0\HikariCP-5.1.0.jar;C:\Users\Ezemati14\.m2\repository\org\springframework\spring-jdbc\6.2.1\spring-jdbc-6.2.1.jar;C:\Users\Ezemati14\.m2\repository\org\springframework\data\spring-data-jpa\3.4.1\spring-data-jpa-3.4.1.jar;C:\Users\Ezemati14\.m2\repository\org\springframework\data\spring-data-commons\3.4.1\spring-data-commons-3.4.1.jar;C:\Users\Ezemati14\.m2\repository\org\springframework\spring-orm\6.2.1\spring-orm-6.2.1.jar;C:\Users\Ezemati14\.m2\repository\org\springframework\spring-context\6.2.1\spring-context-6.2.1.jar;C:\Users\Ezemati14\.m2\repository\org\springframework\spring-tx\6.2.1\spring-tx-6.2.1.jar;C:\Users\Ezemati14\.m2\repository\org\sprin
Launcher Type: SUN_STANDARD

[Global flags]
     intx CICompilerCount                          = 4                                         {product} {ergonomic}
     uint ConcGCThreads                            = 2                                         {product} {ergonomic}
     uint G1ConcRefinementThreads                  = 8                                         {product} {ergonomic}
   size_t G1HeapRegionSize                         = 1048576                                   {product} {ergonomic}
    uintx GCDrainStackTargetSize                   = 64                                        {product} {ergonomic}
   size_t InitialHeapSize                          = 100663296                                 {product} {ergonomic}
   size_t MarkStackSize                            = 4194304                                   {product} {ergonomic}
   size_t MaxHeapSize                              = 1589641216                                {product} {ergonomic}
   size_t MaxNewSize                               = 953155584                                 {product} {ergonomic}
   size_t MinHeapDeltaBytes                        = 1048576                                   {product} {ergonomic}
   size_t MinHeapSize                              = 8388608                                   {product} {ergonomic}
    uintx NonNMethodCodeHeapSize                   = 5839372                                {pd product} {ergonomic}
    uintx NonProfiledCodeHeapSize                  = 122909434                              {pd product} {ergonomic}
    uintx ProfiledCodeHeapSize                     = 122909434                              {pd product} {ergonomic}
    uintx ReservedCodeCacheSize                    = 251658240                              {pd product} {ergonomic}
     bool SegmentedCodeCache                       = true                                      {product} {ergonomic}
   size_t SoftMaxHeapSize                          = 1589641216                             {manageable} {ergonomic}
     bool UseCompressedClassPointers               = true                           {product lp64_product} {ergonomic}
     bool UseCompressedOops                        = true                           {product lp64_product} {ergonomic}
     bool UseG1GC                                  = true                                      {product} {ergonomic}
     bool UseLargePagesIndividualAllocation        = false                                  {pd product} {ergonomic}

Logging:
Log output configuration:
 #0: stdout all=warning uptime,level,tags
 #1: stderr all=off uptime,level,tags

Environment Variables:
JAVA_HOME=C:\Users\Ezemati14\Desktop\Java\jdk-17.0.12
PATH=C:\windows\system32;C:\windows;C:\windows\System32\Wbem;C:\windows\System32\WindowsPowerShell\v1.0\;C:\windows\System32\OpenSSH\;C:\ProgramData\chocolatey\bin;c:\Program Files (x86)\Microsoft SQL Server\100\Tools\Binn\;c:\Program Files\Microsoft SQL Server\100\Tools\Binn\;c:\Program Files\Microsoft SQL Server\100\DTS\Binn\;C:\Program Files (x86)\Microsoft SQL Server\160\Tools\Binn\;C:\Program Files\Microsoft SQL Server\160\Tools\Binn\;C:\Program Files\Microsoft SQL Server\Client SDK\ODBC\170\Tools\Binn\;C:\Program Files\Microsoft SQL Server\160\DTS\Binn\;C:\Program Files\dotnet\;C:\xampp\php;C:\php;C:\xampp\mysql\bin;C:\ProgramData\ComposerSetup\bin;C:\Program Files\nodejs\;C:\Program Files\AutoFirma\AutoFirma;C:\Program Files\Git\cmd;C:\dev\flutter\bin;C:\Program Files\OpenSSL-Win64\bin;C:\Users\Ezemati14\.dotnet\tools;C:\Program Files\Azure Data Studio\bin;C:\Program Files\Azure Data Studio\bin;C:\Users\Ezemati14\AppData\Roaming\Composer\vendor\bin;C:\Users\Ezemati14\AppData\Roaming\npm;C:\Users\Ezemati14\Desktop\Java\jdk-17.0.12\bin;C:\Users\Ezemati14\.dotnet\tools;C:\Users\Ezemati14\AppData\Local\Programs\Microsoft VS Code\bin;C:\dev\flutter\bin;C:\Users\Ezemati14\flutter\bin
USERNAME=Ezemati14
OS=Windows_NT
PROCESSOR_IDENTIFIER=AMD64 Family 23 Model 24 Stepping 1, AuthenticAMD



---------------  S Y S T E M  ---------------

OS:
 Windows 10 , 64 bit Build 19041 (10.0.19041.5198)
OS uptime: 0 days 7:26 hours
Hyper-V role detected

CPU: total 8 (initial active 8) (8 cores per cpu, 2 threads per core) family 23 model 24 stepping 1 microcode 0x0, cx8, cmov, fxsr, ht, mmx, 3dnowpref, sse, sse2, sse3, ssse3, sse4a, sse4.1, sse4.2, popcnt, lzcnt, tsc, tscinvbit, avx, avx2, aes, clmul, bmi1, bmi2, adx, sha, fma, vzeroupper, clflush, clflushopt, hv

Memory: 4k page, system-wide physical 6060M (450M free)
TotalPageFile size 12191M (AvailPageFile size 14M)
current process WorkingSet (physical memory assigned to process): 479M, peak: 537M
current process commit charge ("private bytes"): 614M, peak: 660M

vm_info: Java HotSpot(TM) 64-Bit Server VM (17.0.12+8-LTS-286) for windows-amd64 JRE (17.0.12+8-LTS-286), built on Jun  5 2024 06:46:59 by "mach5one" with MS VC++ 17.6 (VS2022)

END.
