#
# There is insufficient memory for the Java Runtime Environment to continue.
# Native memory allocation (malloc) failed to allocate 514640 bytes for Chunk::new
# Possible reasons:
#   The system is out of physical RAM or swap space
#   The process is running with CompressedOops enabled, and the Java Heap may be blocking the growth of the native heap
# Possible solutions:
#   Reduce memory load on the system
#   Increase physical memory or swap space
#   Check if swap backing store is full
#   Decrease Java heap size (-Xmx/-Xms)
#   Decrease number of Java threads
#   Decrease Java thread stack sizes (-Xss)
#   Set larger code cache with -XX:ReservedCodeCacheSize=
#   JVM is running with Unscaled Compressed Oops mode in which the Java heap is
#     placed in the first 4GB address space. The Java Heap base address is the
#     maximum limit for the native heap growth. Please use -XX:HeapBaseMinAddress
#     to set the Java Heap base and to place the Java Heap above 4GB virtual address.
# This output file may be truncated or incomplete.
#
#  Out of Memory Error (arena.cpp:189), pid=14556, tid=14256
#
# JRE version: Java(TM) SE Runtime Environment (17.0.12+8) (build 17.0.12+8-LTS-286)
# Java VM: Java HotSpot(TM) 64-Bit Server VM (17.0.12+8-LTS-286, mixed mode, sharing, tiered, compressed oops, compressed class ptrs, g1 gc, windows-amd64)
# No core dump will be written. Minidumps are not enabled by default on client versions of Windows
#

---------------  S U M M A R Y ------------

Command Line: -javaagent:C:\Program Files\JetBrains\IntelliJ IDEA 2024.3.1\lib\idea_rt.jar=52752:C:\Program Files\JetBrains\IntelliJ IDEA 2024.3.1\bin -Dfile.encoding=UTF-8 org.emma.unit5.apimarketemma.ApiMarketEmmaApplication

Host: AMD Ryzen 5 3500U with Radeon Vega Mobile Gfx  , 8 cores, 5G,  Windows 10 , 64 bit Build 19041 (10.0.19041.5198)
Time: Sat Feb  8 18:14:54 2025 Hora estándar romance elapsed time: 44.726765 seconds (0d 0h 0m 44s)

---------------  T H R E A D  ---------------

Current thread (0x0000027215c7afd0):  JavaThread "C2 CompilerThread1" daemon [_thread_in_native, id=14256, stack(0x0000008e02200000,0x0000008e02300000)]


Current CompileTask:
C2:  44727 7947       4       org.springframework.core.ResolvableType::hasGenerics (14 bytes)

Stack: [0x0000008e02200000,0x0000008e02300000]
Native frames: (J=compiled Java code, j=interpreted, Vv=VM code, C=native code)
V  [jvm.dll+0x67a04a]
V  [jvm.dll+0x7da4ed]
V  [jvm.dll+0x7dbe33]
V  [jvm.dll+0x7dc4a3]
V  [jvm.dll+0x24508f]
V  [jvm.dll+0xab773]
V  [jvm.dll+0xabd3c]
V  [jvm.dll+0x361bee]
V  [jvm.dll+0x32c431]
V  [jvm.dll+0x32b8ca]
V  [jvm.dll+0x21683f]
V  [jvm.dll+0x215c6f]
V  [jvm.dll+0x1a2960]
V  [jvm.dll+0x22610b]
V  [jvm.dll+0x2242ab]
V  [jvm.dll+0x79075c]
V  [jvm.dll+0x78abea]
V  [jvm.dll+0x678f35]
C  [ucrtbase.dll+0x21bb2]
C  [KERNEL32.DLL+0x17374]
C  [ntdll.dll+0x4cc91]


---------------  P R O C E S S  ---------------

Threads class SMR info:
_java_thread_list=0x0000027218055dc0, length=37, elements={
0x00000271cf2b0840, 0x00000271cf2b13d0, 0x00000271cf2c5910, 0x00000271cf2c61e0,
0x00000271cf2c7ac0, 0x00000271cf2d07a0, 0x00000271cf2d13a0, 0x00000271cf2d1d60,
0x00000271cf2e5e00, 0x00000271cf50adf0, 0x00000271cf50b300, 0x00000271cf50b810,
0x00000271cf50bd20, 0x00000271cf50a8e0, 0x00000271cf50d160, 0x00000271cf50c230,
0x0000027217be43a0, 0x0000027217be7640, 0x0000027217be2a50, 0x0000027217be48b0,
0x0000027217be7130, 0x0000027217be4dc0, 0x0000027217be7b50, 0x0000027217be52d0,
0x0000027217be3e90, 0x0000027217be0bf0, 0x0000027217be57e0, 0x0000027217be3980,
0x0000027217be1b20, 0x0000027217be06e0, 0x0000027217be1610, 0x0000027217be2f60,
0x0000027217be5cf0, 0x0000027217be3470, 0x0000027217be6200, 0x0000027217be6710,
0x0000027215c7afd0
}

Java Threads: ( => current thread )
  0x00000271cf2b0840 JavaThread "Reference Handler" daemon [_thread_blocked, id=6092, stack(0x0000008e7f000000,0x0000008e7f100000)]
  0x00000271cf2b13d0 JavaThread "Finalizer" daemon [_thread_blocked, id=15872, stack(0x0000008e7f100000,0x0000008e7f200000)]
  0x00000271cf2c5910 JavaThread "Signal Dispatcher" daemon [_thread_blocked, id=13668, stack(0x0000008e7f200000,0x0000008e7f300000)]
  0x00000271cf2c61e0 JavaThread "Attach Listener" daemon [_thread_blocked, id=724, stack(0x0000008e7f300000,0x0000008e7f400000)]
  0x00000271cf2c7ac0 JavaThread "Service Thread" daemon [_thread_blocked, id=8128, stack(0x0000008e7f400000,0x0000008e7f500000)]
  0x00000271cf2d07a0 JavaThread "Monitor Deflation Thread" daemon [_thread_blocked, id=5920, stack(0x0000008e7f500000,0x0000008e7f600000)]
  0x00000271cf2d13a0 JavaThread "C2 CompilerThread0" daemon [_thread_in_native, id=11848, stack(0x0000008e7f600000,0x0000008e7f700000)]
  0x00000271cf2d1d60 JavaThread "C1 CompilerThread0" daemon [_thread_blocked, id=7832, stack(0x0000008e7f700000,0x0000008e7f800000)]
  0x00000271cf2e5e00 JavaThread "Sweeper thread" daemon [_thread_blocked, id=15744, stack(0x0000008e7f800000,0x0000008e7f900000)]
  0x00000271cf50adf0 JavaThread "Common-Cleaner" daemon [_thread_blocked, id=9860, stack(0x0000008e7f900000,0x0000008e7fa00000)]
  0x00000271cf50b300 JavaThread "Monitor Ctrl-Break" daemon [_thread_in_native, id=3480, stack(0x0000008e7fa00000,0x0000008e7fb00000)]
  0x00000271cf50b810 JavaThread "Notification Thread" daemon [_thread_blocked, id=11636, stack(0x0000008e7fb00000,0x0000008e7fc00000)]
  0x00000271cf50bd20 JavaThread "RMI TCP Accept-0" daemon [_thread_in_native, id=15340, stack(0x0000008e7fd00000,0x0000008e7fe00000)]
  0x00000271cf50a8e0 JavaThread "RMI TCP Connection(1)-192.168.56.1" daemon [_thread_in_native, id=4356, stack(0x0000008e7fe00000,0x0000008e7ff00000)]
  0x00000271cf50d160 JavaThread "RMI Scheduler(0)" daemon [_thread_blocked, id=14636, stack(0x0000008e00000000,0x0000008e00100000)]
  0x00000271cf50c230 JavaThread "JMX server connection timeout 20" daemon [_thread_blocked, id=9368, stack(0x0000008e00100000,0x0000008e00200000)]
  0x0000027217be43a0 JavaThread "Catalina-utility-1" [_thread_blocked, id=2760, stack(0x0000008e00c00000,0x0000008e00d00000)]
  0x0000027217be7640 JavaThread "Catalina-utility-2" [_thread_blocked, id=5232, stack(0x0000008e00e00000,0x0000008e00f00000)]
  0x0000027217be2a50 JavaThread "container-0" [_thread_blocked, id=14796, stack(0x0000008e00f00000,0x0000008e01000000)]
  0x0000027217be48b0 JavaThread "PostgreSQL-JDBC-Cleaner" daemon [_thread_blocked, id=1400, stack(0x0000008e01100000,0x0000008e01200000)]
  0x0000027217be7130 JavaThread "HikariPool-1 housekeeper" daemon [_thread_blocked, id=14812, stack(0x0000008e01200000,0x0000008e01300000)]
  0x0000027217be4dc0 JavaThread "File Watcher" daemon [_thread_blocked, id=9680, stack(0x0000008e01400000,0x0000008e01500000)]
  0x0000027217be7b50 JavaThread "Live Reload Server" daemon [_thread_in_native, id=15860, stack(0x0000008e01500000,0x0000008e01600000)]
  0x0000027217be52d0 JavaThread "https-jsse-nio-8081-exec-1" daemon [_thread_blocked, id=5520, stack(0x0000008e01600000,0x0000008e01700000)]
  0x0000027217be3e90 JavaThread "https-jsse-nio-8081-exec-2" daemon [_thread_blocked, id=776, stack(0x0000008e01700000,0x0000008e01800000)]
  0x0000027217be0bf0 JavaThread "https-jsse-nio-8081-exec-3" daemon [_thread_blocked, id=12708, stack(0x0000008e01800000,0x0000008e01900000)]
  0x0000027217be57e0 JavaThread "https-jsse-nio-8081-exec-4" daemon [_thread_blocked, id=10948, stack(0x0000008e01900000,0x0000008e01a00000)]
  0x0000027217be3980 JavaThread "https-jsse-nio-8081-exec-5" daemon [_thread_blocked, id=14888, stack(0x0000008e01a00000,0x0000008e01b00000)]
  0x0000027217be1b20 JavaThread "https-jsse-nio-8081-exec-6" daemon [_thread_blocked, id=13800, stack(0x0000008e01b00000,0x0000008e01c00000)]
  0x0000027217be06e0 JavaThread "https-jsse-nio-8081-exec-7" daemon [_thread_blocked, id=16012, stack(0x0000008e01c00000,0x0000008e01d00000)]
  0x0000027217be1610 JavaThread "https-jsse-nio-8081-exec-8" daemon [_thread_blocked, id=2364, stack(0x0000008e01d00000,0x0000008e01e00000)]
  0x0000027217be2f60 JavaThread "https-jsse-nio-8081-exec-9" daemon [_thread_blocked, id=15952, stack(0x0000008e01e00000,0x0000008e01f00000)]
  0x0000027217be5cf0 JavaThread "https-jsse-nio-8081-exec-10" daemon [_thread_blocked, id=12640, stack(0x0000008e01f00000,0x0000008e02000000)]
  0x0000027217be3470 JavaThread "https-jsse-nio-8081-Poller" daemon [_thread_in_native, id=13464, stack(0x0000008e02000000,0x0000008e02100000)]
  0x0000027217be6200 JavaThread "https-jsse-nio-8081-Acceptor" daemon [_thread_in_native, id=11060, stack(0x0000008e02100000,0x0000008e02200000)]
  0x0000027217be6710 JavaThread "DestroyJavaVM" [_thread_blocked, id=10800, stack(0x0000008e7e900000,0x0000008e7ea00000)]
=>0x0000027215c7afd0 JavaThread "C2 CompilerThread1" daemon [_thread_in_native, id=14256, stack(0x0000008e02200000,0x0000008e02300000)]

Other Threads:
  0x00000271cf2aa160 VMThread "VM Thread" [stack: 0x0000008e7ef00000,0x0000008e7f000000] [id=14536]
  0x00000271cf6c03f0 WatcherThread [stack: 0x0000008e7fc00000,0x0000008e7fd00000] [id=7516]
  0x00000271b0563300 GCTaskThread "GC Thread#0" [stack: 0x0000008e7ea00000,0x0000008e7eb00000] [id=2300]
  0x0000027215bfa340 GCTaskThread "GC Thread#1" [stack: 0x0000008e00200000,0x0000008e00300000] [id=3612]
  0x0000027215bf9dc0 GCTaskThread "GC Thread#2" [stack: 0x0000008e00300000,0x0000008e00400000] [id=14268]
  0x0000027215bfa8c0 GCTaskThread "GC Thread#3" [stack: 0x0000008e00400000,0x0000008e00500000] [id=1904]
  0x0000027215bfa080 GCTaskThread "GC Thread#4" [stack: 0x0000008e00500000,0x0000008e00600000] [id=15784]
  0x0000027215bf9b00 GCTaskThread "GC Thread#5" [stack: 0x0000008e00600000,0x0000008e00700000] [id=2900]
  0x0000027215bf9840 GCTaskThread "GC Thread#6" [stack: 0x0000008e00700000,0x0000008e00800000] [id=7044]
  0x0000027215bfa600 GCTaskThread "GC Thread#7" [stack: 0x0000008e00800000,0x0000008e00900000] [id=5428]
  0x00000271b0570df0 ConcurrentGCThread "G1 Main Marker" [stack: 0x0000008e7eb00000,0x0000008e7ec00000] [id=16168]
  0x00000271b0571610 ConcurrentGCThread "G1 Conc#0" [stack: 0x0000008e7ec00000,0x0000008e7ed00000] [id=4364]
  0x0000027215bf9000 ConcurrentGCThread "G1 Conc#1" [stack: 0x0000008e00d00000,0x0000008e00e00000] [id=9264]
  0x00000271b05d51a0 ConcurrentGCThread "G1 Refine#0" [stack: 0x0000008e7ed00000,0x0000008e7ee00000] [id=11532]
  0x0000027215d39860 ConcurrentGCThread "G1 Refine#1" [stack: 0x0000008e00900000,0x0000008e00a00000] [id=2148]
  0x00000272177fdc40 ConcurrentGCThread "G1 Refine#2" [stack: 0x0000008e01300000,0x0000008e01400000] [id=14456]
  0x00000271b05d69f0 ConcurrentGCThread "G1 Service" [stack: 0x0000008e7ee00000,0x0000008e7ef00000] [id=11756]

Threads with active compile tasks:
C2 CompilerThread0    44792 7972       4       org.springframework.transaction.annotation.SpringTransactionAnnotationParser::parseTransactionAnnotation (21 bytes)
C2 CompilerThread1    44792 7947       4       org.springframework.core.ResolvableType::hasGenerics (14 bytes)

VM state: not at safepoint (normal execution)

VM Mutex/Monitor currently owned by a thread: None

Heap address: 0x00000000a1400000, size: 1516 MB, Compressed Oops mode: 32-bit

CDS archive(s) mapped at: [0x00000271d0000000-0x00000271d0bd0000-0x00000271d0bd0000), size 12386304, SharedBaseAddress: 0x00000271d0000000, ArchiveRelocationMode: 1.
Compressed class space mapped at: 0x00000271d1000000-0x0000027211000000, reserved size: 1073741824
Narrow klass base: 0x00000271d0000000, Narrow klass shift: 0, Narrow klass range: 0x100000000

GC Precious Log:
 CPUs: 8 total, 8 available
 Memory: 6060M
 Large Page Support: Disabled
 NUMA Support: Disabled
 Compressed Oops: Enabled (32-bit)
 Heap Region Size: 1M
 Heap Min Capacity: 8M
 Heap Initial Capacity: 96M
 Heap Max Capacity: 1516M
 Pre-touch: Disabled
 Parallel Workers: 8
 Concurrent Workers: 2
 Concurrent Refinement Workers: 8
 Periodic GC: Disabled

Heap:
 garbage-first heap   total 245760K, used 162031K [0x00000000a1400000, 0x0000000100000000)
  region size 1024K, 95 young (97280K), 4 survivors (4096K)
 Metaspace       used 88025K, committed 88704K, reserved 1179648K
  class space    used 12282K, committed 12608K, reserved 1048576K

Heap Regions: E=young(eden), S=young(survivor), O=old, HS=humongous(starts), HC=humongous(continues), CS=collection set, F=free, OA=open archive, CA=closed archive, TAMS=top-at-mark-start (previous, next)
|   0|0x00000000a1400000, 0x00000000a1500000, 0x00000000a1500000|100%|HS|  |TAMS 0x00000000a1500000, 0x00000000a1400000| Complete 
|   1|0x00000000a1500000, 0x00000000a1600000, 0x00000000a1600000|100%|HS|  |TAMS 0x00000000a1600000, 0x00000000a1500000| Complete 
|   2|0x00000000a1600000, 0x00000000a1700000, 0x00000000a1700000|100%|HS|  |TAMS 0x00000000a1700000, 0x00000000a1600000| Complete 
|   3|0x00000000a1700000, 0x00000000a1800000, 0x00000000a1800000|100%| O|  |TAMS 0x00000000a1800000, 0x00000000a1700000| Untracked 
|   4|0x00000000a1800000, 0x00000000a1900000, 0x00000000a1900000|100%| O|  |TAMS 0x00000000a1900000, 0x00000000a1800000| Untracked 
|   5|0x00000000a1900000, 0x00000000a1a00000, 0x00000000a1a00000|100%| O|  |TAMS 0x00000000a1a00000, 0x00000000a1900000| Untracked 
|   6|0x00000000a1a00000, 0x00000000a1b00000, 0x00000000a1b00000|100%| O|  |TAMS 0x00000000a1b00000, 0x00000000a1a00000| Untracked 
|   7|0x00000000a1b00000, 0x00000000a1c00000, 0x00000000a1c00000|100%| O|  |TAMS 0x00000000a1c00000, 0x00000000a1b00000| Untracked 
|   8|0x00000000a1c00000, 0x00000000a1d00000, 0x00000000a1d00000|100%| O|  |TAMS 0x00000000a1d00000, 0x00000000a1c00000| Untracked 
|   9|0x00000000a1d00000, 0x00000000a1e00000, 0x00000000a1e00000|100%| O|  |TAMS 0x00000000a1e00000, 0x00000000a1d00000| Untracked 
|  10|0x00000000a1e00000, 0x00000000a1f00000, 0x00000000a1f00000|100%| O|  |TAMS 0x00000000a1f00000, 0x00000000a1e00000| Untracked 
|  11|0x00000000a1f00000, 0x00000000a2000000, 0x00000000a2000000|100%| O|  |TAMS 0x00000000a2000000, 0x00000000a1f00000| Untracked 
|  12|0x00000000a2000000, 0x00000000a2100000, 0x00000000a2100000|100%| O|  |TAMS 0x00000000a2100000, 0x00000000a2000000| Untracked 
|  13|0x00000000a2100000, 0x00000000a2200000, 0x00000000a2200000|100%| O|  |TAMS 0x00000000a2200000, 0x00000000a2100000| Untracked 
|  14|0x00000000a2200000, 0x00000000a2300000, 0x00000000a2300000|100%| O|  |TAMS 0x00000000a2300000, 0x00000000a2200000| Untracked 
|  15|0x00000000a2300000, 0x00000000a2400000, 0x00000000a2400000|100%| O|  |TAMS 0x00000000a2400000, 0x00000000a2300000| Untracked 
|  16|0x00000000a2400000, 0x00000000a2500000, 0x00000000a2500000|100%| O|  |TAMS 0x00000000a2500000, 0x00000000a2400000| Untracked 
|  17|0x00000000a2500000, 0x00000000a2600000, 0x00000000a2600000|100%| O|  |TAMS 0x00000000a2600000, 0x00000000a2500000| Untracked 
|  18|0x00000000a2600000, 0x00000000a2700000, 0x00000000a2700000|100%| O|  |TAMS 0x00000000a2700000, 0x00000000a2600000| Untracked 
|  19|0x00000000a2700000, 0x00000000a2800000, 0x00000000a2800000|100%| O|  |TAMS 0x00000000a2800000, 0x00000000a2700000| Untracked 
|  20|0x00000000a2800000, 0x00000000a2900000, 0x00000000a2900000|100%| O|  |TAMS 0x00000000a2900000, 0x00000000a2800000| Untracked 
|  21|0x00000000a2900000, 0x00000000a2a00000, 0x00000000a2a00000|100%| O|  |TAMS 0x00000000a2a00000, 0x00000000a2900000| Untracked 
|  22|0x00000000a2a00000, 0x00000000a2b00000, 0x00000000a2b00000|100%| O|  |TAMS 0x00000000a2b00000, 0x00000000a2a00000| Untracked 
|  23|0x00000000a2b00000, 0x00000000a2c00000, 0x00000000a2c00000|100%| O|  |TAMS 0x00000000a2c00000, 0x00000000a2b00000| Untracked 
|  24|0x00000000a2c00000, 0x00000000a2d00000, 0x00000000a2d00000|100%| O|  |TAMS 0x00000000a2d00000, 0x00000000a2c00000| Untracked 
|  25|0x00000000a2d00000, 0x00000000a2e00000, 0x00000000a2e00000|100%| O|  |TAMS 0x00000000a2e00000, 0x00000000a2d00000| Untracked 
|  26|0x00000000a2e00000, 0x00000000a2f00000, 0x00000000a2f00000|100%| O|  |TAMS 0x00000000a2f00000, 0x00000000a2e00000| Untracked 
|  27|0x00000000a2f00000, 0x00000000a3000000, 0x00000000a3000000|100%| O|  |TAMS 0x00000000a3000000, 0x00000000a2f00000| Untracked 
|  28|0x00000000a3000000, 0x00000000a3100000, 0x00000000a3100000|100%| O|  |TAMS 0x00000000a3100000, 0x00000000a3000000| Untracked 
|  29|0x00000000a3100000, 0x00000000a3200000, 0x00000000a3200000|100%| O|  |TAMS 0x00000000a3200000, 0x00000000a3100000| Untracked 
|  30|0x00000000a3200000, 0x00000000a3300000, 0x00000000a3300000|100%| O|  |TAMS 0x00000000a3300000, 0x00000000a3200000| Untracked 
|  31|0x00000000a3300000, 0x00000000a3400000, 0x00000000a3400000|100%| O|  |TAMS 0x00000000a3400000, 0x00000000a3300000| Untracked 
|  32|0x00000000a3400000, 0x00000000a3500000, 0x00000000a3500000|100%| O|  |TAMS 0x00000000a3500000, 0x00000000a3400000| Untracked 
|  33|0x00000000a3500000, 0x00000000a3600000, 0x00000000a3600000|100%| O|  |TAMS 0x00000000a3600000, 0x00000000a3500000| Untracked 
|  34|0x00000000a3600000, 0x00000000a3700000, 0x00000000a3700000|100%| O|  |TAMS 0x00000000a3700000, 0x00000000a3600000| Untracked 
|  35|0x00000000a3700000, 0x00000000a3800000, 0x00000000a3800000|100%| O|  |TAMS 0x00000000a3800000, 0x00000000a3700000| Untracked 
|  36|0x00000000a3800000, 0x00000000a3900000, 0x00000000a3900000|100%| O|  |TAMS 0x00000000a3900000, 0x00000000a3800000| Complete 
|  37|0x00000000a3900000, 0x00000000a3900000, 0x00000000a3a00000|  0%| F|  |TAMS 0x00000000a3900000, 0x00000000a3900000| Untracked 
|  38|0x00000000a3a00000, 0x00000000a3b00000, 0x00000000a3b00000|100%| O|  |TAMS 0x00000000a3b00000, 0x00000000a3a00000| Complete 
|  39|0x00000000a3b00000, 0x00000000a3c00000, 0x00000000a3c00000|100%| O|  |TAMS 0x00000000a3c00000, 0x00000000a3b00000| Complete 
|  40|0x00000000a3c00000, 0x00000000a3d00000, 0x00000000a3d00000|100%| O|  |TAMS 0x00000000a3d00000, 0x00000000a3c00000| Untracked 
|  41|0x00000000a3d00000, 0x00000000a3d00000, 0x00000000a3e00000|  0%| F|  |TAMS 0x00000000a3d00000, 0x00000000a3d00000| Untracked 
|  42|0x00000000a3e00000, 0x00000000a3e00000, 0x00000000a3f00000|  0%| F|  |TAMS 0x00000000a3e00000, 0x00000000a3e00000| Untracked 
|  43|0x00000000a3f00000, 0x00000000a4000000, 0x00000000a4000000|100%| O|  |TAMS 0x00000000a4000000, 0x00000000a3f00000| Untracked 
|  44|0x00000000a4000000, 0x00000000a4100000, 0x00000000a4100000|100%| O|  |TAMS 0x00000000a4100000, 0x00000000a4000000| Untracked 
|  45|0x00000000a4100000, 0x00000000a4100000, 0x00000000a4200000|  0%| F|  |TAMS 0x00000000a4100000, 0x00000000a4100000| Untracked 
|  46|0x00000000a4200000, 0x00000000a4300000, 0x00000000a4300000|100%| O|  |TAMS 0x00000000a4300000, 0x00000000a4200000| Complete 
|  47|0x00000000a4300000, 0x00000000a4300000, 0x00000000a4400000|  0%| F|  |TAMS 0x00000000a4300000, 0x00000000a4300000| Untracked 
|  48|0x00000000a4400000, 0x00000000a4400000, 0x00000000a4500000|  0%| F|  |TAMS 0x00000000a4400000, 0x00000000a4400000| Untracked 
|  49|0x00000000a4500000, 0x00000000a4500000, 0x00000000a4600000|  0%| F|  |TAMS 0x00000000a4500000, 0x00000000a4500000| Untracked 
|  50|0x00000000a4600000, 0x00000000a4700000, 0x00000000a4700000|100%| O|  |TAMS 0x00000000a4700000, 0x00000000a4600000| Complete 
|  51|0x00000000a4700000, 0x00000000a4800000, 0x00000000a4800000|100%| O|  |TAMS 0x00000000a4800000, 0x00000000a4700000| Untracked 
|  52|0x00000000a4800000, 0x00000000a4800000, 0x00000000a4900000|  0%| F|  |TAMS 0x00000000a4800000, 0x00000000a4800000| Untracked 
|  53|0x00000000a4900000, 0x00000000a4900000, 0x00000000a4a00000|  0%| F|  |TAMS 0x00000000a4900000, 0x00000000a4900000| Untracked 
|  54|0x00000000a4a00000, 0x00000000a4a00000, 0x00000000a4b00000|  0%| F|  |TAMS 0x00000000a4a00000, 0x00000000a4a00000| Untracked 
|  55|0x00000000a4b00000, 0x00000000a4b00000, 0x00000000a4c00000|  0%| F|  |TAMS 0x00000000a4b00000, 0x00000000a4b00000| Untracked 
|  56|0x00000000a4c00000, 0x00000000a4c00000, 0x00000000a4d00000|  0%| F|  |TAMS 0x00000000a4c00000, 0x00000000a4c00000| Untracked 
|  57|0x00000000a4d00000, 0x00000000a4e00000, 0x00000000a4e00000|100%| O|  |TAMS 0x00000000a4e00000, 0x00000000a4d00000| Complete 
|  58|0x00000000a4e00000, 0x00000000a4e00000, 0x00000000a4f00000|  0%| F|  |TAMS 0x00000000a4e00000, 0x00000000a4e00000| Untracked 
|  59|0x00000000a4f00000, 0x00000000a5000000, 0x00000000a5000000|100%| O|  |TAMS 0x00000000a5000000, 0x00000000a4f00000| Untracked 
|  60|0x00000000a5000000, 0x00000000a5000000, 0x00000000a5100000|  0%| F|  |TAMS 0x00000000a5000000, 0x00000000a5000000| Untracked 
|  61|0x00000000a5100000, 0x00000000a5100000, 0x00000000a5200000|  0%| F|  |TAMS 0x00000000a5100000, 0x00000000a5100000| Untracked 
|  62|0x00000000a5200000, 0x00000000a5200000, 0x00000000a5300000|  0%| F|  |TAMS 0x00000000a5200000, 0x00000000a5200000| Untracked 
|  63|0x00000000a5300000, 0x00000000a5300000, 0x00000000a5400000|  0%| F|  |TAMS 0x00000000a5300000, 0x00000000a5300000| Untracked 
|  64|0x00000000a5400000, 0x00000000a5400000, 0x00000000a5500000|  0%| F|  |TAMS 0x00000000a5400000, 0x00000000a5400000| Untracked 
|  65|0x00000000a5500000, 0x00000000a5500000, 0x00000000a5600000|  0%| F|  |TAMS 0x00000000a5500000, 0x00000000a5500000| Untracked 
|  66|0x00000000a5600000, 0x00000000a5600000, 0x00000000a5700000|  0%| F|  |TAMS 0x00000000a5600000, 0x00000000a5600000| Untracked 
|  67|0x00000000a5700000, 0x00000000a5700000, 0x00000000a5800000|  0%| F|  |TAMS 0x00000000a5700000, 0x00000000a5700000| Untracked 
|  68|0x00000000a5800000, 0x00000000a5800000, 0x00000000a5900000|  0%| F|  |TAMS 0x00000000a5800000, 0x00000000a5800000| Untracked 
|  69|0x00000000a5900000, 0x00000000a5900000, 0x00000000a5a00000|  0%| F|  |TAMS 0x00000000a5900000, 0x00000000a5900000| Untracked 
|  70|0x00000000a5a00000, 0x00000000a5a00000, 0x00000000a5b00000|  0%| F|  |TAMS 0x00000000a5a00000, 0x00000000a5a00000| Untracked 
|  71|0x00000000a5b00000, 0x00000000a5b00000, 0x00000000a5c00000|  0%| F|  |TAMS 0x00000000a5b00000, 0x00000000a5b00000| Untracked 
|  72|0x00000000a5c00000, 0x00000000a5c00000, 0x00000000a5d00000|  0%| F|  |TAMS 0x00000000a5c00000, 0x00000000a5c00000| Untracked 
|  73|0x00000000a5d00000, 0x00000000a5d00000, 0x00000000a5e00000|  0%| F|  |TAMS 0x00000000a5d00000, 0x00000000a5d00000| Untracked 
|  74|0x00000000a5e00000, 0x00000000a5e00000, 0x00000000a5f00000|  0%| F|  |TAMS 0x00000000a5e00000, 0x00000000a5e00000| Untracked 
|  75|0x00000000a5f00000, 0x00000000a5f00000, 0x00000000a6000000|  0%| F|  |TAMS 0x00000000a5f00000, 0x00000000a5f00000| Untracked 
|  76|0x00000000a6000000, 0x00000000a6000000, 0x00000000a6100000|  0%| F|  |TAMS 0x00000000a6000000, 0x00000000a6000000| Untracked 
|  77|0x00000000a6100000, 0x00000000a6100000, 0x00000000a6200000|  0%| F|  |TAMS 0x00000000a6100000, 0x00000000a6100000| Untracked 
|  78|0x00000000a6200000, 0x00000000a6200000, 0x00000000a6300000|  0%| F|  |TAMS 0x00000000a6200000, 0x00000000a6200000| Untracked 
|  79|0x00000000a6300000, 0x00000000a6300000, 0x00000000a6400000|  0%| F|  |TAMS 0x00000000a6300000, 0x00000000a6300000| Untracked 
|  80|0x00000000a6400000, 0x00000000a6500000, 0x00000000a6500000|100%| O|  |TAMS 0x00000000a6500000, 0x00000000a6400000| Untracked 
|  81|0x00000000a6500000, 0x00000000a6600000, 0x00000000a6600000|100%| O|  |TAMS 0x00000000a6600000, 0x00000000a6500000| Complete 
|  82|0x00000000a6600000, 0x00000000a6700000, 0x00000000a6700000|100%| O|  |TAMS 0x00000000a6700000, 0x00000000a6600000| Complete 
|  83|0x00000000a6700000, 0x00000000a6800000, 0x00000000a6800000|100%| O|  |TAMS 0x00000000a6800000, 0x00000000a6700000| Complete 
|  84|0x00000000a6800000, 0x00000000a6900000, 0x00000000a6900000|100%| O|  |TAMS 0x00000000a6900000, 0x00000000a6800000| Complete 
|  85|0x00000000a6900000, 0x00000000a6a00000, 0x00000000a6a00000|100%| O|  |TAMS 0x00000000a6a00000, 0x00000000a6900000| Complete 
|  86|0x00000000a6a00000, 0x00000000a6b00000, 0x00000000a6b00000|100%| O|  |TAMS 0x00000000a6b00000, 0x00000000a6a00000| Complete 
|  87|0x00000000a6b00000, 0x00000000a6c00000, 0x00000000a6c00000|100%| O|  |TAMS 0x00000000a6c00000, 0x00000000a6b00000| Complete 
|  88|0x00000000a6c00000, 0x00000000a6d00000, 0x00000000a6d00000|100%| O|  |TAMS 0x00000000a6d00000, 0x00000000a6c00000| Untracked 
|  89|0x00000000a6d00000, 0x00000000a6e00000, 0x00000000a6e00000|100%| O|  |TAMS 0x00000000a6e00000, 0x00000000a6d00000| Complete 
|  90|0x00000000a6e00000, 0x00000000a6f00000, 0x00000000a6f00000|100%| O|  |TAMS 0x00000000a6f00000, 0x00000000a6e00000| Untracked 
|  91|0x00000000a6f00000, 0x00000000a6f00000, 0x00000000a7000000|  0%| F|  |TAMS 0x00000000a6f00000, 0x00000000a6f00000| Untracked 
|  92|0x00000000a7000000, 0x00000000a7000000, 0x00000000a7100000|  0%| F|  |TAMS 0x00000000a7000000, 0x00000000a7000000| Untracked 
|  93|0x00000000a7100000, 0x00000000a7200000, 0x00000000a7200000|100%| O|  |TAMS 0x00000000a7200000, 0x00000000a7100000| Untracked 
|  94|0x00000000a7200000, 0x00000000a7300000, 0x00000000a7300000|100%| O|  |TAMS 0x00000000a7300000, 0x00000000a7200000| Untracked 
|  95|0x00000000a7300000, 0x00000000a7400000, 0x00000000a7400000|100%| O|  |TAMS 0x00000000a7400000, 0x00000000a7300000| Complete 
|  96|0x00000000a7400000, 0x00000000a7500000, 0x00000000a7500000|100%| O|  |TAMS 0x00000000a7500000, 0x00000000a7400000| Complete 
|  97|0x00000000a7500000, 0x00000000a7600000, 0x00000000a7600000|100%| O|  |TAMS 0x00000000a7600000, 0x00000000a7500000| Complete 
|  98|0x00000000a7600000, 0x00000000a7700000, 0x00000000a7700000|100%| O|  |TAMS 0x00000000a7700000, 0x00000000a7600000| Complete 
|  99|0x00000000a7700000, 0x00000000a7800000, 0x00000000a7800000|100%| O|  |TAMS 0x00000000a7800000, 0x00000000a7700000| Complete 
| 100|0x00000000a7800000, 0x00000000a7830a00, 0x00000000a7900000| 18%| O|  |TAMS 0x00000000a7830a00, 0x00000000a7800000| Complete 
| 101|0x00000000a7900000, 0x00000000a7900000, 0x00000000a7a00000|  0%| F|  |TAMS 0x00000000a7900000, 0x00000000a7900000| Untracked 
| 102|0x00000000a7a00000, 0x00000000a7a00000, 0x00000000a7b00000|  0%| F|  |TAMS 0x00000000a7a00000, 0x00000000a7a00000| Untracked 
| 103|0x00000000a7b00000, 0x00000000a7b00000, 0x00000000a7c00000|  0%| F|  |TAMS 0x00000000a7b00000, 0x00000000a7b00000| Untracked 
| 104|0x00000000a7c00000, 0x00000000a7c00000, 0x00000000a7d00000|  0%| F|  |TAMS 0x00000000a7c00000, 0x00000000a7c00000| Untracked 
| 105|0x00000000a7d00000, 0x00000000a7d00000, 0x00000000a7e00000|  0%| F|  |TAMS 0x00000000a7d00000, 0x00000000a7d00000| Untracked 
| 106|0x00000000a7e00000, 0x00000000a7e00000, 0x00000000a7f00000|  0%| F|  |TAMS 0x00000000a7e00000, 0x00000000a7e00000| Untracked 
| 107|0x00000000a7f00000, 0x00000000a7f00000, 0x00000000a8000000|  0%| F|  |TAMS 0x00000000a7f00000, 0x00000000a7f00000| Untracked 
| 108|0x00000000a8000000, 0x00000000a8000000, 0x00000000a8100000|  0%| F|  |TAMS 0x00000000a8000000, 0x00000000a8000000| Untracked 
| 109|0x00000000a8100000, 0x00000000a8100000, 0x00000000a8200000|  0%| F|  |TAMS 0x00000000a8100000, 0x00000000a8100000| Untracked 
| 110|0x00000000a8200000, 0x00000000a8200000, 0x00000000a8300000|  0%| F|  |TAMS 0x00000000a8200000, 0x00000000a8200000| Untracked 
| 111|0x00000000a8300000, 0x00000000a8300000, 0x00000000a8400000|  0%| F|  |TAMS 0x00000000a8300000, 0x00000000a8300000| Untracked 
| 112|0x00000000a8400000, 0x00000000a8400000, 0x00000000a8500000|  0%| F|  |TAMS 0x00000000a8400000, 0x00000000a8400000| Untracked 
| 113|0x00000000a8500000, 0x00000000a8500000, 0x00000000a8600000|  0%| F|  |TAMS 0x00000000a8500000, 0x00000000a8500000| Untracked 
| 114|0x00000000a8600000, 0x00000000a8600000, 0x00000000a8700000|  0%| F|  |TAMS 0x00000000a8600000, 0x00000000a8600000| Untracked 
| 115|0x00000000a8700000, 0x00000000a8700000, 0x00000000a8800000|  0%| F|  |TAMS 0x00000000a8700000, 0x00000000a8700000| Untracked 
| 116|0x00000000a8800000, 0x00000000a8800000, 0x00000000a8900000|  0%| F|  |TAMS 0x00000000a8800000, 0x00000000a8800000| Untracked 
| 117|0x00000000a8900000, 0x00000000a8900000, 0x00000000a8a00000|  0%| F|  |TAMS 0x00000000a8900000, 0x00000000a8900000| Untracked 
| 118|0x00000000a8a00000, 0x00000000a8a00000, 0x00000000a8b00000|  0%| F|  |TAMS 0x00000000a8a00000, 0x00000000a8a00000| Untracked 
| 119|0x00000000a8b00000, 0x00000000a8b00000, 0x00000000a8c00000|  0%| F|  |TAMS 0x00000000a8b00000, 0x00000000a8b00000| Untracked 
| 120|0x00000000a8c00000, 0x00000000a8c00000, 0x00000000a8d00000|  0%| F|  |TAMS 0x00000000a8c00000, 0x00000000a8c00000| Untracked 
| 121|0x00000000a8d00000, 0x00000000a8d00000, 0x00000000a8e00000|  0%| F|  |TAMS 0x00000000a8d00000, 0x00000000a8d00000| Untracked 
| 122|0x00000000a8e00000, 0x00000000a8e00000, 0x00000000a8f00000|  0%| F|  |TAMS 0x00000000a8e00000, 0x00000000a8e00000| Untracked 
| 123|0x00000000a8f00000, 0x00000000a8f00000, 0x00000000a9000000|  0%| F|  |TAMS 0x00000000a8f00000, 0x00000000a8f00000| Untracked 
| 124|0x00000000a9000000, 0x00000000a9000000, 0x00000000a9100000|  0%| F|  |TAMS 0x00000000a9000000, 0x00000000a9000000| Untracked 
| 125|0x00000000a9100000, 0x00000000a9100000, 0x00000000a9200000|  0%| F|  |TAMS 0x00000000a9100000, 0x00000000a9100000| Untracked 
| 126|0x00000000a9200000, 0x00000000a9200000, 0x00000000a9300000|  0%| F|  |TAMS 0x00000000a9200000, 0x00000000a9200000| Untracked 
| 127|0x00000000a9300000, 0x00000000a9300000, 0x00000000a9400000|  0%| F|  |TAMS 0x00000000a9300000, 0x00000000a9300000| Untracked 
| 128|0x00000000a9400000, 0x00000000a9400000, 0x00000000a9500000|  0%| F|  |TAMS 0x00000000a9400000, 0x00000000a9400000| Untracked 
| 129|0x00000000a9500000, 0x00000000a9500000, 0x00000000a9600000|  0%| F|  |TAMS 0x00000000a9500000, 0x00000000a9500000| Untracked 
| 130|0x00000000a9600000, 0x00000000a9600000, 0x00000000a9700000|  0%| F|  |TAMS 0x00000000a9600000, 0x00000000a9600000| Untracked 
| 131|0x00000000a9700000, 0x00000000a9700000, 0x00000000a9800000|  0%| F|  |TAMS 0x00000000a9700000, 0x00000000a9700000| Untracked 
| 132|0x00000000a9800000, 0x00000000a9800000, 0x00000000a9900000|  0%| F|  |TAMS 0x00000000a9800000, 0x00000000a9800000| Untracked 
| 133|0x00000000a9900000, 0x00000000a990b5d8, 0x00000000a9a00000|  4%| S|CS|TAMS 0x00000000a9900000, 0x00000000a9900000| Complete 
| 134|0x00000000a9a00000, 0x00000000a9b00000, 0x00000000a9b00000|100%| S|CS|TAMS 0x00000000a9a00000, 0x00000000a9a00000| Complete 
| 135|0x00000000a9b00000, 0x00000000a9c00000, 0x00000000a9c00000|100%| S|CS|TAMS 0x00000000a9b00000, 0x00000000a9b00000| Complete 
| 136|0x00000000a9c00000, 0x00000000a9d00000, 0x00000000a9d00000|100%| S|CS|TAMS 0x00000000a9c00000, 0x00000000a9c00000| Complete 
| 137|0x00000000a9d00000, 0x00000000a9d00000, 0x00000000a9e00000|  0%| F|  |TAMS 0x00000000a9d00000, 0x00000000a9d00000| Untracked 
| 138|0x00000000a9e00000, 0x00000000a9e00000, 0x00000000a9f00000|  0%| F|  |TAMS 0x00000000a9e00000, 0x00000000a9e00000| Untracked 
| 139|0x00000000a9f00000, 0x00000000a9f00000, 0x00000000aa000000|  0%| F|  |TAMS 0x00000000a9f00000, 0x00000000a9f00000| Untracked 
| 140|0x00000000aa000000, 0x00000000aa000000, 0x00000000aa100000|  0%| F|  |TAMS 0x00000000aa000000, 0x00000000aa000000| Untracked 
| 141|0x00000000aa100000, 0x00000000aa100000, 0x00000000aa200000|  0%| F|  |TAMS 0x00000000aa100000, 0x00000000aa100000| Untracked 
| 142|0x00000000aa200000, 0x00000000aa200000, 0x00000000aa300000|  0%| F|  |TAMS 0x00000000aa200000, 0x00000000aa200000| Untracked 
| 143|0x00000000aa300000, 0x00000000aa300000, 0x00000000aa400000|  0%| F|  |TAMS 0x00000000aa300000, 0x00000000aa300000| Untracked 
| 144|0x00000000aa400000, 0x00000000aa400000, 0x00000000aa500000|  0%| F|  |TAMS 0x00000000aa400000, 0x00000000aa400000| Untracked 
| 145|0x00000000aa500000, 0x00000000aa500000, 0x00000000aa600000|  0%| F|  |TAMS 0x00000000aa500000, 0x00000000aa500000| Untracked 
| 146|0x00000000aa600000, 0x00000000aa600000, 0x00000000aa700000|  0%| F|  |TAMS 0x00000000aa600000, 0x00000000aa600000| Untracked 
| 147|0x00000000aa700000, 0x00000000aa700000, 0x00000000aa800000|  0%| F|  |TAMS 0x00000000aa700000, 0x00000000aa700000| Untracked 
| 148|0x00000000aa800000, 0x00000000aa800000, 0x00000000aa900000|  0%| F|  |TAMS 0x00000000aa800000, 0x00000000aa800000| Untracked 
| 149|0x00000000aa900000, 0x00000000aa980800, 0x00000000aaa00000| 50%| E|  |TAMS 0x00000000aa900000, 0x00000000aa900000| Complete 
| 150|0x00000000aaa00000, 0x00000000aab00000, 0x00000000aab00000|100%| E|CS|TAMS 0x00000000aaa00000, 0x00000000aaa00000| Complete 
| 151|0x00000000aab00000, 0x00000000aac00000, 0x00000000aac00000|100%| E|CS|TAMS 0x00000000aab00000, 0x00000000aab00000| Complete 
| 152|0x00000000aac00000, 0x00000000aad00000, 0x00000000aad00000|100%| E|CS|TAMS 0x00000000aac00000, 0x00000000aac00000| Complete 
| 153|0x00000000aad00000, 0x00000000aae00000, 0x00000000aae00000|100%| E|CS|TAMS 0x00000000aad00000, 0x00000000aad00000| Complete 
| 154|0x00000000aae00000, 0x00000000aaf00000, 0x00000000aaf00000|100%| E|CS|TAMS 0x00000000aae00000, 0x00000000aae00000| Complete 
| 155|0x00000000aaf00000, 0x00000000ab000000, 0x00000000ab000000|100%| E|CS|TAMS 0x00000000aaf00000, 0x00000000aaf00000| Complete 
| 156|0x00000000ab000000, 0x00000000ab100000, 0x00000000ab100000|100%| E|CS|TAMS 0x00000000ab000000, 0x00000000ab000000| Complete 
| 157|0x00000000ab100000, 0x00000000ab200000, 0x00000000ab200000|100%| E|CS|TAMS 0x00000000ab100000, 0x00000000ab100000| Complete 
| 158|0x00000000ab200000, 0x00000000ab300000, 0x00000000ab300000|100%| E|CS|TAMS 0x00000000ab200000, 0x00000000ab200000| Complete 
| 159|0x00000000ab300000, 0x00000000ab400000, 0x00000000ab400000|100%| E|CS|TAMS 0x00000000ab300000, 0x00000000ab300000| Complete 
| 160|0x00000000ab400000, 0x00000000ab500000, 0x00000000ab500000|100%| E|CS|TAMS 0x00000000ab400000, 0x00000000ab400000| Complete 
| 161|0x00000000ab500000, 0x00000000ab600000, 0x00000000ab600000|100%| E|CS|TAMS 0x00000000ab500000, 0x00000000ab500000| Complete 
| 162|0x00000000ab600000, 0x00000000ab700000, 0x00000000ab700000|100%| E|CS|TAMS 0x00000000ab600000, 0x00000000ab600000| Complete 
| 163|0x00000000ab700000, 0x00000000ab800000, 0x00000000ab800000|100%| E|CS|TAMS 0x00000000ab700000, 0x00000000ab700000| Complete 
| 164|0x00000000ab800000, 0x00000000ab900000, 0x00000000ab900000|100%| E|CS|TAMS 0x00000000ab800000, 0x00000000ab800000| Complete 
| 165|0x00000000ab900000, 0x00000000aba00000, 0x00000000aba00000|100%| E|CS|TAMS 0x00000000ab900000, 0x00000000ab900000| Complete 
| 166|0x00000000aba00000, 0x00000000abb00000, 0x00000000abb00000|100%| E|CS|TAMS 0x00000000aba00000, 0x00000000aba00000| Complete 
| 167|0x00000000abb00000, 0x00000000abc00000, 0x00000000abc00000|100%| E|CS|TAMS 0x00000000abb00000, 0x00000000abb00000| Complete 
| 168|0x00000000abc00000, 0x00000000abd00000, 0x00000000abd00000|100%| E|CS|TAMS 0x00000000abc00000, 0x00000000abc00000| Complete 
| 169|0x00000000abd00000, 0x00000000abe00000, 0x00000000abe00000|100%| E|CS|TAMS 0x00000000abd00000, 0x00000000abd00000| Complete 
| 170|0x00000000abe00000, 0x00000000abf00000, 0x00000000abf00000|100%| E|CS|TAMS 0x00000000abe00000, 0x00000000abe00000| Complete 
| 171|0x00000000abf00000, 0x00000000ac000000, 0x00000000ac000000|100%| E|CS|TAMS 0x00000000abf00000, 0x00000000abf00000| Complete 
| 172|0x00000000ac000000, 0x00000000ac100000, 0x00000000ac100000|100%| E|CS|TAMS 0x00000000ac000000, 0x00000000ac000000| Complete 
| 173|0x00000000ac100000, 0x00000000ac200000, 0x00000000ac200000|100%| E|CS|TAMS 0x00000000ac100000, 0x00000000ac100000| Complete 
| 174|0x00000000ac200000, 0x00000000ac300000, 0x00000000ac300000|100%| E|CS|TAMS 0x00000000ac200000, 0x00000000ac200000| Complete 
| 175|0x00000000ac300000, 0x00000000ac400000, 0x00000000ac400000|100%| E|CS|TAMS 0x00000000ac300000, 0x00000000ac300000| Complete 
| 176|0x00000000ac400000, 0x00000000ac500000, 0x00000000ac500000|100%| E|CS|TAMS 0x00000000ac400000, 0x00000000ac400000| Complete 
| 177|0x00000000ac500000, 0x00000000ac600000, 0x00000000ac600000|100%| E|CS|TAMS 0x00000000ac500000, 0x00000000ac500000| Complete 
| 178|0x00000000ac600000, 0x00000000ac700000, 0x00000000ac700000|100%| E|CS|TAMS 0x00000000ac600000, 0x00000000ac600000| Complete 
| 179|0x00000000ac700000, 0x00000000ac800000, 0x00000000ac800000|100%| E|CS|TAMS 0x00000000ac700000, 0x00000000ac700000| Complete 
| 180|0x00000000ac800000, 0x00000000ac900000, 0x00000000ac900000|100%| E|CS|TAMS 0x00000000ac800000, 0x00000000ac800000| Complete 
| 181|0x00000000ac900000, 0x00000000aca00000, 0x00000000aca00000|100%| E|CS|TAMS 0x00000000ac900000, 0x00000000ac900000| Complete 
| 182|0x00000000aca00000, 0x00000000acb00000, 0x00000000acb00000|100%| E|CS|TAMS 0x00000000aca00000, 0x00000000aca00000| Complete 
| 183|0x00000000acb00000, 0x00000000acc00000, 0x00000000acc00000|100%| E|CS|TAMS 0x00000000acb00000, 0x00000000acb00000| Complete 
| 184|0x00000000acc00000, 0x00000000acd00000, 0x00000000acd00000|100%| E|CS|TAMS 0x00000000acc00000, 0x00000000acc00000| Complete 
| 185|0x00000000acd00000, 0x00000000ace00000, 0x00000000ace00000|100%| E|CS|TAMS 0x00000000acd00000, 0x00000000acd00000| Complete 
| 186|0x00000000ace00000, 0x00000000acf00000, 0x00000000acf00000|100%| E|CS|TAMS 0x00000000ace00000, 0x00000000ace00000| Complete 
| 187|0x00000000acf00000, 0x00000000ad000000, 0x00000000ad000000|100%| E|CS|TAMS 0x00000000acf00000, 0x00000000acf00000| Complete 
| 188|0x00000000ad000000, 0x00000000ad100000, 0x00000000ad100000|100%| E|CS|TAMS 0x00000000ad000000, 0x00000000ad000000| Complete 
| 189|0x00000000ad100000, 0x00000000ad200000, 0x00000000ad200000|100%| E|CS|TAMS 0x00000000ad100000, 0x00000000ad100000| Complete 
| 190|0x00000000ad200000, 0x00000000ad300000, 0x00000000ad300000|100%| E|CS|TAMS 0x00000000ad200000, 0x00000000ad200000| Complete 
| 191|0x00000000ad300000, 0x00000000ad400000, 0x00000000ad400000|100%| E|CS|TAMS 0x00000000ad300000, 0x00000000ad300000| Complete 
| 192|0x00000000ad400000, 0x00000000ad500000, 0x00000000ad500000|100%| E|CS|TAMS 0x00000000ad400000, 0x00000000ad400000| Complete 
| 193|0x00000000ad500000, 0x00000000ad600000, 0x00000000ad600000|100%| E|CS|TAMS 0x00000000ad500000, 0x00000000ad500000| Complete 
| 194|0x00000000ad600000, 0x00000000ad700000, 0x00000000ad700000|100%| E|CS|TAMS 0x00000000ad600000, 0x00000000ad600000| Complete 
| 195|0x00000000ad700000, 0x00000000ad800000, 0x00000000ad800000|100%| E|CS|TAMS 0x00000000ad700000, 0x00000000ad700000| Complete 
| 196|0x00000000ad800000, 0x00000000ad900000, 0x00000000ad900000|100%| E|CS|TAMS 0x00000000ad800000, 0x00000000ad800000| Complete 
| 197|0x00000000ad900000, 0x00000000ada00000, 0x00000000ada00000|100%| E|CS|TAMS 0x00000000ad900000, 0x00000000ad900000| Complete 
| 198|0x00000000ada00000, 0x00000000adb00000, 0x00000000adb00000|100%| E|CS|TAMS 0x00000000ada00000, 0x00000000ada00000| Complete 
| 199|0x00000000adb00000, 0x00000000adc00000, 0x00000000adc00000|100%| E|CS|TAMS 0x00000000adb00000, 0x00000000adb00000| Complete 
| 200|0x00000000adc00000, 0x00000000add00000, 0x00000000add00000|100%| E|CS|TAMS 0x00000000adc00000, 0x00000000adc00000| Complete 
| 201|0x00000000add00000, 0x00000000ade00000, 0x00000000ade00000|100%| E|CS|TAMS 0x00000000add00000, 0x00000000add00000| Complete 
| 202|0x00000000ade00000, 0x00000000adf00000, 0x00000000adf00000|100%| E|CS|TAMS 0x00000000ade00000, 0x00000000ade00000| Complete 
| 203|0x00000000adf00000, 0x00000000ae000000, 0x00000000ae000000|100%| E|CS|TAMS 0x00000000adf00000, 0x00000000adf00000| Complete 
| 204|0x00000000ae000000, 0x00000000ae100000, 0x00000000ae100000|100%| E|CS|TAMS 0x00000000ae000000, 0x00000000ae000000| Complete 
| 205|0x00000000ae100000, 0x00000000ae200000, 0x00000000ae200000|100%| E|CS|TAMS 0x00000000ae100000, 0x00000000ae100000| Complete 
| 206|0x00000000ae200000, 0x00000000ae300000, 0x00000000ae300000|100%| E|CS|TAMS 0x00000000ae200000, 0x00000000ae200000| Complete 
| 207|0x00000000ae300000, 0x00000000ae400000, 0x00000000ae400000|100%| E|CS|TAMS 0x00000000ae300000, 0x00000000ae300000| Complete 
| 208|0x00000000ae400000, 0x00000000ae500000, 0x00000000ae500000|100%| E|CS|TAMS 0x00000000ae400000, 0x00000000ae400000| Complete 
| 209|0x00000000ae500000, 0x00000000ae600000, 0x00000000ae600000|100%| E|CS|TAMS 0x00000000ae500000, 0x00000000ae500000| Complete 
| 210|0x00000000ae600000, 0x00000000ae700000, 0x00000000ae700000|100%| E|CS|TAMS 0x00000000ae600000, 0x00000000ae600000| Complete 
| 211|0x00000000ae700000, 0x00000000ae800000, 0x00000000ae800000|100%| E|CS|TAMS 0x00000000ae700000, 0x00000000ae700000| Complete 
| 212|0x00000000ae800000, 0x00000000ae900000, 0x00000000ae900000|100%| E|CS|TAMS 0x00000000ae800000, 0x00000000ae800000| Complete 
| 213|0x00000000ae900000, 0x00000000aea00000, 0x00000000aea00000|100%| E|CS|TAMS 0x00000000ae900000, 0x00000000ae900000| Complete 
| 214|0x00000000aea00000, 0x00000000aeb00000, 0x00000000aeb00000|100%| E|CS|TAMS 0x00000000aea00000, 0x00000000aea00000| Complete 
| 215|0x00000000aeb00000, 0x00000000aec00000, 0x00000000aec00000|100%| E|CS|TAMS 0x00000000aeb00000, 0x00000000aeb00000| Complete 
| 216|0x00000000aec00000, 0x00000000aed00000, 0x00000000aed00000|100%| E|CS|TAMS 0x00000000aec00000, 0x00000000aec00000| Complete 
| 217|0x00000000aed00000, 0x00000000aee00000, 0x00000000aee00000|100%| E|CS|TAMS 0x00000000aed00000, 0x00000000aed00000| Complete 
| 218|0x00000000aee00000, 0x00000000aef00000, 0x00000000aef00000|100%| E|CS|TAMS 0x00000000aee00000, 0x00000000aee00000| Complete 
| 219|0x00000000aef00000, 0x00000000af000000, 0x00000000af000000|100%| E|CS|TAMS 0x00000000aef00000, 0x00000000aef00000| Complete 
| 220|0x00000000af000000, 0x00000000af100000, 0x00000000af100000|100%| E|CS|TAMS 0x00000000af000000, 0x00000000af000000| Complete 
| 221|0x00000000af100000, 0x00000000af200000, 0x00000000af200000|100%| E|CS|TAMS 0x00000000af100000, 0x00000000af100000| Complete 
| 222|0x00000000af200000, 0x00000000af300000, 0x00000000af300000|100%| E|CS|TAMS 0x00000000af200000, 0x00000000af200000| Complete 
| 223|0x00000000af300000, 0x00000000af400000, 0x00000000af400000|100%| E|CS|TAMS 0x00000000af300000, 0x00000000af300000| Complete 
| 224|0x00000000af400000, 0x00000000af500000, 0x00000000af500000|100%| E|CS|TAMS 0x00000000af400000, 0x00000000af400000| Complete 
| 225|0x00000000af500000, 0x00000000af600000, 0x00000000af600000|100%| E|CS|TAMS 0x00000000af500000, 0x00000000af500000| Complete 
| 226|0x00000000af600000, 0x00000000af700000, 0x00000000af700000|100%| E|CS|TAMS 0x00000000af600000, 0x00000000af600000| Complete 
| 227|0x00000000af700000, 0x00000000af800000, 0x00000000af800000|100%| E|CS|TAMS 0x00000000af700000, 0x00000000af700000| Complete 
| 228|0x00000000af800000, 0x00000000af900000, 0x00000000af900000|100%| E|CS|TAMS 0x00000000af800000, 0x00000000af800000| Complete 
| 229|0x00000000af900000, 0x00000000afa00000, 0x00000000afa00000|100%| E|CS|TAMS 0x00000000af900000, 0x00000000af900000| Complete 
| 230|0x00000000afa00000, 0x00000000afb00000, 0x00000000afb00000|100%| E|CS|TAMS 0x00000000afa00000, 0x00000000afa00000| Complete 
| 231|0x00000000afb00000, 0x00000000afc00000, 0x00000000afc00000|100%| E|CS|TAMS 0x00000000afb00000, 0x00000000afb00000| Complete 
| 232|0x00000000afc00000, 0x00000000afd00000, 0x00000000afd00000|100%| E|CS|TAMS 0x00000000afc00000, 0x00000000afc00000| Complete 
| 233|0x00000000afd00000, 0x00000000afe00000, 0x00000000afe00000|100%| E|CS|TAMS 0x00000000afd00000, 0x00000000afd00000| Complete 
| 234|0x00000000afe00000, 0x00000000aff00000, 0x00000000aff00000|100%| E|CS|TAMS 0x00000000afe00000, 0x00000000afe00000| Complete 
| 235|0x00000000aff00000, 0x00000000b0000000, 0x00000000b0000000|100%| E|CS|TAMS 0x00000000aff00000, 0x00000000aff00000| Complete 
| 236|0x00000000b0000000, 0x00000000b0100000, 0x00000000b0100000|100%| E|CS|TAMS 0x00000000b0000000, 0x00000000b0000000| Complete 
| 237|0x00000000b0100000, 0x00000000b0200000, 0x00000000b0200000|100%| E|CS|TAMS 0x00000000b0100000, 0x00000000b0100000| Complete 
| 403|0x00000000ba700000, 0x00000000ba800000, 0x00000000ba800000|100%| E|CS|TAMS 0x00000000ba700000, 0x00000000ba700000| Complete 
| 404|0x00000000ba800000, 0x00000000ba900000, 0x00000000ba900000|100%| E|CS|TAMS 0x00000000ba800000, 0x00000000ba800000| Complete 

Card table byte_map: [0x00000271c9310000,0x00000271c9610000] _byte_map_base: 0x00000271c8e06000

Marking Bits (Prev, Next): (CMBitMap*) 0x00000271b0564740, (CMBitMap*) 0x00000271b0564780
 Prev Bits: [0x00000271c9910000, 0x00000271cb0c0000)
 Next Bits: [0x00000271cb0c0000, 0x00000271cc870000)

Polling page: 0x00000271b05e0000

Metaspace:

Usage:
  Non-class:     73.97 MB used.
      Class:     11.99 MB used.
       Both:     85.96 MB used.

Virtual space:
  Non-class space:      128.00 MB reserved,      74.31 MB ( 58%) committed,  2 nodes.
      Class space:        1.00 GB reserved,      12.31 MB (  1%) committed,  1 nodes.
             Both:        1.12 GB reserved,      86.62 MB (  8%) committed. 

Chunk freelists:
   Non-Class:  5.22 MB
       Class:  3.64 MB
        Both:  8.86 MB

MaxMetaspaceSize: unlimited
CompressedClassSpaceSize: 1.00 GB
Initial GC threshold: 21.00 MB
Current GC threshold: 118.75 MB
CDS: on
MetaspaceReclaimPolicy: balanced
 - commit_granule_bytes: 65536.
 - commit_granule_words: 8192.
 - virtual_space_node_default_size: 8388608.
 - enlarge_chunks_in_place: 1.
 - new_chunks_are_fully_committed: 0.
 - uncommit_free_chunks: 1.
 - use_allocation_guard: 0.
 - handle_deallocations: 1.


Internal statistics:

num_allocs_failed_limit: 11.
num_arena_births: 1004.
num_arena_deaths: 0.
num_vsnodes_births: 3.
num_vsnodes_deaths: 0.
num_space_committed: 1386.
num_space_uncommitted: 0.
num_chunks_returned_to_freelist: 11.
num_chunks_taken_from_freelist: 4196.
num_chunk_merges: 11.
num_chunk_splits: 3001.
num_chunks_enlarged: 2243.
num_inconsistent_stats: 0.

CodeHeap 'non-profiled nmethods': size=120000Kb used=4518Kb max_used=4518Kb free=115481Kb
 bounds [0x00000271c1080000, 0x00000271c14f0000, 0x00000271c85b0000]
CodeHeap 'profiled nmethods': size=120000Kb used=13007Kb max_used=13007Kb free=106992Kb
 bounds [0x00000271b95b0000, 0x00000271ba270000, 0x00000271c0ae0000]
CodeHeap 'non-nmethods': size=5760Kb used=1386Kb max_used=1440Kb free=4373Kb
 bounds [0x00000271c0ae0000, 0x00000271c0d50000, 0x00000271c1080000]
 total_blobs=7838 nmethods=7107 adapters=643
 compilation: enabled
              stopped_count=0, restarted_count=0
 full_count=0

Compilation events (20 events):
Event: 44.540 Thread 0x00000271cf2d1d60 8004       3       org.thymeleaf.util.ExpressionUtils$$Lambda$1955/0x00000271d1c4b750::test (12 bytes)
Event: 44.541 Thread 0x00000271cf2d1d60 nmethod 8004 0x00000271ba25b610 code [0x00000271ba25b7c0, 0x00000271ba25bac8]
Event: 44.541 Thread 0x00000271cf2d1d60 8005       3       org.thymeleaf.util.ExpressionUtils::lambda$isTypeBlockedForAllPurposes$3 (6 bytes)
Event: 44.541 Thread 0x00000271cf2d1d60 nmethod 8005 0x00000271ba25bc10 code [0x00000271ba25bdc0, 0x00000271ba25bf48]
Event: 44.542 Thread 0x00000271cf2d1d60 8006       3       org.apache.coyote.http11.Http11OutputBuffer::write (93 bytes)
Event: 44.543 Thread 0x00000271cf2d1d60 nmethod 8006 0x00000271ba25c010 code [0x00000271ba25c200, 0x00000271ba25c798]
Event: 44.577 Thread 0x00000271cf2d1d60 8008       3       org.apache.tomcat.util.buf.MessageBytes::setBytes (26 bytes)
Event: 44.578 Thread 0x00000271cf2d1d60 nmethod 8008 0x00000271ba25c990 code [0x00000271ba25cb20, 0x00000271ba25cd18]
Event: 44.578 Thread 0x00000271cf2d1d60 8009       3       org.apache.coyote.http11.Http11InputBuffer::parseHeader (1001 bytes)
Event: 44.583 Thread 0x00000271cf2d1d60 nmethod 8009 0x00000271ba25ce10 code [0x00000271ba25d3a0, 0x00000271ba260158]
Event: 44.583 Thread 0x00000271cf2d1d60 8011       3       org.springframework.web.servlet.handler.HandlerMappingIntrospector$AttributesPreservingRequest::getAttribute (11 bytes)
Event: 44.583 Thread 0x00000271cf2d1d60 nmethod 8011 0x00000271ba260e10 code [0x00000271ba260fc0, 0x00000271ba261188]
Event: 44.583 Thread 0x00000271cf2d1d60 8010       3       org.springframework.web.util.pattern.PathPattern$MatchingContext::<init> (48 bytes)
Event: 44.584 Thread 0x00000271cf2d1d60 nmethod 8010 0x00000271ba261290 code [0x00000271ba261460, 0x00000271ba261898]
Event: 44.586 Thread 0x00000271cf2d1d60 8013       3       org.springframework.web.util.ServletRequestPathUtils::getParsedRequestPath (24 bytes)
Event: 44.587 Thread 0x00000271cf2d1d60 nmethod 8013 0x00000271ba261a10 code [0x00000271ba261c40, 0x00000271ba2623e8]
Event: 44.587 Thread 0x00000271cf2d1d60 8014       3       java.util.regex.Pattern::single (82 bytes)
Event: 44.590 Thread 0x00000271cf2d1d60 nmethod 8014 0x00000271ba262690 code [0x00000271ba262a00, 0x00000271ba264418]
Event: 44.720 Thread 0x00000271cf2d13a0 nmethod 7974 0x00000271c14e3810 code [0x00000271c14e3c40, 0x00000271c14e6048]
Event: 44.720 Thread 0x00000271cf2d13a0 8007       4       com.sun.crypto.provider.AESCrypt::implEncryptBlock (953 bytes)

GC Heap History (20 events):
Event: 18.580 GC heap before
{Heap before GC invocations=31 (full 0):
 garbage-first heap   total 80896K, used 61347K [0x00000000a1400000, 0x0000000100000000)
  region size 1024K, 15 young (15360K), 2 survivors (2048K)
 Metaspace       used 70031K, committed 70656K, reserved 1114112K
  class space    used 9875K, committed 10176K, reserved 1048576K
}
Event: 18.589 GC heap after
{Heap after GC invocations=32 (full 0):
 garbage-first heap   total 80896K, used 53667K [0x00000000a1400000, 0x0000000100000000)
  region size 1024K, 2 young (2048K), 2 survivors (2048K)
 Metaspace       used 70031K, committed 70656K, reserved 1114112K
  class space    used 9875K, committed 10176K, reserved 1048576K
}
Event: 18.743 GC heap before
{Heap before GC invocations=33 (full 0):
 garbage-first heap   total 99328K, used 63907K [0x00000000a1400000, 0x0000000100000000)
  region size 1024K, 11 young (11264K), 2 survivors (2048K)
 Metaspace       used 70031K, committed 70656K, reserved 1114112K
  class space    used 9875K, committed 10176K, reserved 1048576K
}
Event: 18.750 GC heap after
{Heap after GC invocations=34 (full 0):
 garbage-first heap   total 99328K, used 58874K [0x00000000a1400000, 0x0000000100000000)
  region size 1024K, 2 young (2048K), 2 survivors (2048K)
 Metaspace       used 70031K, committed 70656K, reserved 1114112K
  class space    used 9875K, committed 10176K, reserved 1048576K
}
Event: 18.763 GC heap before
{Heap before GC invocations=34 (full 0):
 garbage-first heap   total 99328K, used 60922K [0x00000000a1400000, 0x0000000100000000)
  region size 1024K, 4 young (4096K), 2 survivors (2048K)
 Metaspace       used 70031K, committed 70656K, reserved 1114112K
  class space    used 9875K, committed 10176K, reserved 1048576K
}
Event: 18.768 GC heap after
{Heap after GC invocations=35 (full 0):
 garbage-first heap   total 174080K, used 59033K [0x00000000a1400000, 0x0000000100000000)
  region size 1024K, 1 young (1024K), 1 survivors (1024K)
 Metaspace       used 70031K, committed 70656K, reserved 1114112K
  class space    used 9875K, committed 10176K, reserved 1048576K
}
Event: 19.699 GC heap before
{Heap before GC invocations=35 (full 0):
 garbage-first heap   total 174080K, used 110233K [0x00000000a1400000, 0x0000000100000000)
  region size 1024K, 51 young (52224K), 1 survivors (1024K)
 Metaspace       used 70056K, committed 70656K, reserved 1114112K
  class space    used 9877K, committed 10176K, reserved 1048576K
}
Event: 19.702 GC heap after
{Heap after GC invocations=36 (full 0):
 garbage-first heap   total 174080K, used 61005K [0x00000000a1400000, 0x0000000100000000)
  region size 1024K, 3 young (3072K), 3 survivors (3072K)
 Metaspace       used 70056K, committed 70656K, reserved 1114112K
  class space    used 9877K, committed 10176K, reserved 1048576K
}
Event: 20.571 GC heap before
{Heap before GC invocations=36 (full 0):
 garbage-first heap   total 174080K, used 124493K [0x00000000a1400000, 0x0000000100000000)
  region size 1024K, 65 young (66560K), 3 survivors (3072K)
 Metaspace       used 70080K, committed 70720K, reserved 1114112K
  class space    used 9879K, committed 10176K, reserved 1048576K
}
Event: 20.582 GC heap after
{Heap after GC invocations=37 (full 0):
 garbage-first heap   total 174080K, used 67837K [0x00000000a1400000, 0x0000000100000000)
  region size 1024K, 9 young (9216K), 9 survivors (9216K)
 Metaspace       used 70080K, committed 70720K, reserved 1114112K
  class space    used 9879K, committed 10176K, reserved 1048576K
}
Event: 20.957 GC heap before
{Heap before GC invocations=37 (full 0):
 garbage-first heap   total 174080K, used 128253K [0x00000000a1400000, 0x0000000100000000)
  region size 1024K, 67 young (68608K), 9 survivors (9216K)
 Metaspace       used 70080K, committed 70720K, reserved 1114112K
  class space    used 9879K, committed 10176K, reserved 1048576K
}
Event: 20.988 GC heap after
{Heap after GC invocations=38 (full 0):
 garbage-first heap   total 174080K, used 91989K [0x00000000a1400000, 0x0000000100000000)
  region size 1024K, 9 young (9216K), 9 survivors (9216K)
 Metaspace       used 70080K, committed 70720K, reserved 1114112K
  class space    used 9879K, committed 10176K, reserved 1048576K
}
Event: 21.041 GC heap before
{Heap before GC invocations=38 (full 0):
 garbage-first heap   total 174080K, used 97109K [0x00000000a1400000, 0x0000000100000000)
  region size 1024K, 15 young (15360K), 9 survivors (9216K)
 Metaspace       used 70082K, committed 70720K, reserved 1114112K
  class space    used 9879K, committed 10176K, reserved 1048576K
}
Event: 21.056 GC heap after
{Heap after GC invocations=39 (full 0):
 garbage-first heap   total 174080K, used 96474K [0x00000000a1400000, 0x0000000100000000)
  region size 1024K, 4 young (4096K), 4 survivors (4096K)
 Metaspace       used 70082K, committed 70720K, reserved 1114112K
  class space    used 9879K, committed 10176K, reserved 1048576K
}
Event: 21.355 GC heap before
{Heap before GC invocations=40 (full 0):
 garbage-first heap   total 174080K, used 123098K [0x00000000a1400000, 0x0000000100000000)
  region size 1024K, 34 young (34816K), 4 survivors (4096K)
 Metaspace       used 70085K, committed 70720K, reserved 1114112K
  class space    used 9879K, committed 10176K, reserved 1048576K
}
Event: 21.369 GC heap after
{Heap after GC invocations=41 (full 0):
 garbage-first heap   total 174080K, used 101938K [0x00000000a1400000, 0x0000000100000000)
  region size 1024K, 5 young (5120K), 5 survivors (5120K)
 Metaspace       used 70085K, committed 70720K, reserved 1114112K
  class space    used 9879K, committed 10176K, reserved 1048576K
}
Event: 21.387 GC heap before
{Heap before GC invocations=41 (full 0):
 garbage-first heap   total 174080K, used 105010K [0x00000000a1400000, 0x0000000100000000)
  region size 1024K, 8 young (8192K), 5 survivors (5120K)
 Metaspace       used 70085K, committed 70720K, reserved 1114112K
  class space    used 9879K, committed 10176K, reserved 1048576K
}
Event: 21.396 GC heap after
{Heap after GC invocations=42 (full 0):
 garbage-first heap   total 174080K, used 92354K [0x00000000a1400000, 0x0000000100000000)
  region size 1024K, 1 young (1024K), 1 survivors (1024K)
 Metaspace       used 70085K, committed 70720K, reserved 1114112K
  class space    used 9879K, committed 10176K, reserved 1048576K
}
Event: 22.349 GC heap before
{Heap before GC invocations=42 (full 0):
 garbage-first heap   total 174080K, used 125122K [0x00000000a1400000, 0x0000000100000000)
  region size 1024K, 33 young (33792K), 1 survivors (1024K)
 Metaspace       used 72188K, committed 72768K, reserved 1114112K
  class space    used 10205K, committed 10496K, reserved 1048576K
}
Event: 22.356 GC heap after
{Heap after GC invocations=43 (full 0):
 garbage-first heap   total 414720K, used 94447K [0x00000000a1400000, 0x0000000100000000)
  region size 1024K, 4 young (4096K), 4 survivors (4096K)
 Metaspace       used 72188K, committed 72768K, reserved 1114112K
  class space    used 10205K, committed 10496K, reserved 1048576K
}

Deoptimization events (20 events):
Event: 40.528 Thread 0x0000027217be3e90 Uncommon trap: trap_request=0xffffff45 fr.pc=0x00000271c1245fe0 relative=0x0000000000000560
Event: 40.528 Thread 0x0000027217be3e90 Uncommon trap: reason=unstable_if action=reinterpret pc=0x00000271c1245fe0 method=java.util.Properties.load0(Ljava/util/Properties$LineReader;)V @ 79 c2
Event: 40.528 Thread 0x0000027217be3e90 DEOPT PACKING pc=0x00000271c1245fe0 sp=0x0000008e017f9fa0
Event: 40.528 Thread 0x0000027217be3e90 DEOPT UNPACKING pc=0x00000271c0b323a3 sp=0x0000008e017f9f48 mode 2
Event: 40.530 Thread 0x0000027217be3e90 Uncommon trap: trap_request=0xffffff45 fr.pc=0x00000271c116ddf8 relative=0x0000000000000518
Event: 40.530 Thread 0x0000027217be3e90 Uncommon trap: reason=unstable_if action=reinterpret pc=0x00000271c116ddf8 method=java.util.Properties.load0(Ljava/util/Properties$LineReader;)V @ 79 c2
Event: 40.531 Thread 0x0000027217be3e90 DEOPT PACKING pc=0x00000271c116ddf8 sp=0x0000008e017f9fa0
Event: 40.531 Thread 0x0000027217be3e90 DEOPT UNPACKING pc=0x00000271c0b323a3 sp=0x0000008e017f9f48 mode 2
Event: 40.535 Thread 0x0000027217be3e90 Uncommon trap: trap_request=0xffffff45 fr.pc=0x00000271c147ba4c relative=0x000000000000046c
Event: 40.535 Thread 0x0000027217be3e90 Uncommon trap: reason=unstable_if action=reinterpret pc=0x00000271c147ba4c method=org.thymeleaf.util.ProcessorComparators$ProcessorPrecedenceComparator.compare(Lorg/thymeleaf/processor/IProcessor;Lorg/thymeleaf/processor/IProcessor;)I @ 2 c2
Event: 40.535 Thread 0x0000027217be3e90 DEOPT PACKING pc=0x00000271c147ba4c sp=0x0000008e017fac60
Event: 40.535 Thread 0x0000027217be3e90 DEOPT UNPACKING pc=0x00000271c0b323a3 sp=0x0000008e017fabf8 mode 2
Event: 40.589 Thread 0x0000027217be3e90 Uncommon trap: trap_request=0xffffff45 fr.pc=0x00000271c10a59c0 relative=0x0000000000000340
Event: 40.589 Thread 0x0000027217be3e90 Uncommon trap: reason=unstable_if action=reinterpret pc=0x00000271c10a59c0 method=java.lang.StringUTF16.compress([CI[BII)I @ 20 c2
Event: 40.589 Thread 0x0000027217be3e90 DEOPT PACKING pc=0x00000271c10a59c0 sp=0x0000008e017fb090
Event: 40.589 Thread 0x0000027217be3e90 DEOPT UNPACKING pc=0x00000271c0b323a3 sp=0x0000008e017fb010 mode 2
Event: 40.589 Thread 0x0000027217be3e90 Uncommon trap: trap_request=0xffffff45 fr.pc=0x00000271c13f73fc relative=0x000000000000025c
Event: 40.589 Thread 0x0000027217be3e90 Uncommon trap: reason=unstable_if action=reinterpret pc=0x00000271c13f73fc method=java.lang.String.getChars(II[CI)V @ 23 c2
Event: 40.589 Thread 0x0000027217be3e90 DEOPT PACKING pc=0x00000271c13f73fc sp=0x0000008e017fac20
Event: 40.589 Thread 0x0000027217be3e90 DEOPT UNPACKING pc=0x00000271c0b323a3 sp=0x0000008e017fabb8 mode 2

Classes unloaded (0 events):
No events

Classes redefined (0 events):
No events

Internal exceptions (20 events):
Event: 21.848 Thread 0x00000271cf50c740 Exception <a 'java/lang/IncompatibleClassChangeError'{0x00000000aa8a9cc8}: Found class java.lang.Object, but interface was expected> (0x00000000aa8a9cc8) 
thrown [s\open\src\hotspot\share\interpreter\linkResolver.cpp, line 826]
Event: 21.907 Thread 0x00000271cf50c740 Exception <a 'sun/nio/fs/WindowsException'{0x00000000aa79fd58}> (0x00000000aa79fd58) 
thrown [s\open\src\hotspot\share\prims\jni.cpp, line 516]
Event: 22.305 Thread 0x00000271cf50c740 Exception <a 'sun/nio/fs/WindowsException'{0x00000000a9ebfb18}> (0x00000000a9ebfb18) 
thrown [s\open\src\hotspot\share\prims\jni.cpp, line 516]
Event: 22.455 Thread 0x00000271cf50c740 Exception <a 'java/lang/reflect/InvocationTargetException'{0x00000000ba7d0c70}> (0x00000000ba7d0c70) 
thrown [s\open\src\hotspot\share\runtime\reflection.cpp, line 1121]
Event: 22.456 Thread 0x00000271cf50c740 Exception <a 'java/lang/reflect/InvocationTargetException'{0x00000000ba7d8830}> (0x00000000ba7d8830) 
thrown [s\open\src\hotspot\share\runtime\reflection.cpp, line 1121]
Event: 22.971 Thread 0x00000271cf50c740 Exception <a 'java/lang/IncompatibleClassChangeError'{0x00000000af8d0218}: Found class java.lang.Object, but interface was expected> (0x00000000af8d0218) 
thrown [s\open\src\hotspot\share\interpreter\linkResolver.cpp, line 826]
Event: 23.386 Thread 0x00000271cf50c740 Exception <a 'java/lang/NoSuchMethodError'{0x00000000aee2d288}: 'java.lang.Object java.lang.invoke.DirectMethodHandle$Holder.invokeInterface(java.lang.Object, java.lang.Object, java.lang.Object, java.lang.Object)'> (0x00000000aee2d288) 
thrown [s\open\src\hotspot\share\interpreter\linkResolver.cpp, line 759]
Event: 23.499 Thread 0x00000271cf50c740 Exception <a 'java/lang/NoSuchMethodError'{0x00000000aec64c80}: 'void java.lang.invoke.DirectMethodHandle$Holder.invokeVirtual(java.lang.Object, java.lang.Object, long)'> (0x00000000aec64c80) 
thrown [s\open\src\hotspot\share\interpreter\linkResolver.cpp, line 759]
Event: 23.765 Thread 0x00000271cf50c740 Exception <a 'java/lang/NoSuchMethodError'{0x00000000ae7ff4a8}: 'java.lang.Object java.lang.invoke.Invokers$Holder.invoke_MT(java.lang.Object, java.lang.Object, java.lang.Object, java.lang.Object, java.lang.Object, java.lang.Object, java.lang.Object, java.lang.Object, java.lang.Object)'> (0x00000000ae7ff4a8) 
thrown [s\open\src\hotspot\share\interpreter\linkResolver.cpp, line 759]
Event: 23.855 Thread 0x00000271cf50c740 Exception <a 'java/lang/IncompatibleClassChangeError'{0x00000000ae5de818}: Found class java.lang.Object, but interface was expected> (0x00000000ae5de818) 
thrown [s\open\src\hotspot\share\interpreter\linkResolver.cpp, line 826]
Event: 23.873 Thread 0x00000271cf50c740 Implicit null exception at 0x00000271c1112b1c to 0x00000271c1112d54
Event: 24.021 Thread 0x00000271cf50c740 Exception <a 'java/lang/NoSuchMethodError'{0x00000000ae0f1030}: 'java.lang.Object java.lang.invoke.DirectMethodHandle$Holder.invokeSpecial(java.lang.Object, java.lang.Object, java.lang.Object, java.lang.Object, java.lang.Object, java.lang.Object, java.lang.Object, java.lang.Object, java.lang.Object, java.lang.Object, java.lang.Object)'> (0x00000000ae0f1030) 
thrown [s\open\src\hotspot\share\interpreter\linkResolver.cpp, line 759]
Event: 24.022 Thread 0x00000271cf50c740 Exception <a 'java/lang/NoSuchMethodError'{0x00000000ae0f5460}: 'java.lang.Object java.lang.invoke.Invokers$Holder.invoke_MT(java.lang.Object, java.lang.Object, java.lang.Object, java.lang.Object, java.lang.Object, java.lang.Object, java.lang.Object, java.lang.Object, java.lang.Object, java.lang.Object, java.lang.Object)'> (0x00000000ae0f5460) 
thrown [s\open\src\hotspot\share\interpreter\linkResolver.cpp, line 759]
Event: 24.515 Thread 0x00000271cf50c740 Exception <a 'java/lang/NoSuchMethodError'{0x00000000adce4eb8}: 'java.lang.Object java.lang.invoke.DirectMethodHandle$Holder.newInvokeSpecial(java.lang.Object, java.lang.Object, int, java.lang.Object, java.lang.Object)'> (0x00000000adce4eb8) 
thrown [s\open\src\hotspot\share\interpreter\linkResolver.cpp, line 759]
Event: 32.668 Thread 0x0000027217be06e0 Exception <a 'java/lang/NoSuchMethodError'{0x00000000ac908368}: 'java.lang.Object java.lang.invoke.DirectMethodHandle$Holder.invokeSpecial(java.lang.Object, java.lang.Object, java.lang.Object, java.lang.Object, java.lang.Object, long)'> (0x00000000ac908368) 
thrown [s\open\src\hotspot\share\interpreter\linkResolver.cpp, line 759]
Event: 32.669 Thread 0x0000027217be06e0 Exception <a 'java/lang/NoSuchMethodError'{0x00000000ac90bda8}: 'java.lang.Object java.lang.invoke.Invokers$Holder.linkToTargetMethod(java.lang.Object, java.lang.Object, java.lang.Object, long, java.lang.Object)'> (0x00000000ac90bda8) 
thrown [s\open\src\hotspot\share\interpreter\linkResolver.cpp, line 759]
Event: 33.863 Thread 0x0000027217be0bf0 Exception <a 'java/lang/NoSuchMethodError'{0x00000000ad3abb30}: 'java.lang.Object java.lang.invoke.DirectMethodHandle$Holder.invokeStatic(java.lang.Object, int, int)'> (0x00000000ad3abb30) 
thrown [s\open\src\hotspot\share\interpreter\linkResolver.cpp, line 759]
Event: 40.241 Thread 0x0000027217be52d0 Exception <a 'java/lang/NoSuchMethodError'{0x00000000ab049228}: 'void java.lang.invoke.DirectMethodHandle$Holder.invokeSpecialIFC(java.lang.Object, java.lang.Object, int, java.lang.Object, java.lang.Object, java.lang.Object, java.lang.Object)'> (0x00000000ab049228) 
thrown [s\open\src\hotspot\share\interpreter\linkResolver.cpp, line 759]
Event: 44.470 Thread 0x0000027217be06e0 Exception <a 'java/lang/IncompatibleClassChangeError'{0x00000000aaa775d8}: Found class java.lang.Object, but interface was expected> (0x00000000aaa775d8) 
thrown [s\open\src\hotspot\share\interpreter\linkResolver.cpp, line 826]
Event: 44.490 Thread 0x0000027217be06e0 Exception <a 'java/lang/IncompatibleClassChangeError'{0x00000000aaa8cc08}: Found class java.lang.Object, but interface was expected> (0x00000000aaa8cc08) 
thrown [s\open\src\hotspot\share\interpreter\linkResolver.cpp, line 826]

VM Operations (20 events):
Event: 33.669 Executing VM operation: HandshakeAllThreads
Event: 33.669 Executing VM operation: HandshakeAllThreads done
Event: 33.887 Executing VM operation: ICBufferFull
Event: 33.887 Executing VM operation: ICBufferFull done
Event: 34.887 Executing VM operation: Cleanup
Event: 34.888 Executing VM operation: Cleanup done
Event: 35.899 Executing VM operation: Cleanup
Event: 35.899 Executing VM operation: Cleanup done
Event: 37.917 Executing VM operation: Cleanup
Event: 37.917 Executing VM operation: Cleanup done
Event: 40.455 Executing VM operation: HandshakeAllThreads
Event: 40.455 Executing VM operation: HandshakeAllThreads done
Event: 40.455 Executing VM operation: Cleanup
Event: 40.455 Executing VM operation: Cleanup done
Event: 41.467 Executing VM operation: Cleanup
Event: 41.467 Executing VM operation: Cleanup done
Event: 42.482 Executing VM operation: Cleanup
Event: 42.482 Executing VM operation: Cleanup done
Event: 44.499 Executing VM operation: Cleanup
Event: 44.499 Executing VM operation: Cleanup done

Events (20 events):
Event: 40.479 loading class java/util/concurrent/atomic/DoubleAccumulator
Event: 40.480 loading class java/util/concurrent/atomic/DoubleAccumulator done
Event: 40.480 loading class java/util/concurrent/atomic/DoubleAdder
Event: 40.481 loading class java/util/concurrent/atomic/DoubleAdder done
Event: 40.481 loading class java/util/concurrent/atomic/LongAccumulator
Event: 40.481 loading class java/util/concurrent/atomic/LongAccumulator done
Event: 40.505 loading class java/lang/StringEditor
Event: 40.505 loading class java/lang/StringEditor done
Event: 40.586 loading class java/lang/BooleanEditor
Event: 40.586 loading class java/lang/BooleanEditor done
Event: 41.052 Thread 0x0000027215c79540 Thread exited: 0x0000027215c79540
Event: 44.425 loading class sun/security/ssl/PreSharedKeyExtension$CHPreSharedKeySpec
Event: 44.425 loading class sun/security/ssl/PreSharedKeyExtension$CHPreSharedKeySpec done
Event: 44.426 loading class sun/security/ssl/PreSharedKeyExtension$PskIdentity
Event: 44.426 loading class sun/security/ssl/PreSharedKeyExtension$PskIdentity done
Event: 44.428 loading class sun/security/ssl/PreSharedKeyExtension$SHPreSharedKeySpec
Event: 44.428 loading class sun/security/ssl/PreSharedKeyExtension$SHPreSharedKeySpec done
Event: 44.439 Thread 0x0000027215c7afd0 Thread added: 0x0000027215c7afd0
Event: 44.532 loading class java/lang/invoke/MethodHandleImpl$CountingWrapper$1
Event: 44.533 loading class java/lang/invoke/MethodHandleImpl$CountingWrapper$1 done


Dynamic libraries:
0x00007ff760ae0000 - 0x00007ff760af0000 	C:\Users\Ezemati14\Desktop\Java\jdk-17.0.12\bin\java.exe
0x00007ffab1290000 - 0x00007ffab1488000 	C:\windows\SYSTEM32\ntdll.dll
0x00007ffaafd70000 - 0x00007ffaafe32000 	C:\windows\System32\KERNEL32.DLL
0x00007ffaaeb60000 - 0x00007ffaaee5f000 	C:\windows\System32\KERNELBASE.dll
0x00007ffaaea60000 - 0x00007ffaaeb60000 	C:\windows\System32\ucrtbase.dll
0x00007ffaa6cc0000 - 0x00007ffaa6cdb000 	C:\Users\Ezemati14\Desktop\Java\jdk-17.0.12\bin\VCRUNTIME140.dll
0x00007ffaa6b40000 - 0x00007ffaa6b59000 	C:\Users\Ezemati14\Desktop\Java\jdk-17.0.12\bin\jli.dll
0x00007ffaaff80000 - 0x00007ffab0031000 	C:\windows\System32\ADVAPI32.dll
0x00007ffab0dc0000 - 0x00007ffab0e5e000 	C:\windows\System32\msvcrt.dll
0x00007ffab0460000 - 0x00007ffab04ff000 	C:\windows\System32\sechost.dll
0x00007ffab10f0000 - 0x00007ffab1213000 	C:\windows\System32\RPCRT4.dll
0x00007ffaae920000 - 0x00007ffaae947000 	C:\windows\System32\bcrypt.dll
0x00007ffab0780000 - 0x00007ffab091d000 	C:\windows\System32\USER32.dll
0x00007ffaaf270000 - 0x00007ffaaf292000 	C:\windows\System32\win32u.dll
0x00007ffab0040000 - 0x00007ffab006b000 	C:\windows\System32\GDI32.dll
0x00007ffaaf050000 - 0x00007ffaaf167000 	C:\windows\System32\gdi32full.dll
0x00007ffaae9c0000 - 0x00007ffaaea5d000 	C:\windows\System32\msvcp_win.dll
0x00007ffa933c0000 - 0x00007ffa9365a000 	C:\windows\WinSxS\amd64_microsoft.windows.common-controls_6595b64144ccf1df_6.0.19041.4355_none_60b8b9eb71f62e16\COMCTL32.dll
0x00007ffaa4b10000 - 0x00007ffaa4b1a000 	C:\windows\SYSTEM32\VERSION.dll
0x00007ffab1220000 - 0x00007ffab124f000 	C:\windows\System32\IMM32.DLL
0x00007ffaabf70000 - 0x00007ffaabf7c000 	C:\Users\Ezemati14\Desktop\Java\jdk-17.0.12\bin\vcruntime140_1.dll
0x00007ffaa6920000 - 0x00007ffaa69ae000 	C:\Users\Ezemati14\Desktop\Java\jdk-17.0.12\bin\msvcp140.dll
0x00007ffa50980000 - 0x00007ffa51560000 	C:\Users\Ezemati14\Desktop\Java\jdk-17.0.12\bin\server\jvm.dll
0x00007ffab06a0000 - 0x00007ffab06a8000 	C:\windows\System32\PSAPI.DLL
0x00007ffa954c0000 - 0x00007ffa954c9000 	C:\windows\SYSTEM32\WSOCK32.dll
0x00007ffaafd00000 - 0x00007ffaafd6b000 	C:\windows\System32\WS2_32.dll
0x00007ffaa23d0000 - 0x00007ffaa23f7000 	C:\windows\SYSTEM32\WINMM.dll
0x00007ffaac760000 - 0x00007ffaac772000 	C:\windows\SYSTEM32\kernel.appcore.dll
0x00007ffaabf50000 - 0x00007ffaabf5a000 	C:\Users\Ezemati14\Desktop\Java\jdk-17.0.12\bin\jimage.dll
0x00007ffaa6df0000 - 0x00007ffaa6fd4000 	C:\windows\SYSTEM32\DBGHELP.DLL
0x00007ffa96dd0000 - 0x00007ffa96e04000 	C:\windows\SYSTEM32\dbgcore.DLL
0x00007ffaaee60000 - 0x00007ffaaeee2000 	C:\windows\System32\bcryptPrimitives.dll
0x00007ffaabf30000 - 0x00007ffaabf3e000 	C:\Users\Ezemati14\Desktop\Java\jdk-17.0.12\bin\instrument.dll
0x00007ffa9aa10000 - 0x00007ffa9aa35000 	C:\Users\Ezemati14\Desktop\Java\jdk-17.0.12\bin\java.dll
0x00007ffa813a0000 - 0x00007ffa81477000 	C:\Users\Ezemati14\Desktop\Java\jdk-17.0.12\bin\jsvml.dll
0x00007ffaaf2a0000 - 0x00007ffaafa0e000 	C:\windows\System32\SHELL32.dll
0x00007ffaac960000 - 0x00007ffaad104000 	C:\windows\SYSTEM32\windows.storage.dll
0x00007ffab0070000 - 0x00007ffab03c5000 	C:\windows\System32\combase.dll
0x00007ffaae280000 - 0x00007ffaae2af000 	C:\windows\SYSTEM32\Wldp.dll
0x00007ffab06b0000 - 0x00007ffab077d000 	C:\windows\System32\OLEAUT32.dll
0x00007ffaafc50000 - 0x00007ffaafcfd000 	C:\windows\System32\SHCORE.dll
0x00007ffaafad0000 - 0x00007ffaafb25000 	C:\windows\System32\shlwapi.dll
0x00007ffaae850000 - 0x00007ffaae874000 	C:\windows\SYSTEM32\profapi.dll
0x00007ffaa2390000 - 0x00007ffaa23a8000 	C:\Users\Ezemati14\Desktop\Java\jdk-17.0.12\bin\zip.dll
0x00007ffaa67b0000 - 0x00007ffaa67c9000 	C:\Users\Ezemati14\Desktop\Java\jdk-17.0.12\bin\net.dll
0x00007ffaa5d20000 - 0x00007ffaa5e2d000 	C:\windows\SYSTEM32\WINHTTP.dll
0x00007ffaadfc0000 - 0x00007ffaae02a000 	C:\windows\system32\mswsock.dll
0x00007ffaa4a30000 - 0x00007ffaa4a46000 	C:\Users\Ezemati14\Desktop\Java\jdk-17.0.12\bin\nio.dll
0x00007ffa90500000 - 0x00007ffa9051a000 	C:\Program Files\JetBrains\IntelliJ IDEA 2024.3.1\bin\breakgen64.dll
0x00007ffaadce0000 - 0x00007ffaaddaa000 	C:\windows\SYSTEM32\DNSAPI.dll
0x00007ffaadca0000 - 0x00007ffaadcdb000 	C:\windows\SYSTEM32\IPHLPAPI.DLL
0x00007ffaafac0000 - 0x00007ffaafac8000 	C:\windows\System32\NSI.dll
0x00007ffaa7070000 - 0x00007ffaa707a000 	C:\Windows\System32\rasadhlp.dll
0x00007ffaa1210000 - 0x00007ffaa1290000 	C:\windows\System32\fwpuclnt.dll
0x00007ffa95ae0000 - 0x00007ffa95aea000 	C:\Users\Ezemati14\Desktop\Java\jdk-17.0.12\bin\management.dll
0x00007ffa95a70000 - 0x00007ffa95a7b000 	C:\Users\Ezemati14\Desktop\Java\jdk-17.0.12\bin\management_ext.dll
0x00007ffaae1e0000 - 0x00007ffaae1f8000 	C:\windows\SYSTEM32\CRYPTSP.dll
0x00007ffaad8c0000 - 0x00007ffaad8f4000 	C:\windows\system32\rsaenh.dll
0x00007ffaae810000 - 0x00007ffaae83e000 	C:\windows\SYSTEM32\USERENV.dll
0x00007ffaae1d0000 - 0x00007ffaae1dc000 	C:\windows\SYSTEM32\CRYPTBASE.dll
0x00007ffaa7fb0000 - 0x00007ffaa7fc7000 	C:\windows\SYSTEM32\dhcpcsvc6.DLL
0x00007ffaa7f90000 - 0x00007ffaa7fad000 	C:\windows\SYSTEM32\dhcpcsvc.DLL
0x00007ffa93240000 - 0x00007ffa93257000 	C:\windows\system32\napinsp.dll
0x00007ffa92fc0000 - 0x00007ffa92fdb000 	C:\windows\system32\pnrpnsp.dll
0x00007ffaab0f0000 - 0x00007ffaab105000 	C:\windows\system32\wshbth.dll
0x00007ffaa9dd0000 - 0x00007ffaa9ded000 	C:\windows\system32\NLAapi.dll
0x00007ffa92fa0000 - 0x00007ffa92fb2000 	C:\windows\System32\winrnr.dll
0x00007ffa978f0000 - 0x00007ffa97941000 	C:\windows\SYSTEM32\pdh.dll
0x00007ffaabf40000 - 0x00007ffaabf4f000 	C:\windows\System32\perfproc.dll
0x00007ffa90160000 - 0x00007ffa9016f000 	C:\windows\System32\perfos.dll
0x00007ffaa6cf0000 - 0x00007ffaa6cfe000 	C:\Users\Ezemati14\Desktop\Java\jdk-17.0.12\bin\sunmscapi.dll
0x00007ffaaeef0000 - 0x00007ffaaf04c000 	C:\windows\System32\CRYPT32.dll
0x00007ffaae2f0000 - 0x00007ffaae317000 	C:\windows\SYSTEM32\ncrypt.dll
0x00007ffaae2b0000 - 0x00007ffaae2eb000 	C:\windows\SYSTEM32\NTASN1.dll
0x00007ffa90170000 - 0x00007ffa90180000 	C:\Users\Ezemati14\Desktop\Java\jdk-17.0.12\bin\verify.dll
0x00007ffa81df0000 - 0x00007ffa81df7000 	C:\windows\system32\wshunix.dll

dbghelp: loaded successfully - version: 4.0.5 - missing functions: none
symbol engine: initialized successfully - sym options: 0x614 - pdb path: .;C:\Users\Ezemati14\Desktop\Java\jdk-17.0.12\bin;C:\windows\SYSTEM32;C:\windows\WinSxS\amd64_microsoft.windows.common-controls_6595b64144ccf1df_6.0.19041.4355_none_60b8b9eb71f62e16;C:\Users\Ezemati14\Desktop\Java\jdk-17.0.12\bin\server;C:\Program Files\JetBrains\IntelliJ IDEA 2024.3.1\bin

VM Arguments:
jvm_args: -javaagent:C:\Program Files\JetBrains\IntelliJ IDEA 2024.3.1\lib\idea_rt.jar=52752:C:\Program Files\JetBrains\IntelliJ IDEA 2024.3.1\bin -Dfile.encoding=UTF-8 
java_command: org.emma.unit5.apimarketemma.ApiMarketEmmaApplication
java_class_path (initial): C:\Users\Ezemati14\Desktop\Acceso a Datos\Api-Market-emma\target\classes;C:\Users\Ezemati14\.m2\repository\org\springframework\boot\spring-boot-starter-data-jpa\3.4.1\spring-boot-starter-data-jpa-3.4.1.jar;C:\Users\Ezemati14\.m2\repository\org\springframework\boot\spring-boot-starter\3.4.1\spring-boot-starter-3.4.1.jar;C:\Users\Ezemati14\.m2\repository\org\springframework\boot\spring-boot-starter-logging\3.4.1\spring-boot-starter-logging-3.4.1.jar;C:\Users\Ezemati14\.m2\repository\ch\qos\logback\logback-classic\1.5.12\logback-classic-1.5.12.jar;C:\Users\Ezemati14\.m2\repository\ch\qos\logback\logback-core\1.5.12\logback-core-1.5.12.jar;C:\Users\Ezemati14\.m2\repository\org\apache\logging\log4j\log4j-to-slf4j\2.24.3\log4j-to-slf4j-2.24.3.jar;C:\Users\Ezemati14\.m2\repository\org\apache\logging\log4j\log4j-api\2.24.3\log4j-api-2.24.3.jar;C:\Users\Ezemati14\.m2\repository\org\slf4j\jul-to-slf4j\2.0.16\jul-to-slf4j-2.0.16.jar;C:\Users\Ezemati14\.m2\repository\jakarta\annotation\jakarta.annotation-api\2.1.1\jakarta.annotation-api-2.1.1.jar;C:\Users\Ezemati14\.m2\repository\org\yaml\snakeyaml\2.3\snakeyaml-2.3.jar;C:\Users\Ezemati14\.m2\repository\org\springframework\boot\spring-boot-starter-jdbc\3.4.1\spring-boot-starter-jdbc-3.4.1.jar;C:\Users\Ezemati14\.m2\repository\com\zaxxer\HikariCP\5.1.0\HikariCP-5.1.0.jar;C:\Users\Ezemati14\.m2\repository\org\springframework\spring-jdbc\6.2.1\spring-jdbc-6.2.1.jar;C:\Users\Ezemati14\.m2\repository\org\springframework\data\spring-data-jpa\3.4.1\spring-data-jpa-3.4.1.jar;C:\Users\Ezemati14\.m2\repository\org\springframework\data\spring-data-commons\3.4.1\spring-data-commons-3.4.1.jar;C:\Users\Ezemati14\.m2\repository\org\springframework\spring-orm\6.2.1\spring-orm-6.2.1.jar;C:\Users\Ezemati14\.m2\repository\org\springframework\spring-context\6.2.1\spring-context-6.2.1.jar;C:\Users\Ezemati14\.m2\repository\org\springframework\spring-tx\6.2.1\spring-tx-6.2.1.jar;C:\Users\Ezemati14\.m2\repository\org\sprin
Launcher Type: SUN_STANDARD

[Global flags]
     intx CICompilerCount                          = 4                                         {product} {ergonomic}
     uint ConcGCThreads                            = 2                                         {product} {ergonomic}
     uint G1ConcRefinementThreads                  = 8                                         {product} {ergonomic}
   size_t G1HeapRegionSize                         = 1048576                                   {product} {ergonomic}
    uintx GCDrainStackTargetSize                   = 64                                        {product} {ergonomic}
   size_t InitialHeapSize                          = 100663296                                 {product} {ergonomic}
   size_t MarkStackSize                            = 4194304                                   {product} {ergonomic}
   size_t MaxHeapSize                              = 1589641216                                {product} {ergonomic}
   size_t MaxNewSize                               = 953155584                                 {product} {ergonomic}
   size_t MinHeapDeltaBytes                        = 1048576                                   {product} {ergonomic}
   size_t MinHeapSize                              = 8388608                                   {product} {ergonomic}
    uintx NonNMethodCodeHeapSize                   = 5839372                                {pd product} {ergonomic}
    uintx NonProfiledCodeHeapSize                  = 122909434                              {pd product} {ergonomic}
    uintx ProfiledCodeHeapSize                     = 122909434                              {pd product} {ergonomic}
    uintx ReservedCodeCacheSize                    = 251658240                              {pd product} {ergonomic}
     bool SegmentedCodeCache                       = true                                      {product} {ergonomic}
   size_t SoftMaxHeapSize                          = 1589641216                             {manageable} {ergonomic}
     bool UseCompressedClassPointers               = true                           {product lp64_product} {ergonomic}
     bool UseCompressedOops                        = true                           {product lp64_product} {ergonomic}
     bool UseG1GC                                  = true                                      {product} {ergonomic}
     bool UseLargePagesIndividualAllocation        = false                                  {pd product} {ergonomic}

Logging:
Log output configuration:
 #0: stdout all=warning uptime,level,tags
 #1: stderr all=off uptime,level,tags

Environment Variables:
JAVA_HOME=C:\Users\Ezemati14\Desktop\Java\jdk-17.0.12
PATH=C:\windows\system32;C:\windows;C:\windows\System32\Wbem;C:\windows\System32\WindowsPowerShell\v1.0\;C:\windows\System32\OpenSSH\;C:\ProgramData\chocolatey\bin;c:\Program Files (x86)\Microsoft SQL Server\100\Tools\Binn\;c:\Program Files\Microsoft SQL Server\100\Tools\Binn\;c:\Program Files\Microsoft SQL Server\100\DTS\Binn\;C:\Program Files (x86)\Microsoft SQL Server\160\Tools\Binn\;C:\Program Files\Microsoft SQL Server\160\Tools\Binn\;C:\Program Files\Microsoft SQL Server\Client SDK\ODBC\170\Tools\Binn\;C:\Program Files\Microsoft SQL Server\160\DTS\Binn\;C:\Program Files\dotnet\;C:\xampp\php;C:\php;C:\xampp\mysql\bin;C:\ProgramData\ComposerSetup\bin;C:\Program Files\nodejs\;C:\Program Files\AutoFirma\AutoFirma;C:\Program Files\Git\cmd;C:\dev\flutter\bin;C:\Program Files\OpenSSL-Win64\bin;C:\Users\Ezemati14\.dotnet\tools;C:\Program Files\Azure Data Studio\bin;C:\Program Files\Azure Data Studio\bin;C:\Users\Ezemati14\AppData\Roaming\Composer\vendor\bin;C:\Users\Ezemati14\AppData\Roaming\npm;C:\Users\Ezemati14\Desktop\Java\jdk-17.0.12\bin;C:\Users\Ezemati14\.dotnet\tools;C:\Users\Ezemati14\AppData\Local\Programs\Microsoft VS Code\bin;C:\dev\flutter\bin;C:\Users\Ezemati14\flutter\bin
USERNAME=Ezemati14
OS=Windows_NT
PROCESSOR_IDENTIFIER=AMD64 Family 23 Model 24 Stepping 1, AuthenticAMD



---------------  S Y S T E M  ---------------

OS:
 Windows 10 , 64 bit Build 19041 (10.0.19041.5198)
OS uptime: 0 days 7:25 hours
Hyper-V role detected

CPU: total 8 (initial active 8) (8 cores per cpu, 2 threads per core) family 23 model 24 stepping 1 microcode 0x0, cx8, cmov, fxsr, ht, mmx, 3dnowpref, sse, sse2, sse3, ssse3, sse4a, sse4.1, sse4.2, popcnt, lzcnt, tsc, tscinvbit, avx, avx2, aes, clmul, bmi1, bmi2, adx, sha, fma, vzeroupper, clflush, clflushopt, hv

Memory: 4k page, system-wide physical 6060M (400M free)
TotalPageFile size 12191M (AvailPageFile size 3M)
current process WorkingSet (physical memory assigned to process): 341M, peak: 388M
current process commit charge ("private bytes"): 504M, peak: 658M

vm_info: Java HotSpot(TM) 64-Bit Server VM (17.0.12+8-LTS-286) for windows-amd64 JRE (17.0.12+8-LTS-286), built on Jun  5 2024 06:46:59 by "mach5one" with MS VC++ 17.6 (VS2022)

END.
